2022-06-21 00:00:32,889 DEBUG    root            Loaded Command Group: ['gcloud', 'config']
2022-06-21 00:00:32,890 DEBUG    root            Loaded Command Group: ['gcloud', 'config', 'config_helper']
2022-06-21 00:00:32,891 DEBUG    root            Running [gcloud.config.config-helper] with arguments: [--format: "json"]
2022-06-21 00:00:32,894 INFO     root            Display format: "default json"
2022-06-21 00:00:32,894 INFO     ___FILE_ONLY___ {
  "configuration": {
    "active_configuration": "default",
    "properties": {
      "core": {
        "account": "robert@twingate.com",
        "disable_usage_reporting": "True"
      }
    }
  },
  "credential": {
    "access_token": "ya29.a0ARrdaM_CYv8nXLM3DrMIXrMb5QmrQIphpU7jucxyd-FEGGKpWmu6-qtDRyA2XKMediq3cZ16Eq9eypxa3aqJszjjCNJjc8uqeB9L9LikoaDYnn0Bnm6FK_y3dVB7-5obhS1HLW3SrIZkj1FhUuPzvW6TkIZCMFQLKEhMhA",
    "id_token": "eyJhbGciOiJSUzI1NiIsImtpZCI6IjJiMDllNzQ0ZDU4Yzk5NTVkNGYyNDBiNmE5MmY3YjM3ZmVhZDJmZjgiLCJ0eXAiOiJKV1QifQ.eyJpc3MiOiJodHRwczovL2FjY291bnRzLmdvb2dsZS5jb20iLCJhenAiOiIzMjU1NTk0MDU1OS5hcHBzLmdvb2dsZXVzZXJjb250ZW50LmNvbSIsImF1ZCI6IjMyNTU1OTQwNTU5LmFwcHMuZ29vZ2xldXNlcmNvbnRlbnQuY29tIiwic3ViIjoiMTE2MjkyNTA3MTI2MTE3NTk2NjM1IiwiaGQiOiJ0d2luZ2F0ZS5jb20iLCJlbWFpbCI6InJvYmVydEB0d2luZ2F0ZS5jb20iLCJlbWFpbF92ZXJpZmllZCI6dHJ1ZSwiYXRfaGFzaCI6IkQyMzF1QVBnRkM5Y0k0ZFhYbFVHZmciLCJpYXQiOjE2NTU3OTM5NDgsImV4cCI6MTY1NTc5NzU0OH0.H7I4wxYQLb3bMY9O3xsagfTqmPbN_S1OfJkmK3CiCYzZ4PqQ4hDQP4uGzviQ8zUxn3qDVSzH0t6IKSzY6yyShGENhooN3JZb8cH7ZBzp2i1ktndXaeoyUezecZLpFmEYA3rHRDeU8YK8091wdSq6G0qPAGQo_oVQQRc5X_PrL8M_ypBLDJdx3xAU-nzZ4modlcLOyJMR3hmzKrOmquw2jEUAmv-NABFzCH6wC8ffFA9tgMauK9Z9VuajDJbxxqbtZzcklyPX7qdT2joLowXe021ESsMCij5aDLEbNrAWldGGTM7egTAr1R6eXY5AUBqcsMk3CiP_boFKizEReo_pyg",
    "token_expiry": "2022-06-21T07:45:47Z"
  },
  "sentinels": {
    "config_sentinel": "/Users/rojo/.config/gcloud/config_sentinel"
  }
}
2022-06-21 00:00:32,894 INFO     ___FILE_ONLY___ 

