2022-06-21 02:38:17,856 DEBUG    root            Loaded Command Group: ['gcloud', 'config']
2022-06-21 02:38:17,858 DEBUG    root            Loaded Command Group: ['gcloud', 'config', 'config_helper']
2022-06-21 02:38:17,876 DEBUG    root            Running [gcloud.config.config-helper] with arguments: [--format: "json"]
2022-06-21 02:38:17,881 INFO     root            Display format: "default json"
2022-06-21 02:38:17,900 INFO     ___FILE_ONLY___ {
  "configuration": {
    "active_configuration": "default",
    "properties": {
      "core": {
        "account": "robert@twingate.com",
        "disable_usage_reporting": "True"
      }
    }
  },
  "credential": {
    "access_token": "ya29.a0ARrdaM9sK3KbukhjLIQtIOWroW3fRtOqkvi4kPsP8Kq9FPHq88oqMPHcRdlR-bwh477dQqOZanYvvly9U8UecbWwCTaH-IYGVmDca0SyHkXbDQcjhHk-ISPay--82_Pm_rlhQxMTM6pheO86PX9szWBdxoEMXFBxOsmfgA",
    "id_token": "eyJhbGciOiJSUzI1NiIsImtpZCI6IjJiMDllNzQ0ZDU4Yzk5NTVkNGYyNDBiNmE5MmY3YjM3ZmVhZDJmZjgiLCJ0eXAiOiJKV1QifQ.eyJpc3MiOiJodHRwczovL2FjY291bnRzLmdvb2dsZS5jb20iLCJhenAiOiIzMjU1NTk0MDU1OS5hcHBzLmdvb2dsZXVzZXJjb250ZW50LmNvbSIsImF1ZCI6IjMyNTU1OTQwNTU5LmFwcHMuZ29vZ2xldXNlcmNvbnRlbnQuY29tIiwic3ViIjoiMTE2MjkyNTA3MTI2MTE3NTk2NjM1IiwiaGQiOiJ0d2luZ2F0ZS5jb20iLCJlbWFpbCI6InJvYmVydEB0d2luZ2F0ZS5jb20iLCJlbWFpbF92ZXJpZmllZCI6dHJ1ZSwiYXRfaGFzaCI6ImhZZ2ZTdTVaR05FM241VW1ESDktZXciLCJpYXQiOjE2NTU4MDM4NzgsImV4cCI6MTY1NTgwNzQ3OH0.mdW_2sP9b-eGCGMWZgUOzGanCCOzuAS6WSAROYqmuU9v3006bsOVeOa7WI10jENRYNw6Ezuuxnl0l_R1Voh2SPA23-jijoko30NycWW0j5Fo-Xe4w308YglAD_Xf6139sjdoO0st_xI80Eh8NDX9rDv_mGWEzUPls-863P5HMJpfleDiSP-sNUVpXZt4wmBy0CcKqBBW1Yi2R3DaH-JkALW1b0ea1RsUGq5fzl-w27FxDzjWzYlySQSgHC-BOd9fM3iNgMyb_vvzaeThfxSfcL5xTN6ZkeEaRj8BCR60vtvhp1MKRolUe-XV8t__GzVt7-CbtWYZ0ZycJH8KtidiQA",
    "token_expiry": "2022-06-21T10:31:17Z"
  },
  "sentinels": {
    "config_sentinel": "/Users/rojo/.config/gcloud/config_sentinel"
  }
}
2022-06-21 02:38:17,900 INFO     ___FILE_ONLY___ 

