2022-06-21 04:55:21,591 DEBUG    root            Loaded Command Group: ['gcloud', 'config']
2022-06-21 04:55:21,592 DEBUG    root            Loaded Command Group: ['gcloud', 'config', 'config_helper']
2022-06-21 04:55:21,593 DEBUG    root            Running [gcloud.config.config-helper] with arguments: [--format: "json"]
2022-06-21 04:55:21,597 INFO     root            Display format: "default json"
2022-06-21 04:55:21,597 INFO     ___FILE_ONLY___ {
  "configuration": {
    "active_configuration": "default",
    "properties": {
      "core": {
        "account": "robert@twingate.com",
        "disable_usage_reporting": "True"
      }
    }
  },
  "credential": {
    "access_token": "ya29.a0ARrdaM9st9vXHP3ZiERQjdd8BjP4CY9YgDj4xKXnJgeQBF2-mI5el2bfpC-HLGx9aEWaO2oGISMAF0SlA0756e3LFXrCHJq0zkt4nhQurn9iIoB2Zro31pUZ2B1cnSRR4heneiGyFY57xbCELD4f57BI7TuZXisybvQneA",
    "id_token": "eyJhbGciOiJSUzI1NiIsImtpZCI6IjJiMDllNzQ0ZDU4Yzk5NTVkNGYyNDBiNmE5MmY3YjM3ZmVhZDJmZjgiLCJ0eXAiOiJKV1QifQ.eyJpc3MiOiJodHRwczovL2FjY291bnRzLmdvb2dsZS5jb20iLCJhenAiOiIzMjU1NTk0MDU1OS5hcHBzLmdvb2dsZXVzZXJjb250ZW50LmNvbSIsImF1ZCI6IjMyNTU1OTQwNTU5LmFwcHMuZ29vZ2xldXNlcmNvbnRlbnQuY29tIiwic3ViIjoiMTE2MjkyNTA3MTI2MTE3NTk2NjM1IiwiaGQiOiJ0d2luZ2F0ZS5jb20iLCJlbWFpbCI6InJvYmVydEB0d2luZ2F0ZS5jb20iLCJlbWFpbF92ZXJpZmllZCI6dHJ1ZSwiYXRfaGFzaCI6ImJOb0d0N3Fpekc3a0ZwN2h5RWdtc0EiLCJpYXQiOjE2NTU4MTA0OTQsImV4cCI6MTY1NTgxNDA5NH0.AjJyrpJd-fmkCm1sAXK5PBm6fsKflU9yeSVTfnsa8AlaVL-6jjFsrmEgrLG-KJGqCd-GVet5er95rZXY7BM-sAcwiAsQLFWllPkVZhu4kw4F9zdBGHyNBPanmaSQ5Yu4a-d2Y33wk80fFL6ueo2NendjLhB3l8X_w0viNgVT8SuGX5EoOs-mI9K_16hUfi6RkUOl1Xao0AVixPUHXV59Ge6EpQ_Aik97XmNmR5-5BX8W6kM3SQoBJc_z2jbdgLM0GOOxwt-g7QZ6BTzPZtl_9zxzKAscJCKp1C9rHLGlL3dYinnBcEUStgcD-JgNvoKDhqS4lX-6BLv_tuCZ-09YCw",
    "token_expiry": "2022-06-21T12:21:33Z"
  },
  "sentinels": {
    "config_sentinel": "/Users/rojo/.config/gcloud/config_sentinel"
  }
}
2022-06-21 04:55:21,597 INFO     ___FILE_ONLY___ 

