2022-06-21 05:23:14,901 DEBUG    root            Loaded Command Group: ['gcloud', 'config']
2022-06-21 05:23:14,902 DEBUG    root            Loaded Command Group: ['gcloud', 'config', 'config_helper']
2022-06-21 05:23:14,903 DEBUG    root            Running [gcloud.config.config-helper] with arguments: [--format: "json"]
2022-06-21 05:23:14,982 INFO     root            Display format: "default json"
2022-06-21 05:23:14,982 INFO     ___FILE_ONLY___ {
  "configuration": {
    "active_configuration": "default",
    "properties": {
      "core": {
        "account": "robert@twingate.com",
        "disable_usage_reporting": "True"
      }
    }
  },
  "credential": {
    "access_token": "ya29.a0ARrdaM9ibwuFHXabwgBYzj6JbLUDYIi-sv7wDz0hyXthkLNqzSNPJgg2CgRRqSBmBder3_tBKgBRvnVC1qqprefGySERZZRCVrJ8i1PB1kZuB5eo80V2ToIrbJ9XWq3sZ1M6ZX9WgZUQslC2_oEMq-zfjiWZVtScleW3Zg",
    "id_token": "eyJhbGciOiJSUzI1NiIsImtpZCI6IjJiMDllNzQ0ZDU4Yzk5NTVkNGYyNDBiNmE5MmY3YjM3ZmVhZDJmZjgiLCJ0eXAiOiJKV1QifQ.eyJpc3MiOiJodHRwczovL2FjY291bnRzLmdvb2dsZS5jb20iLCJhenAiOiIzMjU1NTk0MDU1OS5hcHBzLmdvb2dsZXVzZXJjb250ZW50LmNvbSIsImF1ZCI6IjMyNTU1OTQwNTU5LmFwcHMuZ29vZ2xldXNlcmNvbnRlbnQuY29tIiwic3ViIjoiMTE2MjkyNTA3MTI2MTE3NTk2NjM1IiwiaGQiOiJ0d2luZ2F0ZS5jb20iLCJlbWFpbCI6InJvYmVydEB0d2luZ2F0ZS5jb20iLCJlbWFpbF92ZXJpZmllZCI6dHJ1ZSwiYXRfaGFzaCI6Inc2ZUNYa0YzWFB2TDI1Vm9zQXlTR3ciLCJpYXQiOjE2NTU4MTM4MDUsImV4cCI6MTY1NTgxNzQwNX0.Ii3gz4hEv-8qDRh3puvV_auRlCcR6K2rSGQ_UYM37DutfwY-SgF9FqES_nkA1fRtv1VV8grmjAbJfPutMUQBEmNgFf_XbJyi3Ify-byYFxRsu2SsI0ACs2xSO7RD27aoqzPLMOLGdLuts9i8pjor5NWQMa_deXu4T3fC5LfBgaB5t9CqQ2sK-dq3iiWHDMHz7Pl5GPzxankoZY0x9KInCcmSav9FSKsOa3Dh-5VcmI1SfUE0p9fZmyMa-q53MHSaDlkLU5T5c1xMgSaNmrDbt9Xa19STi2BejJaydVwuCRbcUUIE4nbEgKkR05Sf1OtdIazVW2BTPBV-75asMQlJuA",
    "token_expiry": "2022-06-21T13:16:44Z"
  },
  "sentinels": {
    "config_sentinel": "/Users/rojo/.config/gcloud/config_sentinel"
  }
}
2022-06-21 05:23:14,982 INFO     ___FILE_ONLY___ 

