2022-06-21 06:53:11,469 DEBUG    root            Loaded Command Group: ['gcloud', 'config']
2022-06-21 06:53:11,470 DEBUG    root            Loaded Command Group: ['gcloud', 'config', 'config_helper']
2022-06-21 06:53:11,471 DEBUG    root            Running [gcloud.config.config-helper] with arguments: [--format: "json"]
2022-06-21 06:53:11,474 INFO     root            Display format: "default json"
2022-06-21 06:53:11,475 INFO     ___FILE_ONLY___ {
  "configuration": {
    "active_configuration": "default",
    "properties": {
      "core": {
        "account": "robert@twingate.com",
        "disable_usage_reporting": "True"
      }
    }
  },
  "credential": {
    "access_token": "ya29.a0ARrdaM_g1RHBZDD9RB9nnvKwrbgQxCkjzu1YHPUEtD7KAXNs67DxNy4tUc5vg_YuPFGMmKO_JXJEB0YDUsrmaadF9WSgrNM84mmGbGdQIRWCyoewmLqzaIZhS2-HAHwG_ls08IsD0oviZs_S4wLoNggfTWP-HOKukIn3FA",
    "id_token": "eyJhbGciOiJSUzI1NiIsImtpZCI6IjJiMDllNzQ0ZDU4Yzk5NTVkNGYyNDBiNmE5MmY3YjM3ZmVhZDJmZjgiLCJ0eXAiOiJKV1QifQ.eyJpc3MiOiJodHRwczovL2FjY291bnRzLmdvb2dsZS5jb20iLCJhenAiOiIzMjU1NTk0MDU1OS5hcHBzLmdvb2dsZXVzZXJjb250ZW50LmNvbSIsImF1ZCI6IjMyNTU1OTQwNTU5LmFwcHMuZ29vZ2xldXNlcmNvbnRlbnQuY29tIiwic3ViIjoiMTE2MjkyNTA3MTI2MTE3NTk2NjM1IiwiaGQiOiJ0d2luZ2F0ZS5jb20iLCJlbWFpbCI6InJvYmVydEB0d2luZ2F0ZS5jb20iLCJlbWFpbF92ZXJpZmllZCI6dHJ1ZSwiYXRfaGFzaCI6IjNva3RrUnBkYW4zVlRNejBxc0VkZ0EiLCJpYXQiOjE2NTU4MTcxMTcsImV4cCI6MTY1NTgyMDcxN30.HFifjWicn9CO0_rqchDsuIlHFMJrXxw-olI7XriyaBT_FZGuGWi5wsFMbADernrsUHxUbubV0Oo43UMvth5gIScYcP8_tdSOhmlJ31_iAKWEwFqmevayWYQRSv5y7Ua50fRouBnHv3ma2JkDJVdcppLcY0lEPznrPkAKI9sDkPTyrfSjGADFD0QMwMQeIBL4bUvfbwXkCOgCh2-0KZq4aSBwX1v0-3BOgFeVcGLeXdbkTxPW7n0dDC8GkFFOaemdyVJgvzNaOxWf4Z293idNBxvrP9hMzkdaBRSWsJA_r9q2JtrrVa4xji3bAn5OF82hMO5o4rhX98Q5E-ixqZhI7A",
    "token_expiry": "2022-06-21T14:11:56Z"
  },
  "sentinels": {
    "config_sentinel": "/Users/rojo/.config/gcloud/config_sentinel"
  }
}
2022-06-21 06:53:11,475 INFO     ___FILE_ONLY___ 

