2022-06-21 07:21:02,353 DEBUG    root            Loaded Command Group: ['gcloud', 'config']
2022-06-21 07:21:02,354 DEBUG    root            Loaded Command Group: ['gcloud', 'config', 'config_helper']
2022-06-21 07:21:02,355 DEBUG    root            Running [gcloud.config.config-helper] with arguments: [--format: "json"]
2022-06-21 07:21:02,358 INFO     root            Display format: "default json"
2022-06-21 07:21:02,359 INFO     ___FILE_ONLY___ {
  "configuration": {
    "active_configuration": "default",
    "properties": {
      "core": {
        "account": "robert@twingate.com",
        "disable_usage_reporting": "True"
      }
    }
  },
  "credential": {
    "access_token": "ya29.A0ARrdaM8qhRt6VYVC0qdc7X-b0m8p6snMGI7-m5zNGBTPY2qE86gtVk1_E5k6IapX-6jjvC9vkhdimzbcuPA-_D1kdQHgdi7BmRLM2DpnY5lzXLs0ueiDe0AcRtk-5rKOU5yULaYM0-b5B6HQPRZP52EUR9JXQPsTnHjnaQYUNnWUtBVEFTQVRBU0ZRRl91NjFWRmNzeFFVOVhNMHhXRF9IYkR5NFBKQQ0173",
    "id_token": "eyJhbGciOiJSUzI1NiIsImtpZCI6IjJiMDllNzQ0ZDU4Yzk5NTVkNGYyNDBiNmE5MmY3YjM3ZmVhZDJmZjgiLCJ0eXAiOiJKV1QifQ.eyJpc3MiOiJodHRwczovL2FjY291bnRzLmdvb2dsZS5jb20iLCJhenAiOiIzMjU1NTk0MDU1OS5hcHBzLmdvb2dsZXVzZXJjb250ZW50LmNvbSIsImF1ZCI6IjMyNTU1OTQwNTU5LmFwcHMuZ29vZ2xldXNlcmNvbnRlbnQuY29tIiwic3ViIjoiMTE2MjkyNTA3MTI2MTE3NTk2NjM1IiwiaGQiOiJ0d2luZ2F0ZS5jb20iLCJlbWFpbCI6InJvYmVydEB0d2luZ2F0ZS5jb20iLCJlbWFpbF92ZXJpZmllZCI6dHJ1ZSwiYXRfaGFzaCI6IlpJR09kQ1ZRQ2pyVU1lb1ZHOVZOZVEiLCJpYXQiOjE2NTU4MjA0MjcsImV4cCI6MTY1NTgyNDAyN30.f4BVPG_h-SrUQ4oCpMYmyFLwbHGb9W_q8swg2wbLCm_Aqfn9_pMHlPBzNKe3Kkcy1OQHEFtny7A6WA__BpkPwc7bf151sHjwggaWoerHGkbfK-cdjen9h7MxOm8dpYUcCSD8SQmqOipVB5nO0orWI5p9b8bvt8tqI-ZNzP6hwugOIPuESfsnmKL7UxIKblm06bQAwYBTffv6aMif8JhAhcWuCHJmZNpEuYSHt-_DaYyC4Ehx_g9U-kK6oEyz-A7BGVooTpp-jBWj3RgDb2CxcNMZS_lsKUEVSHOqJvmTnq76S0jrgB3MHiYEg_HPE8LQIHx9ebEeIsAviZwQa9_scA",
    "token_expiry": "2022-06-21T15:07:06Z"
  },
  "sentinels": {
    "config_sentinel": "/Users/rojo/.config/gcloud/config_sentinel"
  }
}
2022-06-21 07:21:02,359 INFO     ___FILE_ONLY___ 

