2022-06-21 09:04:22,344 DEBUG    root            Loaded Command Group: ['gcloud', 'config']
2022-06-21 09:04:22,345 DEBUG    root            Loaded Command Group: ['gcloud', 'config', 'config_helper']
2022-06-21 09:04:22,346 DEBUG    root            Running [gcloud.config.config-helper] with arguments: [--format: "json"]
2022-06-21 09:04:22,349 INFO     root            Display format: "default json"
2022-06-21 09:04:22,349 INFO     ___FILE_ONLY___ {
  "configuration": {
    "active_configuration": "default",
    "properties": {
      "core": {
        "account": "robert@twingate.com",
        "disable_usage_reporting": "True"
      }
    }
  },
  "credential": {
    "access_token": "ya29.a0ARrdaM-mwyVC8vRpFTA1E4QDi9B-j63OzRyxTEnfcNUmFHLNmqcjQWOq1Kkdjz-IPTUTUQIx4CtdLFx8Xx0x1dn7VzBGGxpImnME4DEz6IoLmQZf66kcrS8FffeMQimGWkmHXuwCLrGybH7cIQURrf-h0d6i23h2N8POuA",
    "id_token": "eyJhbGciOiJSUzI1NiIsImtpZCI6IjJiMDllNzQ0ZDU4Yzk5NTVkNGYyNDBiNmE5MmY3YjM3ZmVhZDJmZjgiLCJ0eXAiOiJKV1QifQ.eyJpc3MiOiJodHRwczovL2FjY291bnRzLmdvb2dsZS5jb20iLCJhenAiOiIzMjU1NTk0MDU1OS5hcHBzLmdvb2dsZXVzZXJjb250ZW50LmNvbSIsImF1ZCI6IjMyNTU1OTQwNTU5LmFwcHMuZ29vZ2xldXNlcmNvbnRlbnQuY29tIiwic3ViIjoiMTE2MjkyNTA3MTI2MTE3NTk2NjM1IiwiaGQiOiJ0d2luZ2F0ZS5jb20iLCJlbWFpbCI6InJvYmVydEB0d2luZ2F0ZS5jb20iLCJlbWFpbF92ZXJpZmllZCI6dHJ1ZSwiYXRfaGFzaCI6Iktyck1JOEliX1ZOVUdicHhFUzJjUXciLCJpYXQiOjE2NTU4MjcwNTAsImV4cCI6MTY1NTgzMDY1MH0.e1JwgYYTg02jxRzJp_7ZhjJsaCVdPbaj2iwwL3j_xQUT0hKJfokjUaaFI_y3eog0WMAZWn4-JmPVuKQkZTZTlRF6EWpW6K4hmBp3avJylssySP-GMIlQgTPJyuOEqcyBvIt946F_63GqzzkD0B4Eug99InmICN9jw6QmuZ1NJP6B-BTEfU1b6otWsJj_7VSrLSG7vs_rkIvZkuVpxu1rueF8FD-UiL9FbsSp8V5gx055GnEeV5tfpbT008crEJJvG21MnOa3KXSspXTOOwQgLauMKLVXM3iyKkaGW4lsPIsAX_XspMDeOSSGX9kS3ksCPmqo0eDyip56oqC1s2cNMA",
    "token_expiry": "2022-06-21T16:57:29Z"
  },
  "sentinels": {
    "config_sentinel": "/Users/rojo/.config/gcloud/config_sentinel"
  }
}
2022-06-21 09:04:22,350 INFO     ___FILE_ONLY___ 

