2022-06-21 10:53:50,674 DEBUG    root            Loaded Command Group: ['gcloud', 'config']
2022-06-21 10:53:50,675 DEBUG    root            Loaded Command Group: ['gcloud', 'config', 'config_helper']
2022-06-21 10:53:50,676 DEBUG    root            Running [gcloud.config.config-helper] with arguments: [--format: "json"]
2022-06-21 10:53:50,679 INFO     root            Display format: "default json"
2022-06-21 10:53:50,679 INFO     ___FILE_ONLY___ {
  "configuration": {
    "active_configuration": "default",
    "properties": {
      "core": {
        "account": "robert@twingate.com",
        "disable_usage_reporting": "True"
      }
    }
  },
  "credential": {
    "access_token": "ya29.A0ARrdaM9XeMqJ9HEokVZJcSxkavR-2A7E9PzJ3QyF6vqNs61PDO4Grug0eDbVBXPnqufZOFpCNzEd7gSuq02qftc1BXC0YEc7fbYtrzH9io4YurYbEILxvmJBPM6DVhAtmv41ajcGXUh-OW09GUcp_KN7qBpZ9fm_IDOUvAYUNnWUtBVEFTQVRBU0ZRRl91NjFWMUFoSG05dkxHOTlKWkVCM2FBaVVGQQ0173",
    "id_token": "eyJhbGciOiJSUzI1NiIsImtpZCI6IjJiMDllNzQ0ZDU4Yzk5NTVkNGYyNDBiNmE5MmY3YjM3ZmVhZDJmZjgiLCJ0eXAiOiJKV1QifQ.eyJpc3MiOiJodHRwczovL2FjY291bnRzLmdvb2dsZS5jb20iLCJhenAiOiIzMjU1NTk0MDU1OS5hcHBzLmdvb2dsZXVzZXJjb250ZW50LmNvbSIsImF1ZCI6IjMyNTU1OTQwNTU5LmFwcHMuZ29vZ2xldXNlcmNvbnRlbnQuY29tIiwic3ViIjoiMTE2MjkyNTA3MTI2MTE3NTk2NjM1IiwiaGQiOiJ0d2luZ2F0ZS5jb20iLCJlbWFpbCI6InJvYmVydEB0d2luZ2F0ZS5jb20iLCJlbWFpbF92ZXJpZmllZCI6dHJ1ZSwiYXRfaGFzaCI6InFZUUFrazUzbzJFQl9ack10eExXWHciLCJpYXQiOjE2NTU4MzM2NTUsImV4cCI6MTY1NTgzNzI1NX0.d41p2tfZWfIsqOH5W01aYXlZZkjEsQl9GnxhIuhmK1lr8iHIhwnRCSTiIgsCqftGcUWXVpF5uHBvgWtUhamM8cuUQFf2PO5mrlodw4LxiA7xtaz5F0cvRDYA-f07NdtSXPhMubIO_XuBSpSETjzF5WzQF_ARq2OA_97DcVHJ1aPT0CmN9gnAFhT9wBhTOYT7hBbeVNJX2a5BfZ8o_HMsqJjclJASfNZoecXcEFX7PaVLDr-wvoYjxhZDkJV2UFjxZ_jnF3b7dMJV2j-rFSlXX8VRvW8fBkaFNJ-P2Dsk6pGpAT6nrWHVWnNmvu3FvMvtoF87KTLlQvw1wwEHDEGJ8g",
    "token_expiry": "2022-06-21T18:47:34Z"
  },
  "sentinels": {
    "config_sentinel": "/Users/rojo/.config/gcloud/config_sentinel"
  }
}
2022-06-21 10:53:50,679 INFO     ___FILE_ONLY___ 

