2022-06-21 13:34:29,760 DEBUG    root            Loaded Command Group: ['gcloud', 'config']
2022-06-21 13:34:29,761 DEBUG    root            Loaded Command Group: ['gcloud', 'config', 'config_helper']
2022-06-21 13:34:29,762 DEBUG    root            Running [gcloud.config.config-helper] with arguments: [--format: "json"]
2022-06-21 13:34:29,766 INFO     root            Display format: "default json"
2022-06-21 13:34:29,766 INFO     ___FILE_ONLY___ {
  "configuration": {
    "active_configuration": "default",
    "properties": {
      "core": {
        "account": "robert@twingate.com",
        "disable_usage_reporting": "True"
      }
    }
  },
  "credential": {
    "access_token": "ya29.A0ARrdaM_wk3NQIcUiJo14WBMW9a3Rh6o6eTzODrz-sHGHbRNTKnZYC1ivHi-rXF6cRyxvIusBG5eLrX23X31P4zwz93bhVwFlwMOuvV4vBuPRQJytoXhKbqt2fgJWXZ7QWH6Va_lWhW67wKfrweSTH44-AUviMbFCXCHHAgYUNnWUtBVEFTQVRBU0ZRRl91NjFWMXluVVJ6SkZVeGJMU3ZrNXBPZ3NiZw0173",
    "id_token": "eyJhbGciOiJSUzI1NiIsImtpZCI6IjJiMDllNzQ0ZDU4Yzk5NTVkNGYyNDBiNmE5MmY3YjM3ZmVhZDJmZjgiLCJ0eXAiOiJKV1QifQ.eyJpc3MiOiJodHRwczovL2FjY291bnRzLmdvb2dsZS5jb20iLCJhenAiOiIzMjU1NTk0MDU1OS5hcHBzLmdvb2dsZXVzZXJjb250ZW50LmNvbSIsImF1ZCI6IjMyNTU1OTQwNTU5LmFwcHMuZ29vZ2xldXNlcmNvbnRlbnQuY29tIiwic3ViIjoiMTE2MjkyNTA3MTI2MTE3NTk2NjM1IiwiaGQiOiJ0d2luZ2F0ZS5jb20iLCJlbWFpbCI6InJvYmVydEB0d2luZ2F0ZS5jb20iLCJlbWFpbF92ZXJpZmllZCI6dHJ1ZSwiYXRfaGFzaCI6Imd6S0VIdGtrR0c2RGFnTV9xbnNVeEEiLCJpYXQiOjE2NTU4NDM1NzcsImV4cCI6MTY1NTg0NzE3N30.BvWBeoxNxH5xdlGjfw9A0h8RvDyxM8f20cz5Z3T7Brr3pQHfZ1Sv0rSxwqH6UkyxdvKzg2bpg9k6ln4z26WJtAKLVrnH6d9MCyq2wgihzFVAmyKRZmGE8n1shYY7fGPKvQswqlqUZP4qtMxmHNAoHpUZLOguo3xjFUYxmtcqgOZY40Gawmvdvihgk5g1p1URQ6OtKbSZZzSu-mpsqoJIbMewxnREkrejU0lMRD2HuHVH-1PkVwTUQf96JDEITYi6Rie0nDk10lp5Qqy75BbhNeaJ9C-INAYyTrennerM0RS6eT_cRs9KLlejMqwdDo6ONBbvyF2JFzJ7OsVGwRrT1w",
    "token_expiry": "2022-06-21T21:32:56Z"
  },
  "sentinels": {
    "config_sentinel": "/Users/rojo/.config/gcloud/config_sentinel"
  }
}
2022-06-21 13:34:29,766 INFO     ___FILE_ONLY___ 

