2022-06-21 13:32:56,804 DEBUG    root            Loaded Command Group: ['gcloud', 'config']
2022-06-21 13:32:56,806 DEBUG    root            Loaded Command Group: ['gcloud', 'config', 'config_helper']
2022-06-21 13:32:56,807 DEBUG    root            Running [gcloud.config.config-helper] with arguments: [--format: "json"]
2022-06-21 13:32:56,809 DEBUG    google.auth.transport.requests Making request: POST https://oauth2.googleapis.com/token
2022-06-21 13:32:56,830 DEBUG    urllib3.connectionpool Starting new HTTPS connection (1): oauth2.googleapis.com:443
2022-06-21 13:32:57,045 DEBUG    urllib3.connectionpool https://oauth2.googleapis.com:443 "POST /token HTTP/1.1" 200 None
2022-06-21 13:32:57,048 INFO     root            Display format: "default json"
2022-06-21 13:32:57,049 INFO     ___FILE_ONLY___ {
  "configuration": {
    "active_configuration": "default",
    "properties": {
      "core": {
        "account": "robert@twingate.com",
        "disable_usage_reporting": "True"
      }
    }
  },
  "credential": {
    "access_token": "ya29.A0ARrdaM8McVIaeZV_Ht9TD6hg_7YdCZJZ7cFTJ0-4vBg_QbMrDMzDpMLEpp1iWcm0iCJZfOolgaEJuvB41dYzctvdtMzpBS9wsRhQrVSFfabXKFkPKpnRNdlbG2qGdp1FIeKhMSu0qTN0VC-vo3avkVYWy4KxG3fdauoswQYUNnWUtBVEFTQVRBU0ZRRl91NjFWUnI4c0Y4YmxuZk9KQ1pqZ3ZaZlE3QQ0173",
    "id_token": "eyJhbGciOiJSUzI1NiIsImtpZCI6IjJiMDllNzQ0ZDU4Yzk5NTVkNGYyNDBiNmE5MmY3YjM3ZmVhZDJmZjgiLCJ0eXAiOiJKV1QifQ.eyJpc3MiOiJodHRwczovL2FjY291bnRzLmdvb2dsZS5jb20iLCJhenAiOiIzMjU1NTk0MDU1OS5hcHBzLmdvb2dsZXVzZXJjb250ZW50LmNvbSIsImF1ZCI6IjMyNTU1OTQwNTU5LmFwcHMuZ29vZ2xldXNlcmNvbnRlbnQuY29tIiwic3ViIjoiMTE2MjkyNTA3MTI2MTE3NTk2NjM1IiwiaGQiOiJ0d2luZ2F0ZS5jb20iLCJlbWFpbCI6InJvYmVydEB0d2luZ2F0ZS5jb20iLCJlbWFpbF92ZXJpZmllZCI6dHJ1ZSwiYXRfaGFzaCI6IkQzSDJtM3VLVUtrSWpVMTJfbWV6TWciLCJpYXQiOjE2NTU4NDM1NzcsImV4cCI6MTY1NTg0NzE3N30.ZnNeQiAAJWQ6TSz4MnF_v9kGzBZwqjjXVv6Ppb_V4IKHFrOhzFsowd0nBvcPnKEhW97hsEemZnkztF6pwo5WCKXUxTDAJqV46DTj2FlNkRueE454WdXB_Jj-2ysINjzI1gPmWArYBMGms5vvwoJ-l8BbK5KhH3Xx_5Wgdaba496pAl4u4kfMWXrDyozmaeG4OX23MaXsADiM_SJnixSa08vgbro_DPyFXdgBM47gK4IQKDYumI1v8phtoaWudljzeHCghpKejJkpxMB_EEFjAXv9U8cY962_HclTwenMZU3XLOKngeqCpaByeMDYMMF4vsV4YsKLi0hVySCG5qX49Q",
    "token_expiry": "2022-06-21T21:32:56Z"
  },
  "sentinels": {
    "config_sentinel": "/Users/rojo/.config/gcloud/config_sentinel"
  }
}
2022-06-21 13:32:57,049 INFO     ___FILE_ONLY___ 

