2022-06-21 15:29:46,213 DEBUG    root            Loaded Command Group: ['gcloud', 'config']
2022-06-21 15:29:46,214 DEBUG    root            Loaded Command Group: ['gcloud', 'config', 'config_helper']
2022-06-21 15:29:46,215 DEBUG    root            Running [gcloud.config.config-helper] with arguments: [--format: "json"]
2022-06-21 15:29:46,218 INFO     root            Display format: "default json"
2022-06-21 15:29:46,218 INFO     ___FILE_ONLY___ {
  "configuration": {
    "active_configuration": "default",
    "properties": {
      "core": {
        "account": "robert@twingate.com",
        "disable_usage_reporting": "True"
      }
    }
  },
  "credential": {
    "access_token": "ya29.a0ARrdaM8heTF1h9oZwo5DZj_NIuF64Lyvt7g0KUeWxI5KzvxQrCByqV4-tfxPqpEMt7GPYm1BGc016hoNDUS8awOSDYf284cUG2Sr6XVfEp86dDjr1DWl_fnbKBDzYCDg8oCJ3dBKuAc4H3bbHI8rIWpZrIgF4ETuTl4IpA",
    "id_token": "eyJhbGciOiJSUzI1NiIsImtpZCI6IjJiMDllNzQ0ZDU4Yzk5NTVkNGYyNDBiNmE5MmY3YjM3ZmVhZDJmZjgiLCJ0eXAiOiJKV1QifQ.eyJpc3MiOiJodHRwczovL2FjY291bnRzLmdvb2dsZS5jb20iLCJhenAiOiIzMjU1NTk0MDU1OS5hcHBzLmdvb2dsZXVzZXJjb250ZW50LmNvbSIsImF1ZCI6IjMyNTU1OTQwNTU5LmFwcHMuZ29vZ2xldXNlcmNvbnRlbnQuY29tIiwic3ViIjoiMTE2MjkyNTA3MTI2MTE3NTk2NjM1IiwiaGQiOiJ0d2luZ2F0ZS5jb20iLCJlbWFpbCI6InJvYmVydEB0d2luZ2F0ZS5jb20iLCJlbWFpbF92ZXJpZmllZCI6dHJ1ZSwiYXRfaGFzaCI6IkQ4ZDdZeXRBRGtGbFhKWG1IMi1JenciLCJpYXQiOjE2NTU4NTAxOTIsImV4cCI6MTY1NTg1Mzc5Mn0.flWq2UpVJe3qViEfpy3HEp04W5QYRSSTi4LIMJ4VwiAktjC-eqCQoYUffvsPU9ZGNkY4oVc9k5D-eUW--lrQCElSiR8V-jKmBwHLtJig1BASnmstr9M4kmK98G-hq_1OAkROnOJFqn76NCxExTk0Gdkdzx4ol_SykdGZbDZf9SxMVta2qnmhLAFMoKq7lu0VdXevUBPoO3kXZtC5mcd5NWDbNvVos-vx2T5M8wm60fdlB5N-XBLpvgO80Gc3dylRx7y9onXlyqAmb88z4IBIZ-LrR0CquIpGT0UrED3DPG9RcIzfizAl1DwA0fGs7A24jFhSNFTWggQ0ANkvOlVIKw",
    "token_expiry": "2022-06-21T23:23:11Z"
  },
  "sentinels": {
    "config_sentinel": "/Users/rojo/.config/gcloud/config_sentinel"
  }
}
2022-06-21 15:29:46,218 INFO     ___FILE_ONLY___ 

