2022-06-21 17:18:25,231 DEBUG    root            Loaded Command Group: ['gcloud', 'config']
2022-06-21 17:18:25,233 DEBUG    root            Loaded Command Group: ['gcloud', 'config', 'config_helper']
2022-06-21 17:18:25,234 DEBUG    root            Running [gcloud.config.config-helper] with arguments: [--format: "json"]
2022-06-21 17:18:25,256 INFO     root            Display format: "default json"
2022-06-21 17:18:25,256 INFO     ___FILE_ONLY___ {
  "configuration": {
    "active_configuration": "default",
    "properties": {
      "core": {
        "account": "robert@twingate.com",
        "disable_usage_reporting": "True"
      }
    }
  },
  "credential": {
    "access_token": "ya29.a0ARrdaM_l1syW_YnkuQGHnqC2XEbtm1096wpJwFQq-la5wWobEl2DsRFKVpyOmn7rRKQ7iEA5XS8RZJK4sG8fnDnQo7BidOI-k30GBaDzJDFVkumKgi0xNe-CMSGyhYT9UXbzTWBRJu30UHXM90WOZNnVycxDZRrL50QH7A",
    "id_token": "eyJhbGciOiJSUzI1NiIsImtpZCI6IjJiMDllNzQ0ZDU4Yzk5NTVkNGYyNDBiNmE5MmY3YjM3ZmVhZDJmZjgiLCJ0eXAiOiJKV1QifQ.eyJpc3MiOiJodHRwczovL2FjY291bnRzLmdvb2dsZS5jb20iLCJhenAiOiIzMjU1NTk0MDU1OS5hcHBzLmdvb2dsZXVzZXJjb250ZW50LmNvbSIsImF1ZCI6IjMyNTU1OTQwNTU5LmFwcHMuZ29vZ2xldXNlcmNvbnRlbnQuY29tIiwic3ViIjoiMTE2MjkyNTA3MTI2MTE3NTk2NjM1IiwiaGQiOiJ0d2luZ2F0ZS5jb20iLCJlbWFpbCI6InJvYmVydEB0d2luZ2F0ZS5jb20iLCJlbWFpbF92ZXJpZmllZCI6dHJ1ZSwiYXRfaGFzaCI6Ik11azMzNlZRQU05cDlDdm5iVE81aXciLCJpYXQiOjE2NTU4NTY4MDEsImV4cCI6MTY1NTg2MDQwMX0.bg2yKlGGH6ElpUJ09cv3OcmGzTlbpnxR28ZmgtS26WMuesZqV3iRIM3M26iCKNdWddaWtPnw2mlwAeS4AjG2G7dQx7PY89MzlWen1dK1W4fdj60VzKrARz78mOjBAwV8PAxXbxZikkNzKVkG-hNMI9FMwB0tGxCv6KsJn-Ej6bcBQUnhKN2FDpY1zlC2g8Wi8RVALLaCU3kMSmC4W1RKM7QoRvzZyK8nFmwUt6KGd1Cj_PDEHW2NfRKWhIkXYq1DWOtgl4G4TDNWu9B-TA1pJTN0YONXxvDrtmSK3b5GpmdP-25hQjYKBRNfLtmN69MDbfxx3hh_h1bTB32NQOea1Q",
    "token_expiry": "2022-06-22T01:13:20Z"
  },
  "sentinels": {
    "config_sentinel": "/Users/rojo/.config/gcloud/config_sentinel"
  }
}
2022-06-21 17:18:25,256 INFO     ___FILE_ONLY___ 

