2022-06-21 20:23:15,740 DEBUG    root            Loaded Command Group: ['gcloud', 'config']
2022-06-21 20:23:15,741 DEBUG    root            Loaded Command Group: ['gcloud', 'config', 'config_helper']
2022-06-21 20:23:15,742 DEBUG    root            Running [gcloud.config.config-helper] with arguments: [--format: "json"]
2022-06-21 20:23:15,746 INFO     root            Display format: "default json"
2022-06-21 20:23:15,746 INFO     ___FILE_ONLY___ {
  "configuration": {
    "active_configuration": "default",
    "properties": {
      "core": {
        "account": "robert@twingate.com",
        "disable_usage_reporting": "True"
      }
    }
  },
  "credential": {
    "access_token": "ya29.a0ARrdaM_Ui0YMqE17ZHfxmhgb7CQTfauJ3vQyMb6kBr0gKnwKPWtS-9dauCgJOYJev5SbBojHTjIm-zXK6rQPCZuEe5QCpPGhUVA0Yaa_IcCuR3ufyiYXPjuzzjQWIt_F8MkL5jp0yr3Y4SLeHE-cAUB5HIfje54GHkxf-g",
    "id_token": "eyJhbGciOiJSUzI1NiIsImtpZCI6IjJiMDllNzQ0ZDU4Yzk5NTVkNGYyNDBiNmE5MmY3YjM3ZmVhZDJmZjgiLCJ0eXAiOiJKV1QifQ.eyJpc3MiOiJodHRwczovL2FjY291bnRzLmdvb2dsZS5jb20iLCJhenAiOiIzMjU1NTk0MDU1OS5hcHBzLmdvb2dsZXVzZXJjb250ZW50LmNvbSIsImF1ZCI6IjMyNTU1OTQwNTU5LmFwcHMuZ29vZ2xldXNlcmNvbnRlbnQuY29tIiwic3ViIjoiMTE2MjkyNTA3MTI2MTE3NTk2NjM1IiwiaGQiOiJ0d2luZ2F0ZS5jb20iLCJlbWFpbCI6InJvYmVydEB0d2luZ2F0ZS5jb20iLCJlbWFpbF92ZXJpZmllZCI6dHJ1ZSwiYXRfaGFzaCI6IkdELU5HMUcwUF94Q0FLWkk5WmRKVEEiLCJpYXQiOjE2NTU4NjY3MDUsImV4cCI6MTY1NTg3MDMwNX0.KognxwdSv57jQv_fAxgqFcSOGz__HE7NbK_5fIBVrcVEdNRv3XlorUyRCNaGsIn1DfGVp4im8TUPndKrhSApfAof5H-MaiJcQDi-A2xa8dfvtGWsXtTFb5_gqvNhiwS5bEgtAiWGfyRvT3NTdQlUmOJi2S5-XaMUL6SYomVLSeR0F31QsR2hqDsdPIFXxHPoqN0ge9JsI_mjSx1DKAunAFmPWCSj4Uk9_5ZgtcrAHMKwft0Nm4S2cf2h_12-Pw8nzT-m1skXnTdfPJi9zYmGfK_LAWfTrSGGK5F45Ucewv0vuRxi1F_94Joydz2IqrETjhz68rjWLxGeB9qsUHYu1A",
    "token_expiry": "2022-06-22T03:58:24Z"
  },
  "sentinels": {
    "config_sentinel": "/Users/rojo/.config/gcloud/config_sentinel"
  }
}
2022-06-21 20:23:15,746 INFO     ___FILE_ONLY___ 

