2022-06-21 20:54:59,202 DEBUG    root            Loaded Command Group: ['gcloud', 'config']
2022-06-21 20:54:59,203 DEBUG    root            Loaded Command Group: ['gcloud', 'config', 'config_helper']
2022-06-21 20:54:59,204 DEBUG    root            Running [gcloud.config.config-helper] with arguments: [--format: "json"]
2022-06-21 20:54:59,207 INFO     root            Display format: "default json"
2022-06-21 20:54:59,207 INFO     ___FILE_ONLY___ {
  "configuration": {
    "active_configuration": "default",
    "properties": {
      "core": {
        "account": "robert@twingate.com",
        "disable_usage_reporting": "True"
      }
    }
  },
  "credential": {
    "access_token": "ya29.A0ARrdaM-ChG1jZqT0vmYrDt2cVBE17s_67j0dOMYmA5dS7giPGtfG9l1VGRc0_YKSVOxz4FySn3SFrCgWVwKi5ts56Wxc0Ze0Mo1-v_QNyM7AY-zL9jDCyXf4T4R9rKqu9GmH-63Iv5oifDc16zLXxS0jEvNvLEc86LxuYgYUNnWUtBVEFTQVRBU0ZRRl91NjFWRHp5RGZCR0RRczU4MXcyZG9HREk5Zw0173",
    "id_token": "eyJhbGciOiJSUzI1NiIsImtpZCI6IjJiMDllNzQ0ZDU4Yzk5NTVkNGYyNDBiNmE5MmY3YjM3ZmVhZDJmZjgiLCJ0eXAiOiJKV1QifQ.eyJpc3MiOiJodHRwczovL2FjY291bnRzLmdvb2dsZS5jb20iLCJhenAiOiIzMjU1NTk0MDU1OS5hcHBzLmdvb2dsZXVzZXJjb250ZW50LmNvbSIsImF1ZCI6IjMyNTU1OTQwNTU5LmFwcHMuZ29vZ2xldXNlcmNvbnRlbnQuY29tIiwic3ViIjoiMTE2MjkyNTA3MTI2MTE3NTk2NjM1IiwiaGQiOiJ0d2luZ2F0ZS5jb20iLCJlbWFpbCI6InJvYmVydEB0d2luZ2F0ZS5jb20iLCJlbWFpbF92ZXJpZmllZCI6dHJ1ZSwiYXRfaGFzaCI6ImgzdjVURU5QVFdQakpJdGtBaGkwNXciLCJpYXQiOjE2NTU4NzAwMDYsImV4cCI6MTY1NTg3MzYwNn0.syyu_tP5aDeyG8_IAaIY1DhyTkceEKIlhzIabI5Xf_IOgU3REOjloNaOrtQM5KbRoS2xv_PsKkMhfdYsMQ_4jVCtTt99glGCyypoAFyj_uKdHOVz99ufZCiUtSa5IX4nur9YpcX-uT8_C5eUmcFrz6EiHyKsC1R1anbIQlQSYrI2xQVAhBt4jSZBnBlQKh0OMVn3_dfvteVoenofH5KHjULSWatyP_xXwVRnSqkCg9vuFyF25m9yXhsoW19uQFUxIhtu2aZfMYEoyb7JPFb52ZvSV8rk5cxNaJfGgxNUaWqACXsjhHw5PP_5QkD_bdBNeGISLn4r-8ZcnJlCQFaBaQ",
    "token_expiry": "2022-06-22T04:53:25Z"
  },
  "sentinels": {
    "config_sentinel": "/Users/rojo/.config/gcloud/config_sentinel"
  }
}
2022-06-21 20:54:59,207 INFO     ___FILE_ONLY___ 

