2022-06-21 22:17:11,451 DEBUG    root            Loaded Command Group: ['gcloud', 'config']
2022-06-21 22:17:11,451 DEBUG    root            Loaded Command Group: ['gcloud', 'config', 'config_helper']
2022-06-21 22:17:11,452 DEBUG    root            Running [gcloud.config.config-helper] with arguments: [--format: "json"]
2022-06-21 22:17:11,455 INFO     root            Display format: "default json"
2022-06-21 22:17:11,455 INFO     ___FILE_ONLY___ {
  "configuration": {
    "active_configuration": "default",
    "properties": {
      "core": {
        "account": "robert@twingate.com",
        "disable_usage_reporting": "True"
      }
    }
  },
  "credential": {
    "access_token": "ya29.a0ARrdaM85A456J2Nw_Sl9Ww_dI9n6BNi3lOW4VUMjwNf91B5-yWVTvzmjuYADoAYvcxDsuxhvXj6eMXs9DVtvW1T81yatpCUokJfInpg2Kv3wTIbdyKp26ktROOSrpyhWU3F8NKPvkSuTvVTPBqRD14AUKYtGVMlboJF47g",
    "id_token": "eyJhbGciOiJSUzI1NiIsImtpZCI6IjJiMDllNzQ0ZDU4Yzk5NTVkNGYyNDBiNmE5MmY3YjM3ZmVhZDJmZjgiLCJ0eXAiOiJKV1QifQ.eyJpc3MiOiJodHRwczovL2FjY291bnRzLmdvb2dsZS5jb20iLCJhenAiOiIzMjU1NTk0MDU1OS5hcHBzLmdvb2dsZXVzZXJjb250ZW50LmNvbSIsImF1ZCI6IjMyNTU1OTQwNTU5LmFwcHMuZ29vZ2xldXNlcmNvbnRlbnQuY29tIiwic3ViIjoiMTE2MjkyNTA3MTI2MTE3NTk2NjM1IiwiaGQiOiJ0d2luZ2F0ZS5jb20iLCJlbWFpbCI6InJvYmVydEB0d2luZ2F0ZS5jb20iLCJlbWFpbF92ZXJpZmllZCI6dHJ1ZSwiYXRfaGFzaCI6IlRKd0d1VzBuQkFORHZFV0JsWFJibWciLCJpYXQiOjE2NTU4NzMzMTAsImV4cCI6MTY1NTg3NjkxMH0.b8qkPir2CdGXVD-hDWzWNK54XS7YEQlgmsrQ3evftEMUnzRvgjQTcoPzBvNBtjIhnzQKYNDqGOoTbmVlKdozUzDv02Hux9rdRbW-aFgsBPBCGs_RWLe6pYHFxxHH5NKHAAFpxfwKWLpPi1F_hQ76gcuxiauaZfrWG73Hv48QB3cLtYOIv_l63413wHdxVdJKfbficORk-uhbjCJWhR8gnIEXS6QfoLrW4CJv3qWEfG1wvDVKKSLrXAl1cY1R9k2X0eMkemc_EkrQXhZrScgZ8dUTgZ9O3jXOzH1hcp8nmjqO9Errzea0ltSLuG0zypCr1SzyY8wjPrOpkAS57xCNCQ",
    "token_expiry": "2022-06-22T05:48:29Z"
  },
  "sentinels": {
    "config_sentinel": "/Users/rojo/.config/gcloud/config_sentinel"
  }
}
2022-06-21 22:17:11,455 INFO     ___FILE_ONLY___ 

