2022-06-21 22:43:30,110 DEBUG    root            Loaded Command Group: ['gcloud', 'config']
2022-06-21 22:43:30,111 DEBUG    root            Loaded Command Group: ['gcloud', 'config', 'config_helper']
2022-06-21 22:43:30,112 DEBUG    root            Running [gcloud.config.config-helper] with arguments: [--format: "json"]
2022-06-21 22:43:30,114 DEBUG    google.auth.transport.requests Making request: POST https://oauth2.googleapis.com/token
2022-06-21 22:43:30,126 DEBUG    urllib3.connectionpool Starting new HTTPS connection (1): oauth2.googleapis.com:443
2022-06-21 22:43:30,253 DEBUG    urllib3.connectionpool https://oauth2.googleapis.com:443 "POST /token HTTP/1.1" 200 None
2022-06-21 22:43:30,258 INFO     root            Display format: "default json"
2022-06-21 22:43:30,259 INFO     ___FILE_ONLY___ {
  "configuration": {
    "active_configuration": "default",
    "properties": {
      "core": {
        "account": "robert@twingate.com",
        "disable_usage_reporting": "True"
      }
    }
  },
  "credential": {
    "access_token": "ya29.a0ARrdaM-UI5JT-z-NgNCBoOOoZ-Ich8B-U7ghyxR8E3fvWWO3ZPnF43tWnFmd_goRY-j322njHndP7RMV_yG7SeRCK8pS2l0Ou-wej-8NX80UzAJnifP_-gH_dPfcSkJjzgo4ESqIl_7YQtmfBQWR6wusQSvrmEVmE19ylw",
    "id_token": "eyJhbGciOiJSUzI1NiIsImtpZCI6IjJiMDllNzQ0ZDU4Yzk5NTVkNGYyNDBiNmE5MmY3YjM3ZmVhZDJmZjgiLCJ0eXAiOiJKV1QifQ.eyJpc3MiOiJodHRwczovL2FjY291bnRzLmdvb2dsZS5jb20iLCJhenAiOiIzMjU1NTk0MDU1OS5hcHBzLmdvb2dsZXVzZXJjb250ZW50LmNvbSIsImF1ZCI6IjMyNTU1OTQwNTU5LmFwcHMuZ29vZ2xldXNlcmNvbnRlbnQuY29tIiwic3ViIjoiMTE2MjkyNTA3MTI2MTE3NTk2NjM1IiwiaGQiOiJ0d2luZ2F0ZS5jb20iLCJlbWFpbCI6InJvYmVydEB0d2luZ2F0ZS5jb20iLCJlbWFpbF92ZXJpZmllZCI6dHJ1ZSwiYXRfaGFzaCI6IkE5N25IV1FVeV9CUkdLNEEtQWR0b0EiLCJpYXQiOjE2NTU4NzY2MTAsImV4cCI6MTY1NTg4MDIxMH0.s1Xj44o3ei4r2K8P5ssvOblBkbjCl793oOKJro7sLX7lhKh5MuVPBi2wSMtYIYjNfKCh0gkKSkOIYPITDTIUo0xOsU8HynCYJzvHw8OkNEWxxCVBDwHgNQcMbAmwHOsCDyARrlJWs0ArJPD0XiC9KvD9z1OytBriTMExGI4_5oXHz3IM3Dg0NfaqZl_W3_1OLoM49BxFMnzhQ7gicC9C7byt7ZF3sUF4WJjREzNBcbOSXISOkH5EiRsmOHHJD8Yz_RiV5PInnQnr9_sGY6Wt-jn9iba-C8TkudPtS2DB3MRWySmfleO8Qoj0StErCyKXUibRiiSmfACi09iVBPzGKw",
    "token_expiry": "2022-06-22T06:43:29Z"
  },
  "sentinels": {
    "config_sentinel": "/Users/rojo/.config/gcloud/config_sentinel"
  }
}
2022-06-21 22:43:30,259 INFO     ___FILE_ONLY___ 

