2022-06-20 09:45:00,645 DEBUG    root            Loaded Command Group: ['gcloud', 'components']
2022-06-20 09:45:00,647 DEBUG    root            Loaded Command Group: ['gcloud', 'components', 'update']
2022-06-20 09:45:00,648 DEBUG    root            Running [gcloud.components.update] with arguments: [--allow-no-backup: "True", --quiet: "True", COMPONENT-IDS:6: "['core', 'gcloud-deps', 'bq', 'gcloud', 'gsutil', 'anthoscli']"]
2022-06-20 09:45:00,648 INFO     ___FILE_ONLY___ Beginning update. This process may take several minutes.

2022-06-20 09:45:00,685 DEBUG    urllib3.connectionpool Starting new HTTPS connection (1): dl.google.com:443
2022-06-20 09:45:00,780 DEBUG    urllib3.connectionpool https://dl.google.com:443 "GET /dl/cloudsdk/channels/rapid/components-2.json HTTP/1.1" 200 190919
2022-06-20 09:45:00,837 INFO     ___FILE_ONLY___ 

2022-06-20 09:45:00,837 INFO     ___FILE_ONLY___ 
Your current Google Cloud CLI version is: 390.0.0

2022-06-20 09:45:00,837 INFO     ___FILE_ONLY___ Installing components from version: 390.0.0

2022-06-20 09:45:00,837 INFO     ___FILE_ONLY___ 

2022-06-20 09:45:00,840 INFO     ___FILE_ONLY___ ┌─────────────────────────────────────────────────────────────────────────────┐
2022-06-20 09:45:00,841 INFO     ___FILE_ONLY___ 

2022-06-20 09:45:00,841 INFO     ___FILE_ONLY___ │                     These components will be installed.                     │
2022-06-20 09:45:00,841 INFO     ___FILE_ONLY___ 

2022-06-20 09:45:00,841 INFO     ___FILE_ONLY___ ├─────────────────────────────────────────────────────┬────────────┬──────────┤
2022-06-20 09:45:00,841 INFO     ___FILE_ONLY___ 

2022-06-20 09:45:00,841 INFO     ___FILE_ONLY___ │                         Name                        │  Version   │   Size   │
2022-06-20 09:45:00,841 INFO     ___FILE_ONLY___ 

2022-06-20 09:45:00,841 INFO     ___FILE_ONLY___ ├─────────────────────────────────────────────────────┼────────────┼──────────┤
2022-06-20 09:45:00,841 INFO     ___FILE_ONLY___ 

2022-06-20 09:45:00,841 INFO     ___FILE_ONLY___ │ 
2022-06-20 09:45:00,841 INFO     ___FILE_ONLY___ BigQuery Command Line Tool                         
2022-06-20 09:45:00,841 INFO     ___FILE_ONLY___  
2022-06-20 09:45:00,841 INFO     ___FILE_ONLY___ │ 
2022-06-20 09:45:00,841 INFO     ___FILE_ONLY___     2.0.75
2022-06-20 09:45:00,841 INFO     ___FILE_ONLY___  
2022-06-20 09:45:00,841 INFO     ___FILE_ONLY___ │ 
2022-06-20 09:45:00,841 INFO     ___FILE_ONLY___  1.6 MiB
2022-06-20 09:45:00,841 INFO     ___FILE_ONLY___  
2022-06-20 09:45:00,841 INFO     ___FILE_ONLY___ │
2022-06-20 09:45:00,841 INFO     ___FILE_ONLY___ 

2022-06-20 09:45:00,841 INFO     ___FILE_ONLY___ │ 
2022-06-20 09:45:00,841 INFO     ___FILE_ONLY___ BigQuery Command Line Tool (Platform Specific)     
2022-06-20 09:45:00,841 INFO     ___FILE_ONLY___  
2022-06-20 09:45:00,841 INFO     ___FILE_ONLY___ │ 
2022-06-20 09:45:00,841 INFO     ___FILE_ONLY___     2.0.73
2022-06-20 09:45:00,841 INFO     ___FILE_ONLY___  
2022-06-20 09:45:00,841 INFO     ___FILE_ONLY___ │ 
2022-06-20 09:45:00,841 INFO     ___FILE_ONLY___  < 1 MiB
2022-06-20 09:45:00,841 INFO     ___FILE_ONLY___  
2022-06-20 09:45:00,841 INFO     ___FILE_ONLY___ │
2022-06-20 09:45:00,841 INFO     ___FILE_ONLY___ 

2022-06-20 09:45:00,841 INFO     ___FILE_ONLY___ │ 
2022-06-20 09:45:00,841 INFO     ___FILE_ONLY___ Cloud Storage Command Line Tool                    
2022-06-20 09:45:00,841 INFO     ___FILE_ONLY___  
2022-06-20 09:45:00,841 INFO     ___FILE_ONLY___ │ 
2022-06-20 09:45:00,841 INFO     ___FILE_ONLY___       5.10
2022-06-20 09:45:00,841 INFO     ___FILE_ONLY___  
2022-06-20 09:45:00,841 INFO     ___FILE_ONLY___ │ 
2022-06-20 09:45:00,841 INFO     ___FILE_ONLY___ 15.5 MiB
2022-06-20 09:45:00,842 INFO     ___FILE_ONLY___  
2022-06-20 09:45:00,842 INFO     ___FILE_ONLY___ │
2022-06-20 09:45:00,842 INFO     ___FILE_ONLY___ 

2022-06-20 09:45:00,842 INFO     ___FILE_ONLY___ │ 
2022-06-20 09:45:00,842 INFO     ___FILE_ONLY___ Cloud Storage Command Line Tool (Platform Specific)
2022-06-20 09:45:00,842 INFO     ___FILE_ONLY___  
2022-06-20 09:45:00,842 INFO     ___FILE_ONLY___ │ 
2022-06-20 09:45:00,842 INFO     ___FILE_ONLY___        5.6
2022-06-20 09:45:00,842 INFO     ___FILE_ONLY___  
2022-06-20 09:45:00,842 INFO     ___FILE_ONLY___ │ 
2022-06-20 09:45:00,842 INFO     ___FILE_ONLY___  < 1 MiB
2022-06-20 09:45:00,842 INFO     ___FILE_ONLY___  
2022-06-20 09:45:00,842 INFO     ___FILE_ONLY___ │
2022-06-20 09:45:00,842 INFO     ___FILE_ONLY___ 

2022-06-20 09:45:00,842 INFO     ___FILE_ONLY___ │ 
2022-06-20 09:45:00,842 INFO     ___FILE_ONLY___ Google Cloud CLI Core Libraries (Platform Specific)
2022-06-20 09:45:00,842 INFO     ___FILE_ONLY___  
2022-06-20 09:45:00,842 INFO     ___FILE_ONLY___ │ 
2022-06-20 09:45:00,842 INFO     ___FILE_ONLY___ 2022.01.28
2022-06-20 09:45:00,842 INFO     ___FILE_ONLY___  
2022-06-20 09:45:00,842 INFO     ___FILE_ONLY___ │ 
2022-06-20 09:45:00,842 INFO     ___FILE_ONLY___  < 1 MiB
2022-06-20 09:45:00,842 INFO     ___FILE_ONLY___  
2022-06-20 09:45:00,842 INFO     ___FILE_ONLY___ │
2022-06-20 09:45:00,842 INFO     ___FILE_ONLY___ 

2022-06-20 09:45:00,842 INFO     ___FILE_ONLY___ │ 
2022-06-20 09:45:00,842 INFO     ___FILE_ONLY___ anthoscli                                          
2022-06-20 09:45:00,842 INFO     ___FILE_ONLY___  
2022-06-20 09:45:00,842 INFO     ___FILE_ONLY___ │ 
2022-06-20 09:45:00,842 INFO     ___FILE_ONLY___     0.2.26
2022-06-20 09:45:00,842 INFO     ___FILE_ONLY___  
2022-06-20 09:45:00,842 INFO     ___FILE_ONLY___ │ 
2022-06-20 09:45:00,842 INFO     ___FILE_ONLY___ 46.5 MiB
2022-06-20 09:45:00,842 INFO     ___FILE_ONLY___  
2022-06-20 09:45:00,842 INFO     ___FILE_ONLY___ │
2022-06-20 09:45:00,842 INFO     ___FILE_ONLY___ 

2022-06-20 09:45:00,842 INFO     ___FILE_ONLY___ │ 
2022-06-20 09:45:00,842 INFO     ___FILE_ONLY___ gcloud cli dependencies                            
2022-06-20 09:45:00,842 INFO     ___FILE_ONLY___  
2022-06-20 09:45:00,842 INFO     ___FILE_ONLY___ │ 
2022-06-20 09:45:00,842 INFO     ___FILE_ONLY___ 2021.04.16
2022-06-20 09:45:00,842 INFO     ___FILE_ONLY___  
2022-06-20 09:45:00,842 INFO     ___FILE_ONLY___ │ 
2022-06-20 09:45:00,842 INFO     ___FILE_ONLY___  < 1 MiB
2022-06-20 09:45:00,842 INFO     ___FILE_ONLY___  
2022-06-20 09:45:00,842 INFO     ___FILE_ONLY___ │
2022-06-20 09:45:00,842 INFO     ___FILE_ONLY___ 

2022-06-20 09:45:00,842 INFO     ___FILE_ONLY___ └─────────────────────────────────────────────────────┴────────────┴──────────┘
2022-06-20 09:45:00,843 INFO     ___FILE_ONLY___ 

2022-06-20 09:45:00,843 INFO     ___FILE_ONLY___ 

2022-06-20 09:45:00,846 DEBUG    urllib3.connectionpool Starting new HTTPS connection (1): dl.google.com:443
2022-06-20 09:45:00,937 DEBUG    urllib3.connectionpool https://dl.google.com:443 "GET /dl/cloudsdk/channels/rapid/RELEASE_NOTES HTTP/1.1" 200 820285
2022-06-20 09:45:01,060 INFO     ___FILE_ONLY___ For the latest full release notes, please visit:
  https://cloud.google.com/sdk/release_notes


2022-06-20 09:45:01,060 INFO     ___FILE_ONLY___ ╔════════════════════════════════════════════════════════════╗

2022-06-20 09:45:01,061 INFO     ___FILE_ONLY___ ╠═ Creating update staging area                             ═╣

2022-06-20 09:45:01,061 INFO     ___FILE_ONLY___ ╚
2022-06-20 09:45:01,061 INFO     ___FILE_ONLY___ ══════
2022-06-20 09:45:01,061 INFO     ___FILE_ONLY___ ══════
2022-06-20 09:45:01,061 INFO     ___FILE_ONLY___ ══════
2022-06-20 09:45:01,177 INFO     ___FILE_ONLY___ ═
2022-06-20 09:45:01,318 INFO     ___FILE_ONLY___ ═
2022-06-20 09:45:01,381 INFO     ___FILE_ONLY___ ═
2022-06-20 09:45:01,448 INFO     ___FILE_ONLY___ ═
2022-06-20 09:45:01,492 INFO     ___FILE_ONLY___ ═
2022-06-20 09:45:01,536 INFO     ___FILE_ONLY___ ═
2022-06-20 09:45:01,592 INFO     ___FILE_ONLY___ ═
2022-06-20 09:45:01,638 INFO     ___FILE_ONLY___ ═
2022-06-20 09:45:01,683 INFO     ___FILE_ONLY___ ═
2022-06-20 09:45:01,729 INFO     ___FILE_ONLY___ ═
2022-06-20 09:45:01,779 INFO     ___FILE_ONLY___ ═
2022-06-20 09:45:01,832 INFO     ___FILE_ONLY___ ═
2022-06-20 09:45:01,885 INFO     ___FILE_ONLY___ ═
2022-06-20 09:45:01,933 INFO     ___FILE_ONLY___ ═
2022-06-20 09:45:01,992 INFO     ___FILE_ONLY___ ═
2022-06-20 09:45:02,066 INFO     ___FILE_ONLY___ ═
2022-06-20 09:45:02,129 INFO     ___FILE_ONLY___ ═
2022-06-20 09:45:02,189 INFO     ___FILE_ONLY___ ═
2022-06-20 09:45:02,247 INFO     ___FILE_ONLY___ ═
2022-06-20 09:45:02,313 INFO     ___FILE_ONLY___ ═
2022-06-20 09:45:02,379 INFO     ___FILE_ONLY___ ═
2022-06-20 09:45:02,440 INFO     ___FILE_ONLY___ ═
2022-06-20 09:45:02,508 INFO     ___FILE_ONLY___ ═
2022-06-20 09:45:02,565 INFO     ___FILE_ONLY___ ═
2022-06-20 09:45:02,625 INFO     ___FILE_ONLY___ ═
2022-06-20 09:45:02,697 INFO     ___FILE_ONLY___ ═
2022-06-20 09:45:02,783 INFO     ___FILE_ONLY___ ═
2022-06-20 09:45:02,838 INFO     ___FILE_ONLY___ ═
2022-06-20 09:45:02,895 INFO     ___FILE_ONLY___ ═
2022-06-20 09:45:02,952 INFO     ___FILE_ONLY___ ═
2022-06-20 09:45:03,010 INFO     ___FILE_ONLY___ ═
2022-06-20 09:45:03,089 INFO     ___FILE_ONLY___ ═
2022-06-20 09:45:03,190 INFO     ___FILE_ONLY___ ═
2022-06-20 09:45:03,351 INFO     ___FILE_ONLY___ ═
2022-06-20 09:45:03,509 INFO     ___FILE_ONLY___ ═
2022-06-20 09:45:03,532 INFO     ___FILE_ONLY___ ═
2022-06-20 09:45:03,560 INFO     ___FILE_ONLY___ ═
2022-06-20 09:45:03,583 INFO     ___FILE_ONLY___ ═
2022-06-20 09:45:03,605 INFO     ___FILE_ONLY___ ═
2022-06-20 09:45:03,625 INFO     ___FILE_ONLY___ ═
2022-06-20 09:45:03,649 INFO     ___FILE_ONLY___ ═
2022-06-20 09:45:03,698 INFO     ___FILE_ONLY___ ═
2022-06-20 09:45:03,698 INFO     ___FILE_ONLY___ ╝

2022-06-20 09:45:03,992 INFO     ___FILE_ONLY___ ╔════════════════════════════════════════════════════════════╗

2022-06-20 09:45:03,992 INFO     ___FILE_ONLY___ ╠═ Installing: BigQuery Command Line Tool                   ═╣

2022-06-20 09:45:03,992 INFO     ___FILE_ONLY___ ╚
2022-06-20 09:45:03,997 DEBUG    urllib3.connectionpool Starting new HTTPS connection (1): dl.google.com:443
2022-06-20 09:45:04,086 DEBUG    urllib3.connectionpool https://dl.google.com:443 "GET /dl/cloudsdk/channels/rapid/components/google-cloud-sdk-bq-20220610143733.tar.gz HTTP/1.1" 200 1630286
2022-06-20 09:45:04,274 INFO     ___FILE_ONLY___ ═
2022-06-20 09:45:04,274 INFO     ___FILE_ONLY___ ═
2022-06-20 09:45:04,274 INFO     ___FILE_ONLY___ ═
2022-06-20 09:45:04,274 INFO     ___FILE_ONLY___ ═
2022-06-20 09:45:04,274 INFO     ___FILE_ONLY___ ═
2022-06-20 09:45:04,274 INFO     ___FILE_ONLY___ ═
2022-06-20 09:45:04,275 INFO     ___FILE_ONLY___ ═
2022-06-20 09:45:04,275 INFO     ___FILE_ONLY___ ═
2022-06-20 09:45:04,275 INFO     ___FILE_ONLY___ ═
2022-06-20 09:45:04,275 INFO     ___FILE_ONLY___ ═
2022-06-20 09:45:04,275 INFO     ___FILE_ONLY___ ═
2022-06-20 09:45:04,275 INFO     ___FILE_ONLY___ ═
2022-06-20 09:45:04,275 INFO     ___FILE_ONLY___ ═
2022-06-20 09:45:04,275 INFO     ___FILE_ONLY___ ═
2022-06-20 09:45:04,275 INFO     ___FILE_ONLY___ ═
2022-06-20 09:45:04,275 INFO     ___FILE_ONLY___ ═
2022-06-20 09:45:04,275 INFO     ___FILE_ONLY___ ═
2022-06-20 09:45:04,275 INFO     ___FILE_ONLY___ ═
2022-06-20 09:45:04,275 INFO     ___FILE_ONLY___ ═
2022-06-20 09:45:04,275 INFO     ___FILE_ONLY___ ═
2022-06-20 09:45:04,275 INFO     ___FILE_ONLY___ ═
2022-06-20 09:45:04,275 INFO     ___FILE_ONLY___ ═
2022-06-20 09:45:04,275 INFO     ___FILE_ONLY___ ═
2022-06-20 09:45:04,275 INFO     ___FILE_ONLY___ ═
2022-06-20 09:45:04,275 INFO     ___FILE_ONLY___ ═
2022-06-20 09:45:04,276 INFO     ___FILE_ONLY___ ═
2022-06-20 09:45:04,276 INFO     ___FILE_ONLY___ ═
2022-06-20 09:45:04,276 INFO     ___FILE_ONLY___ ═
2022-06-20 09:45:04,276 INFO     ___FILE_ONLY___ ═
2022-06-20 09:45:04,276 INFO     ___FILE_ONLY___ ═
2022-06-20 09:45:04,325 INFO     ___FILE_ONLY___ ═
2022-06-20 09:45:04,327 INFO     ___FILE_ONLY___ ═
2022-06-20 09:45:04,329 INFO     ___FILE_ONLY___ ═
2022-06-20 09:45:04,333 INFO     ___FILE_ONLY___ ═
2022-06-20 09:45:04,335 INFO     ___FILE_ONLY___ ═
2022-06-20 09:45:04,337 INFO     ___FILE_ONLY___ ═
2022-06-20 09:45:04,339 INFO     ___FILE_ONLY___ ═
2022-06-20 09:45:04,341 INFO     ___FILE_ONLY___ ═
2022-06-20 09:45:04,343 INFO     ___FILE_ONLY___ ═
2022-06-20 09:45:04,345 INFO     ___FILE_ONLY___ ═
2022-06-20 09:45:04,348 INFO     ___FILE_ONLY___ ═
2022-06-20 09:45:04,351 INFO     ___FILE_ONLY___ ═
2022-06-20 09:45:04,353 INFO     ___FILE_ONLY___ ═
2022-06-20 09:45:04,356 INFO     ___FILE_ONLY___ ═
2022-06-20 09:45:04,359 INFO     ___FILE_ONLY___ ═
2022-06-20 09:45:04,361 INFO     ___FILE_ONLY___ ═
2022-06-20 09:45:04,363 INFO     ___FILE_ONLY___ ═
2022-06-20 09:45:04,365 INFO     ___FILE_ONLY___ ═
2022-06-20 09:45:04,366 INFO     ___FILE_ONLY___ ═
2022-06-20 09:45:04,369 INFO     ___FILE_ONLY___ ═
2022-06-20 09:45:04,373 INFO     ___FILE_ONLY___ ═
2022-06-20 09:45:04,374 INFO     ___FILE_ONLY___ ═
2022-06-20 09:45:04,377 INFO     ___FILE_ONLY___ ═
2022-06-20 09:45:04,379 INFO     ___FILE_ONLY___ ═
2022-06-20 09:45:04,381 INFO     ___FILE_ONLY___ ═
2022-06-20 09:45:04,383 INFO     ___FILE_ONLY___ ═
2022-06-20 09:45:04,385 INFO     ___FILE_ONLY___ ═
2022-06-20 09:45:04,387 INFO     ___FILE_ONLY___ ═
2022-06-20 09:45:04,389 INFO     ___FILE_ONLY___ ═
2022-06-20 09:45:04,391 INFO     ___FILE_ONLY___ ═
2022-06-20 09:45:04,391 INFO     ___FILE_ONLY___ ╝

2022-06-20 09:45:04,396 INFO     ___FILE_ONLY___ ╔════════════════════════════════════════════════════════════╗

2022-06-20 09:45:04,396 INFO     ___FILE_ONLY___ ╠═ Installing: BigQuery Command Line Tool (Platform Spec... ═╣

2022-06-20 09:45:04,396 INFO     ___FILE_ONLY___ ╚
2022-06-20 09:45:04,401 DEBUG    urllib3.connectionpool Starting new HTTPS connection (1): dl.google.com:443
2022-06-20 09:45:04,485 DEBUG    urllib3.connectionpool https://dl.google.com:443 "GET /dl/cloudsdk/channels/rapid/components/google-cloud-sdk-bq-nix-20220128152443.tar.gz HTTP/1.1" 200 1943
2022-06-20 09:45:04,486 INFO     ___FILE_ONLY___ ══════════════════════════════
2022-06-20 09:45:04,486 INFO     ___FILE_ONLY___ ══════════════════════════════
2022-06-20 09:45:04,487 INFO     ___FILE_ONLY___ ╝

2022-06-20 09:45:04,489 INFO     ___FILE_ONLY___ ╔════════════════════════════════════════════════════════════╗

2022-06-20 09:45:04,489 INFO     ___FILE_ONLY___ ╠═ Installing: Cloud Storage Command Line Tool              ═╣

2022-06-20 09:45:04,489 INFO     ___FILE_ONLY___ ╚
2022-06-20 09:45:04,491 DEBUG    urllib3.connectionpool Starting new HTTPS connection (1): dl.google.com:443
2022-06-20 09:45:04,581 DEBUG    urllib3.connectionpool https://dl.google.com:443 "GET /dl/cloudsdk/channels/rapid/components/google-cloud-sdk-gsutil-20220504215042.tar.gz HTTP/1.1" 200 16215233
2022-06-20 09:45:06,050 INFO     ___FILE_ONLY___ ═
2022-06-20 09:45:06,050 INFO     ___FILE_ONLY___ ═
2022-06-20 09:45:06,051 INFO     ___FILE_ONLY___ ═
2022-06-20 09:45:06,051 INFO     ___FILE_ONLY___ ═
2022-06-20 09:45:06,051 INFO     ___FILE_ONLY___ ═
2022-06-20 09:45:06,052 INFO     ___FILE_ONLY___ ═
2022-06-20 09:45:06,052 INFO     ___FILE_ONLY___ ═
2022-06-20 09:45:06,052 INFO     ___FILE_ONLY___ ═
2022-06-20 09:45:06,052 INFO     ___FILE_ONLY___ ═
2022-06-20 09:45:06,053 INFO     ___FILE_ONLY___ ═
2022-06-20 09:45:06,053 INFO     ___FILE_ONLY___ ═
2022-06-20 09:45:06,053 INFO     ___FILE_ONLY___ ═
2022-06-20 09:45:06,054 INFO     ___FILE_ONLY___ ═
2022-06-20 09:45:06,054 INFO     ___FILE_ONLY___ ═
2022-06-20 09:45:06,055 INFO     ___FILE_ONLY___ ═
2022-06-20 09:45:06,055 INFO     ___FILE_ONLY___ ═
2022-06-20 09:45:06,056 INFO     ___FILE_ONLY___ ═
2022-06-20 09:45:06,056 INFO     ___FILE_ONLY___ ═
2022-06-20 09:45:06,057 INFO     ___FILE_ONLY___ ═
2022-06-20 09:45:06,057 INFO     ___FILE_ONLY___ ═
2022-06-20 09:45:06,057 INFO     ___FILE_ONLY___ ═
2022-06-20 09:45:06,058 INFO     ___FILE_ONLY___ ═
2022-06-20 09:45:06,058 INFO     ___FILE_ONLY___ ═
2022-06-20 09:45:06,058 INFO     ___FILE_ONLY___ ═
2022-06-20 09:45:06,059 INFO     ___FILE_ONLY___ ═
2022-06-20 09:45:06,059 INFO     ___FILE_ONLY___ ═
2022-06-20 09:45:06,059 INFO     ___FILE_ONLY___ ═
2022-06-20 09:45:06,059 INFO     ___FILE_ONLY___ ═
2022-06-20 09:45:06,060 INFO     ___FILE_ONLY___ ═
2022-06-20 09:45:06,060 INFO     ___FILE_ONLY___ ═
2022-06-20 09:45:06,528 INFO     ___FILE_ONLY___ ═
2022-06-20 09:45:06,554 INFO     ___FILE_ONLY___ ═
2022-06-20 09:45:06,577 INFO     ___FILE_ONLY___ ═
2022-06-20 09:45:06,597 INFO     ___FILE_ONLY___ ═
2022-06-20 09:45:06,620 INFO     ___FILE_ONLY___ ═
2022-06-20 09:45:06,653 INFO     ___FILE_ONLY___ ═
2022-06-20 09:45:06,680 INFO     ___FILE_ONLY___ ═
2022-06-20 09:45:06,715 INFO     ___FILE_ONLY___ ═
2022-06-20 09:45:06,744 INFO     ___FILE_ONLY___ ═
2022-06-20 09:45:06,766 INFO     ___FILE_ONLY___ ═
2022-06-20 09:45:06,790 INFO     ___FILE_ONLY___ ═
2022-06-20 09:45:06,816 INFO     ___FILE_ONLY___ ═
2022-06-20 09:45:06,845 INFO     ___FILE_ONLY___ ═
2022-06-20 09:45:06,880 INFO     ___FILE_ONLY___ ═
2022-06-20 09:45:06,906 INFO     ___FILE_ONLY___ ═
2022-06-20 09:45:06,927 INFO     ___FILE_ONLY___ ═
2022-06-20 09:45:06,950 INFO     ___FILE_ONLY___ ═
2022-06-20 09:45:06,973 INFO     ___FILE_ONLY___ ═
2022-06-20 09:45:06,995 INFO     ___FILE_ONLY___ ═
2022-06-20 09:45:07,019 INFO     ___FILE_ONLY___ ═
2022-06-20 09:45:07,043 INFO     ___FILE_ONLY___ ═
2022-06-20 09:45:07,069 INFO     ___FILE_ONLY___ ═
2022-06-20 09:45:07,099 INFO     ___FILE_ONLY___ ═
2022-06-20 09:45:07,125 INFO     ___FILE_ONLY___ ═
2022-06-20 09:45:07,164 INFO     ___FILE_ONLY___ ═
2022-06-20 09:45:07,191 INFO     ___FILE_ONLY___ ═
2022-06-20 09:45:07,215 INFO     ___FILE_ONLY___ ═
2022-06-20 09:45:07,237 INFO     ___FILE_ONLY___ ═
2022-06-20 09:45:07,260 INFO     ___FILE_ONLY___ ═
2022-06-20 09:45:07,289 INFO     ___FILE_ONLY___ ═
2022-06-20 09:45:07,289 INFO     ___FILE_ONLY___ ╝

2022-06-20 09:45:07,325 INFO     ___FILE_ONLY___ ╔════════════════════════════════════════════════════════════╗

2022-06-20 09:45:07,325 INFO     ___FILE_ONLY___ ╠═ Installing: Cloud Storage Command Line Tool (Platform... ═╣

2022-06-20 09:45:07,325 INFO     ___FILE_ONLY___ ╚
2022-06-20 09:45:07,330 DEBUG    urllib3.connectionpool Starting new HTTPS connection (1): dl.google.com:443
2022-06-20 09:45:07,423 DEBUG    urllib3.connectionpool https://dl.google.com:443 "GET /dl/cloudsdk/channels/rapid/components/google-cloud-sdk-gsutil-nix-20220128152443.tar.gz HTTP/1.1" 200 1955
2022-06-20 09:45:07,423 INFO     ___FILE_ONLY___ ══════════════════════════════
2022-06-20 09:45:07,424 INFO     ___FILE_ONLY___ ══════════════════════════════
2022-06-20 09:45:07,424 INFO     ___FILE_ONLY___ ╝

2022-06-20 09:45:07,427 INFO     ___FILE_ONLY___ ╔════════════════════════════════════════════════════════════╗

2022-06-20 09:45:07,427 INFO     ___FILE_ONLY___ ╠═ Installing: Default set of gcloud commands               ═╣

2022-06-20 09:45:07,427 INFO     ___FILE_ONLY___ ╚
2022-06-20 09:45:07,429 INFO     ___FILE_ONLY___ ════════════════════════════════════════════════════════════
2022-06-20 09:45:07,429 INFO     ___FILE_ONLY___ ╝

2022-06-20 09:45:07,429 INFO     ___FILE_ONLY___ ╔════════════════════════════════════════════════════════════╗

2022-06-20 09:45:07,429 INFO     ___FILE_ONLY___ ╠═ Installing: Google Cloud CLI Core Libraries (Platform... ═╣

2022-06-20 09:45:07,429 INFO     ___FILE_ONLY___ ╚
2022-06-20 09:45:07,431 DEBUG    urllib3.connectionpool Starting new HTTPS connection (1): dl.google.com:443
2022-06-20 09:45:07,517 DEBUG    urllib3.connectionpool https://dl.google.com:443 "GET /dl/cloudsdk/channels/rapid/components/google-cloud-sdk-core-nix-20220128152443.tar.gz HTTP/1.1" 200 2321
2022-06-20 09:45:07,518 INFO     ___FILE_ONLY___ ══════════════════════════════
2022-06-20 09:45:07,519 INFO     ___FILE_ONLY___ ═══════════════
2022-06-20 09:45:07,519 INFO     ___FILE_ONLY___ ═══════════════
2022-06-20 09:45:07,519 INFO     ___FILE_ONLY___ ╝

2022-06-20 09:45:07,522 INFO     ___FILE_ONLY___ ╔════════════════════════════════════════════════════════════╗

2022-06-20 09:45:07,522 INFO     ___FILE_ONLY___ ╠═ Installing: anthoscli                                    ═╣

2022-06-20 09:45:07,522 INFO     ___FILE_ONLY___ ╚
2022-06-20 09:45:07,523 INFO     ___FILE_ONLY___ ════════════════════════════════════════════════════════════
2022-06-20 09:45:07,523 INFO     ___FILE_ONLY___ ╝

2022-06-20 09:45:07,524 INFO     ___FILE_ONLY___ ╔════════════════════════════════════════════════════════════╗

2022-06-20 09:45:07,524 INFO     ___FILE_ONLY___ ╠═ Installing: anthoscli                                    ═╣

2022-06-20 09:45:07,524 INFO     ___FILE_ONLY___ ╚
2022-06-20 09:45:07,525 DEBUG    urllib3.connectionpool Starting new HTTPS connection (1): dl.google.com:443
2022-06-20 09:45:07,649 DEBUG    urllib3.connectionpool https://dl.google.com:443 "GET /dl/cloudsdk/channels/rapid/components/google-cloud-sdk-anthoscli-darwin-arm-20220408151416.tar.gz HTTP/1.1" 200 48720031
2022-06-20 09:45:11,972 INFO     ___FILE_ONLY___ ═
2022-06-20 09:45:11,973 INFO     ___FILE_ONLY___ ═
2022-06-20 09:45:11,973 INFO     ___FILE_ONLY___ ═
2022-06-20 09:45:11,974 INFO     ___FILE_ONLY___ ═
2022-06-20 09:45:11,975 INFO     ___FILE_ONLY___ ═
2022-06-20 09:45:11,976 INFO     ___FILE_ONLY___ ═
2022-06-20 09:45:11,977 INFO     ___FILE_ONLY___ ═
2022-06-20 09:45:11,977 INFO     ___FILE_ONLY___ ═
2022-06-20 09:45:11,978 INFO     ___FILE_ONLY___ ═
2022-06-20 09:45:11,979 INFO     ___FILE_ONLY___ ═
2022-06-20 09:45:11,980 INFO     ___FILE_ONLY___ ═
2022-06-20 09:45:11,981 INFO     ___FILE_ONLY___ ═
2022-06-20 09:45:11,982 INFO     ___FILE_ONLY___ ═
2022-06-20 09:45:11,983 INFO     ___FILE_ONLY___ ═
2022-06-20 09:45:11,983 INFO     ___FILE_ONLY___ ═
2022-06-20 09:45:11,985 INFO     ___FILE_ONLY___ ═
2022-06-20 09:45:11,985 INFO     ___FILE_ONLY___ ═
2022-06-20 09:45:11,986 INFO     ___FILE_ONLY___ ═
2022-06-20 09:45:11,987 INFO     ___FILE_ONLY___ ═
2022-06-20 09:45:11,988 INFO     ___FILE_ONLY___ ═
2022-06-20 09:45:11,989 INFO     ___FILE_ONLY___ ═
2022-06-20 09:45:11,990 INFO     ___FILE_ONLY___ ═
2022-06-20 09:45:11,990 INFO     ___FILE_ONLY___ ═
2022-06-20 09:45:11,991 INFO     ___FILE_ONLY___ ═
2022-06-20 09:45:11,992 INFO     ___FILE_ONLY___ ═
2022-06-20 09:45:11,993 INFO     ___FILE_ONLY___ ═
2022-06-20 09:45:11,994 INFO     ___FILE_ONLY___ ═
2022-06-20 09:45:11,995 INFO     ___FILE_ONLY___ ═
2022-06-20 09:45:11,996 INFO     ___FILE_ONLY___ ═
2022-06-20 09:45:11,997 INFO     ___FILE_ONLY___ ═
2022-06-20 09:45:12,719 INFO     ___FILE_ONLY___ ══════════
2022-06-20 09:45:12,721 INFO     ___FILE_ONLY___ ═════════
2022-06-20 09:45:12,735 INFO     ___FILE_ONLY___ ═══════════
2022-06-20 09:45:12,735 INFO     ___FILE_ONLY___ ╝

2022-06-20 09:45:12,739 INFO     ___FILE_ONLY___ ╔════════════════════════════════════════════════════════════╗

2022-06-20 09:45:12,739 INFO     ___FILE_ONLY___ ╠═ Installing: gcloud cli dependencies                      ═╣

2022-06-20 09:45:12,739 INFO     ___FILE_ONLY___ ╚
2022-06-20 09:45:12,741 DEBUG    urllib3.connectionpool Starting new HTTPS connection (1): dl.google.com:443
2022-06-20 09:45:12,857 DEBUG    urllib3.connectionpool https://dl.google.com:443 "GET /dl/cloudsdk/channels/rapid/components/google-cloud-sdk-gcloud-deps-darwin-x86_64-20210416153011.tar.gz HTTP/1.1" 200 105
2022-06-20 09:45:12,858 INFO     ___FILE_ONLY___ ══════════════════════════════
2022-06-20 09:45:12,858 INFO     ___FILE_ONLY___ ══════════════════════════════
2022-06-20 09:45:12,858 INFO     ___FILE_ONLY___ ╝

2022-06-20 09:45:12,861 INFO     ___FILE_ONLY___ ╔════════════════════════════════════════════════════════════╗

2022-06-20 09:45:12,861 INFO     ___FILE_ONLY___ ╠═ Creating backup and activating new installation          ═╣

2022-06-20 09:45:12,861 INFO     ___FILE_ONLY___ ╚
2022-06-20 09:45:12,861 DEBUG    root            Attempting to move directory [/opt/homebrew/Caskroom/google-cloud-sdk/latest/google-cloud-sdk] to [/opt/homebrew/Caskroom/google-cloud-sdk/latest/google-cloud-sdk.staging/.install/.backup]
2022-06-20 09:45:12,862 INFO     ___FILE_ONLY___ ══════════════════════════════
2022-06-20 09:45:12,862 DEBUG    root            Attempting to move directory [/opt/homebrew/Caskroom/google-cloud-sdk/latest/google-cloud-sdk.staging] to [/opt/homebrew/Caskroom/google-cloud-sdk/latest/google-cloud-sdk]
2022-06-20 09:45:12,862 INFO     ___FILE_ONLY___ ══════════════════════════════
2022-06-20 09:45:12,862 INFO     ___FILE_ONLY___ ╝

2022-06-20 09:45:12,863 DEBUG    root            Updating notification cache...
2022-06-20 09:45:12,863 INFO     ___FILE_ONLY___ 

2022-06-20 09:45:12,863 INFO     ___FILE_ONLY___ Performing post processing steps...
2022-06-20 09:45:12,864 DEBUG    root            Executing command: ['/opt/homebrew/bin/python3', '-S', '/opt/homebrew/Caskroom/google-cloud-sdk/latest/google-cloud-sdk/lib/gcloud.py', 'components', 'post-process']
2022-06-20 09:45:22,910 DEBUG    ___FILE_ONLY___ 
2022-06-20 09:45:22,911 DEBUG    ___FILE_ONLY___ 
2022-06-20 09:45:22,992 INFO     ___FILE_ONLY___ 
Update done!


2022-06-20 09:45:22,996 INFO     root            Display format: "none"
