2022-06-20 09:53:19,001 DEBUG    root            Loaded Command Group: ['gcloud', 'data_catalog']
2022-06-20 09:53:19,002 DEBUG    root            Loaded Command Group: ['gcloud', 'active_directory']
2022-06-20 09:53:19,002 DEBUG    root            Loaded Command Group: ['gcloud', 'notebooks']
2022-06-20 09:53:19,003 DEBUG    root            Loaded Command Group: ['gcloud', 'eventarc']
2022-06-20 09:53:19,003 DEBUG    root            No implementation for release track [GA] for element: [/opt/homebrew/Caskroom/google-cloud-sdk/latest/google-cloud-sdk/lib/surface/genomics]
2022-06-20 09:53:19,003 DEBUG    root            Loaded Command Group: ['gcloud', 'ids']
2022-06-20 09:53:19,004 DEBUG    root            Loaded Command Group: ['gcloud', 'billing']
2022-06-20 09:53:19,005 DEBUG    root            Loaded Command Group: ['gcloud', 'topic']
2022-06-20 09:53:19,005 DEBUG    root            No implementation for release track [GA] for element: [/opt/homebrew/Caskroom/google-cloud-sdk/latest/google-cloud-sdk/lib/surface/vmware]
2022-06-20 09:53:19,005 DEBUG    root            No implementation for release track [GA] for element: [/opt/homebrew/Caskroom/google-cloud-sdk/latest/google-cloud-sdk/lib/surface/certificate_manager]
2022-06-20 09:53:19,005 DEBUG    root            Loaded Command Group: ['gcloud', 'network_management']
2022-06-20 09:53:19,006 DEBUG    root            Loaded Command Group: ['gcloud', 'asset']
2022-06-20 09:53:19,006 DEBUG    root            Loaded Command Group: ['gcloud', 'database_migration']
2022-06-20 09:53:19,007 DEBUG    root            Loaded Command Group: ['gcloud', 'spanner']
2022-06-20 09:53:19,007 DEBUG    root            Loaded Command Group: ['gcloud', 'bigtable']
2022-06-20 09:53:19,008 DEBUG    root            Loaded Command Group: ['gcloud', 'policy_intelligence']
2022-06-20 09:53:19,008 DEBUG    root            Loaded Command Group: ['gcloud', 'filestore']
2022-06-20 09:53:19,009 DEBUG    root            Loaded Command Group: ['gcloud', 'scc']
2022-06-20 09:53:19,009 DEBUG    root            Loaded Command Group: ['gcloud', 'org_policies']
2022-06-20 09:53:19,010 DEBUG    root            Loaded Command Group: ['gcloud', 'recommender']
2022-06-20 09:53:19,010 DEBUG    root            Loaded Command Group: ['gcloud', 'assured']
2022-06-20 09:53:19,010 DEBUG    root            Loaded Command Group: ['gcloud', 'game']
2022-06-20 09:53:19,011 DEBUG    root            Loaded Command Group: ['gcloud', 'recaptcha']
2022-06-20 09:53:19,011 DEBUG    root            Loaded Command Group: ['gcloud', 'deploy']
2022-06-20 09:53:19,011 DEBUG    root            Loaded Command Group: ['gcloud', 'run']
2022-06-20 09:53:19,012 DEBUG    root            Loaded Command Group: ['gcloud', 'edge_cloud']
2022-06-20 09:53:19,013 DEBUG    root            No implementation for release track [GA] for element: [/opt/homebrew/Caskroom/google-cloud-sdk/latest/google-cloud-sdk/lib/surface/code]
2022-06-20 09:53:19,013 DEBUG    root            Loaded Command Group: ['gcloud', 'docker']
2022-06-20 09:53:19,014 DEBUG    root            Loaded Command Group: ['gcloud', 'apigee']
2022-06-20 09:53:19,014 DEBUG    root            Loaded Command Group: ['gcloud', 'network_services']
2022-06-20 09:53:19,015 DEBUG    root            Loaded Command Group: ['gcloud', 'logging']
2022-06-20 09:53:19,015 DEBUG    root            No implementation for release track [GA] for element: [/opt/homebrew/Caskroom/google-cloud-sdk/latest/google-cloud-sdk/lib/surface/workstations]
2022-06-20 09:53:19,016 DEBUG    root            No implementation for release track [GA] for element: [/opt/homebrew/Caskroom/google-cloud-sdk/latest/google-cloud-sdk/lib/surface/kuberun]
2022-06-20 09:53:19,024 DEBUG    root            Loaded Command Group: ['gcloud', 'compute']
2022-06-20 09:53:19,025 DEBUG    root            Loaded Command Group: ['gcloud', 'identity']
2022-06-20 09:53:19,027 DEBUG    root            Loaded Command Group: ['gcloud', 'feedback']
2022-06-20 09:53:19,028 DEBUG    root            No implementation for release track [GA] for element: [/opt/homebrew/Caskroom/google-cloud-sdk/latest/google-cloud-sdk/lib/surface/dialogflow]
2022-06-20 09:53:19,034 DEBUG    root            Loaded Command Group: ['gcloud', 'ai_platform']
2022-06-20 09:53:19,034 DEBUG    root            Loaded Command Group: ['gcloud', 'ai']
2022-06-20 09:53:19,035 DEBUG    root            Loaded Command Group: ['gcloud', 'anthos']
2022-06-20 09:53:19,035 DEBUG    root            Loaded Command Group: ['gcloud', 'resource_settings']
2022-06-20 09:53:19,036 DEBUG    root            Loaded Command Group: ['gcloud', 'services']
2022-06-20 09:53:19,036 DEBUG    root            Loaded Command Group: ['gcloud', 'dns']
2022-06-20 09:53:19,037 DEBUG    root            Loaded Command Group: ['gcloud', 'redis']
2022-06-20 09:53:19,037 DEBUG    root            Loaded Command Group: ['gcloud', 'composer']
2022-06-20 09:53:19,038 DEBUG    root            Loaded Command Group: ['gcloud', 'ml']
2022-06-20 09:53:19,038 DEBUG    root            Loaded Command Group: ['gcloud', 'cheat_sheet']
2022-06-20 09:53:19,039 DEBUG    root            Loaded Command Group: ['gcloud', 'kms']
2022-06-20 09:53:19,040 DEBUG    root            Loaded Command Group: ['gcloud', 'meta']
2022-06-20 09:53:19,040 DEBUG    root            Loaded Command Group: ['gcloud', 'bms']
2022-06-20 09:53:19,042 DEBUG    root            Loaded Command Group: ['gcloud', 'info']
2022-06-20 09:53:19,042 DEBUG    root            No implementation for release track [GA] for element: [/opt/homebrew/Caskroom/google-cloud-sdk/latest/google-cloud-sdk/lib/surface/lifesciences]
2022-06-20 09:53:19,042 DEBUG    root            No implementation for release track [GA] for element: [/opt/homebrew/Caskroom/google-cloud-sdk/latest/google-cloud-sdk/lib/surface/media]
2022-06-20 09:53:19,043 DEBUG    root            Loaded Command Group: ['gcloud', 'functions']
2022-06-20 09:53:19,044 DEBUG    root            Loaded Command Group: ['gcloud', 'help']
2022-06-20 09:53:19,045 DEBUG    root            Loaded Command Group: ['gcloud', 'organizations']
2022-06-20 09:53:19,045 DEBUG    root            No implementation for release track [GA] for element: [/opt/homebrew/Caskroom/google-cloud-sdk/latest/google-cloud-sdk/lib/surface/bq]
2022-06-20 09:53:19,045 DEBUG    root            Loaded Command Group: ['gcloud', 'artifacts']
2022-06-20 09:53:19,046 DEBUG    root            No implementation for release track [GA] for element: [/opt/homebrew/Caskroom/google-cloud-sdk/latest/google-cloud-sdk/lib/surface/dlp]
2022-06-20 09:53:19,046 DEBUG    root            Loaded Command Group: ['gcloud', 'auth']
2022-06-20 09:53:19,046 DEBUG    root            No implementation for release track [GA] for element: [/opt/homebrew/Caskroom/google-cloud-sdk/latest/google-cloud-sdk/lib/surface/remote_build_execution]
2022-06-20 09:53:19,047 DEBUG    root            No implementation for release track [GA] for element: [/opt/homebrew/Caskroom/google-cloud-sdk/latest/google-cloud-sdk/lib/surface/blueprints]
2022-06-20 09:53:19,047 DEBUG    root            Loaded Command Group: ['gcloud', 'tasks']
2022-06-20 09:53:19,047 DEBUG    root            Loaded Command Group: ['gcloud', 'dataproc']
2022-06-20 09:53:19,048 DEBUG    root            Loaded Command Group: ['gcloud', 'init']
2022-06-20 09:53:19,049 DEBUG    root            Loaded Command Group: ['gcloud', 'firebase']
2022-06-20 09:53:19,049 DEBUG    root            Loaded Command Group: ['gcloud', 'network_connectivity']
2022-06-20 09:53:19,050 DEBUG    root            Loaded Command Group: ['gcloud', 'network_security']
2022-06-20 09:53:19,050 DEBUG    root            Loaded Command Group: ['gcloud', 'service_directory']
2022-06-20 09:53:19,051 DEBUG    root            Loaded Command Group: ['gcloud', 'debug']
2022-06-20 09:53:19,052 DEBUG    root            Loaded Command Group: ['gcloud', 'pubsub']
2022-06-20 09:53:19,052 DEBUG    root            Loaded Command Group: ['gcloud', 'app']
2022-06-20 09:53:19,053 DEBUG    root            Loaded Command Group: ['gcloud', 'iap']
2022-06-20 09:53:19,053 DEBUG    root            Loaded Command Group: ['gcloud', 'projects']
2022-06-20 09:53:19,054 DEBUG    root            Loaded Command Group: ['gcloud', 'dataplex']
2022-06-20 09:53:19,054 DEBUG    root            No implementation for release track [GA] for element: [/opt/homebrew/Caskroom/google-cloud-sdk/latest/google-cloud-sdk/lib/surface/runtime_config]
2022-06-20 09:53:19,054 DEBUG    root            Loaded Command Group: ['gcloud', 'endpoints']
2022-06-20 09:53:19,055 DEBUG    root            No implementation for release track [GA] for element: [/opt/homebrew/Caskroom/google-cloud-sdk/latest/google-cloud-sdk/lib/surface/storage]
2022-06-20 09:53:19,055 DEBUG    root            No implementation for release track [GA] for element: [/opt/homebrew/Caskroom/google-cloud-sdk/latest/google-cloud-sdk/lib/surface/alloydb]
2022-06-20 09:53:19,055 DEBUG    root            Loaded Command Group: ['gcloud', 'dataflow']
2022-06-20 09:53:19,056 DEBUG    root            Loaded Command Group: ['gcloud', 'secrets']
2022-06-20 09:53:19,056 DEBUG    root            Loaded Command Group: ['gcloud', 'iam']
2022-06-20 09:53:19,057 DEBUG    root            No implementation for release track [GA] for element: [/opt/homebrew/Caskroom/google-cloud-sdk/latest/google-cloud-sdk/lib/surface/web_security_scanner]
2022-06-20 09:53:19,057 DEBUG    root            Loaded Command Group: ['gcloud', 'access_approval']
2022-06-20 09:53:19,058 DEBUG    root            Loaded Command Group: ['gcloud', 'access_context_manager']
2022-06-20 09:53:19,058 DEBUG    root            No implementation for release track [GA] for element: [/opt/homebrew/Caskroom/google-cloud-sdk/latest/google-cloud-sdk/lib/surface/immersive_stream]
2022-06-20 09:53:19,065 DEBUG    root            No implementation for release track [GA] for element: [/opt/homebrew/Caskroom/google-cloud-sdk/latest/google-cloud-sdk/lib/surface/events]
2022-06-20 09:53:19,065 DEBUG    root            No implementation for release track [GA] for element: [/opt/homebrew/Caskroom/google-cloud-sdk/latest/google-cloud-sdk/lib/surface/trace]
2022-06-20 09:53:19,065 DEBUG    root            Loaded Command Group: ['gcloud', 'deployment_manager']
2022-06-20 09:53:19,066 DEBUG    root            Loaded Command Group: ['gcloud', 'memcache']
2022-06-20 09:53:19,067 DEBUG    root            Loaded Command Group: ['gcloud', 'survey']
2022-06-20 09:53:19,068 DEBUG    root            Loaded Command Group: ['gcloud', 'healthcare']
2022-06-20 09:53:19,068 DEBUG    root            No implementation for release track [GA] for element: [/opt/homebrew/Caskroom/google-cloud-sdk/latest/google-cloud-sdk/lib/surface/terraform]
2022-06-20 09:53:19,068 DEBUG    root            Loaded Command Group: ['gcloud', 'transfer']
2022-06-20 09:53:19,069 DEBUG    root            Loaded Command Group: ['gcloud', 'sql']
2022-06-20 09:53:19,069 DEBUG    root            Loaded Command Group: ['gcloud', 'domains']
2022-06-20 09:53:19,087 DEBUG    root            No implementation for release track [GA] for element: [/opt/homebrew/Caskroom/google-cloud-sdk/latest/google-cloud-sdk/lib/surface/interactive]
2022-06-20 09:53:19,087 DEBUG    root            Loaded Command Group: ['gcloud', 'source']
2022-06-20 09:53:19,087 DEBUG    root            Loaded Command Group: ['gcloud', 'workspace_add_ons']
2022-06-20 09:53:19,088 DEBUG    root            Loaded Command Group: ['gcloud', 'essential_contacts']
2022-06-20 09:53:19,088 DEBUG    root            Loaded Command Group: ['gcloud', 'scheduler']
2022-06-20 09:53:19,089 DEBUG    root            Loaded Command Group: ['gcloud', 'emulators']
2022-06-20 09:53:19,090 DEBUG    root            No implementation for release track [GA] for element: [/opt/homebrew/Caskroom/google-cloud-sdk/latest/google-cloud-sdk/lib/surface/publicca]
2022-06-20 09:53:19,090 DEBUG    root            Loaded Command Group: ['gcloud', 'ml_engine']
2022-06-20 09:53:19,090 DEBUG    root            Loaded Command Group: ['gcloud', 'policy_troubleshoot']
2022-06-20 09:53:19,091 DEBUG    root            Loaded Command Group: ['gcloud', 'cloud_shell']
2022-06-20 09:53:19,108 DEBUG    root            No implementation for release track [GA] for element: [/opt/homebrew/Caskroom/google-cloud-sdk/latest/google-cloud-sdk/lib/surface/commerce_procurement]
2022-06-20 09:53:19,109 DEBUG    root            Loaded Command Group: ['gcloud', 'builds']
2022-06-20 09:53:19,109 DEBUG    root            Loaded Command Group: ['gcloud', 'edge_cache']
2022-06-20 09:53:19,110 DEBUG    root            Loaded Command Group: ['gcloud', 'metastore']
2022-06-20 09:53:19,110 DEBUG    root            Loaded Command Group: ['gcloud', 'datastream']
2022-06-20 09:53:19,111 DEBUG    root            Loaded Command Group: ['gcloud', 'datastore']
2022-06-20 09:53:19,111 DEBUG    root            No implementation for release track [GA] for element: [/opt/homebrew/Caskroom/google-cloud-sdk/latest/google-cloud-sdk/lib/surface/data_fusion]
2022-06-20 09:53:19,112 DEBUG    root            Loaded Command Group: ['gcloud', 'components']
2022-06-20 09:53:19,112 DEBUG    root            Loaded Command Group: ['gcloud', 'iot']
2022-06-20 09:53:19,112 DEBUG    root            Loaded Command Group: ['gcloud', 'workflows']
2022-06-20 09:53:19,113 DEBUG    root            No implementation for release track [GA] for element: [/opt/homebrew/Caskroom/google-cloud-sdk/latest/google-cloud-sdk/lib/surface/beyondcorp]
2022-06-20 09:53:19,113 DEBUG    root            Loaded Command Group: ['gcloud', 'monitoring']
2022-06-20 09:53:19,113 DEBUG    root            Loaded Command Group: ['gcloud', 'firestore']
2022-06-20 09:53:19,114 DEBUG    root            Loaded Command Group: ['gcloud', 'resource_manager']
2022-06-20 09:53:19,114 DEBUG    root            No implementation for release track [GA] for element: [/opt/homebrew/Caskroom/google-cloud-sdk/latest/google-cloud-sdk/lib/surface/datapipelines]
2022-06-20 09:53:19,114 DEBUG    root            Loaded Command Group: ['gcloud', 'transcoder']
2022-06-20 09:53:19,115 DEBUG    root            Loaded Command Group: ['gcloud', 'api_gateway']
2022-06-20 09:53:19,115 DEBUG    root            No implementation for release track [GA] for element: [/opt/homebrew/Caskroom/google-cloud-sdk/latest/google-cloud-sdk/lib/surface/resource_config]
2022-06-20 09:53:19,115 DEBUG    root            Loaded Command Group: ['gcloud', 'privateca']
2022-06-20 09:53:19,116 DEBUG    root            Loaded Command Group: ['gcloud', 'version']
2022-06-20 09:53:19,117 DEBUG    root            Loaded Command Group: ['gcloud', 'config']
2022-06-20 09:53:19,117 DEBUG    root            No implementation for release track [GA] for element: [/opt/homebrew/Caskroom/google-cloud-sdk/latest/google-cloud-sdk/lib/surface/error_reporting]
2022-06-20 09:53:19,118 DEBUG    root            No implementation for release track [GA] for element: [/opt/homebrew/Caskroom/google-cloud-sdk/latest/google-cloud-sdk/lib/surface/batch]
2022-06-20 09:53:19,118 ERROR    root            (gcloud) Invalid choice: 'login'.
