2022-06-20 09:53:25,205 DEBUG    root            Loaded Command Group: ['gcloud', 'auth']
2022-06-20 09:53:25,228 DEBUG    root            Loaded Command Group: ['gcloud', 'auth', 'login']
2022-06-20 09:53:25,229 DEBUG    root            Running [gcloud.auth.login] with arguments: []
2022-06-20 09:53:25,233 DEBUG    requests_oauthlib.oauth2_session Generated new state 1oREeqo8XYqKq01s9lsCLzuJHNK7TI.
2022-06-20 09:53:25,350 INFO     ___FILE_ONLY___ Your browser has been opened to visit:

    https://accounts.google.com/o/oauth2/auth?response_type=code&client_id=32555940559.apps.googleusercontent.com&redirect_uri=http%3A%2F%2Flocalhost%3A8085%2F&scope=openid+https%3A%2F%2Fwww.googleapis.com%2Fauth%2Fuserinfo.email+https%3A%2F%2Fwww.googleapis.com%2Fauth%2Fcloud-platform+https%3A%2F%2Fwww.googleapis.com%2Fauth%2Fappengine.admin+https%3A%2F%2Fwww.googleapis.com%2Fauth%2Fsqlservice.login+https%3A%2F%2Fwww.googleapis.com%2Fauth%2Fcompute+https%3A%2F%2Fwww.googleapis.com%2Fauth%2Faccounts.reauth&state=1oREeqo8XYqKq01s9lsCLzuJHNK7TI&access_type=offline&code_challenge=Q4dhW-qJ86bxLQ7ER_PWad1ulDvljt3ipzku5BYnpFc&code_challenge_method=S256


2022-06-20 09:53:33,422 INFO     google_auth_oauthlib.flow "GET /?state=1oREeqo8XYqKq01s9lsCLzuJHNK7TI&code=4/0AX4XfWilX-bfHrv917n9V9KHm3BGAnAvCW3UZmxbYq0QcWu8CnsV3dnJq2NX6TC9YB09nQ&scope=email%20openid%20https://www.googleapis.com/auth/userinfo.email%20https://www.googleapis.com/auth/cloud-platform%20https://www.googleapis.com/auth/appengine.admin%20https://www.googleapis.com/auth/sqlservice.login%20https://www.googleapis.com/auth/compute%20https://www.googleapis.com/auth/accounts.reauth&authuser=0&hd=twingate.com&prompt=consent HTTP/1.1" 200 959
2022-06-20 09:53:33,426 DEBUG    requests_oauthlib.oauth2_session Requesting url https://oauth2.googleapis.com/token using method POST.
2022-06-20 09:53:33,429 DEBUG    requests_oauthlib.oauth2_session Supplying headers {b'Accept': b'application/json', b'Content-Type': b'application/x-www-form-urlencoded;charset=UTF-8', b'user-agent': b'google-cloud-sdk gcloud/390.0.0 command/gcloud.auth.login invocation-id/14da65e71237488ca8691ac56995b08e environment/None environment-version/None interactive/True from-script/False python/3.9.13 term/xterm-256color (Macintosh; Intel Mac OS X 21.5.0)'} and data {'grant_type': 'authorization_code', 'client_id': '32555940559.apps.googleusercontent.com', 'client_secret': 'ZmssLNjJy2998hD4CTg2ejr2', 'code': '4/0AX4XfWilX-bfHrv917n9V9KHm3BGAnAvCW3UZmxbYq0QcWu8CnsV3dnJq2NX6TC9YB09nQ', 'redirect_uri': 'http://localhost:8085/', 'code_verifier': 'vVaCXyTseBhF09gtj9FJbqp.5ES8gIV7W7XQ3ar9xNfrYEnb0NHFIUvZVWkAtioRFXs1-6Klhy5tceGMAPG1ZaC0XJYsivNXdgmL7LhCfDb7W69b3.FJILGHYe3J866p'}
2022-06-20 09:53:33,429 DEBUG    requests_oauthlib.oauth2_session Passing through key word arguments {'json': None, 'timeout': None, 'auth': None, 'verify': None, 'proxies': None}.
2022-06-20 09:53:33,466 DEBUG    urllib3.connectionpool Starting new HTTPS connection (1): oauth2.googleapis.com:443
2022-06-20 09:53:33,746 DEBUG    urllib3.connectionpool https://oauth2.googleapis.com:443 "POST /token HTTP/1.1" 200 None
2022-06-20 09:53:33,747 DEBUG    requests_oauthlib.oauth2_session Prepared fetch token request body grant_type=authorization_code&client_id=32555940559.apps.googleusercontent.com&client_secret=ZmssLNjJy2998hD4CTg2ejr2&code=4%2F0AX4XfWilX-bfHrv917n9V9KHm3BGAnAvCW3UZmxbYq0QcWu8CnsV3dnJq2NX6TC9YB09nQ&redirect_uri=http%3A%2F%2Flocalhost%3A8085%2F&code_verifier=vVaCXyTseBhF09gtj9FJbqp.5ES8gIV7W7XQ3ar9xNfrYEnb0NHFIUvZVWkAtioRFXs1-6Klhy5tceGMAPG1ZaC0XJYsivNXdgmL7LhCfDb7W69b3.FJILGHYe3J866p
2022-06-20 09:53:33,747 DEBUG    requests_oauthlib.oauth2_session Request to fetch token completed with status 200.
2022-06-20 09:53:33,747 DEBUG    requests_oauthlib.oauth2_session Request headers were {'user-agent': b'google-cloud-sdk gcloud/390.0.0 command/gcloud.auth.login invocation-id/14da65e71237488ca8691ac56995b08e environment/None environment-version/None interactive/True from-script/False python/3.9.13 term/xterm-256color (Macintosh; Intel Mac OS X 21.5.0)', 'Accept-Encoding': 'gzip, deflate', 'Accept': b'application/json', 'Connection': 'keep-alive', 'Content-Type': b'application/x-www-form-urlencoded;charset=UTF-8', 'Content-Length': '387'}
2022-06-20 09:53:33,747 DEBUG    requests_oauthlib.oauth2_session Request body was grant_type=authorization_code&client_id=32555940559.apps.googleusercontent.com&client_secret=ZmssLNjJy2998hD4CTg2ejr2&code=4%2F0AX4XfWilX-bfHrv917n9V9KHm3BGAnAvCW3UZmxbYq0QcWu8CnsV3dnJq2NX6TC9YB09nQ&redirect_uri=http%3A%2F%2Flocalhost%3A8085%2F&code_verifier=vVaCXyTseBhF09gtj9FJbqp.5ES8gIV7W7XQ3ar9xNfrYEnb0NHFIUvZVWkAtioRFXs1-6Klhy5tceGMAPG1ZaC0XJYsivNXdgmL7LhCfDb7W69b3.FJILGHYe3J866p
2022-06-20 09:53:33,747 DEBUG    requests_oauthlib.oauth2_session Response headers were {'Date': 'Mon, 20 Jun 2022 16:53:33 GMT', 'Cache-Control': 'no-cache, no-store, max-age=0, must-revalidate', 'Pragma': 'no-cache', 'Expires': 'Mon, 01 Jan 1990 00:00:00 GMT', 'Content-Type': 'application/json; charset=utf-8', 'Vary': 'Origin, X-Origin, Referer', 'Content-Encoding': 'gzip', 'Server': 'scaffolding on HTTPServer2', 'X-XSS-Protection': '0', 'X-Frame-Options': 'SAMEORIGIN', 'X-Content-Type-Options': 'nosniff', 'Alt-Svc': 'h3=":443"; ma=2592000,h3-29=":443"; ma=2592000,h3-Q050=":443"; ma=2592000,h3-Q046=":443"; ma=2592000,h3-Q043=":443"; ma=2592000,quic=":443"; ma=2592000; v="46,43"', 'Transfer-Encoding': 'chunked'} and content {
  "access_token": "ya29.a0ARrdaM8Pk4C9hRChWKDJYmzx2UvfJGKoSDH7xPY0luxAepBYZ6ttu6ezJER0J4HVvRsz0WIdhxr1ho0Yoenv_zFwsaitd1mkpv6O5S3ueP54aQCYAV1WC7OKEiaHhIlRLgq86YxMiLeYOUpLjviGKn8KlvlyOTHZG7CK",
  "expires_in": 3599,
  "refresh_token": "1//06YTSZrf3HyVECgYIARAAGAYSNwF-L9IrmhnCV2D5kUn_LA-BYYAaU2co3rmKmc_cIRAvBN57yuIpC8ufPiPZO_sNJ-EFgJiyj7E",
  "scope": "https://www.googleapis.com/auth/appengine.admin https://www.googleapis.com/auth/userinfo.email https://www.googleapis.com/auth/cloud-platform https://www.googleapis.com/auth/sqlservice.login openid https://www.googleapis.com/auth/compute https://www.googleapis.com/auth/accounts.reauth",
  "token_type": "Bearer",
  "id_token": "eyJhbGciOiJSUzI1NiIsImtpZCI6IjU4MGFkYjBjMzJhMTc1ZDk1MGExYzE5MDFjMTgyZmMxNzM0MWRkYzQiLCJ0eXAiOiJKV1QifQ.eyJpc3MiOiJodHRwczovL2FjY291bnRzLmdvb2dsZS5jb20iLCJhenAiOiIzMjU1NTk0MDU1OS5hcHBzLmdvb2dsZXVzZXJjb250ZW50LmNvbSIsImF1ZCI6IjMyNTU1OTQwNTU5LmFwcHMuZ29vZ2xldXNlcmNvbnRlbnQuY29tIiwic3ViIjoiMTE2MjkyNTA3MTI2MTE3NTk2NjM1IiwiaGQiOiJ0d2luZ2F0ZS5jb20iLCJlbWFpbCI6InJvYmVydEB0d2luZ2F0ZS5jb20iLCJlbWFpbF92ZXJpZmllZCI6dHJ1ZSwiYXRfaGFzaCI6Il8zUzBMZWQzUkRabENIVmVzMnJvRnciLCJpYXQiOjE2NTU3NDQwMTMsImV4cCI6MTY1NTc0NzYxM30.mTkhetgGAcEb7cXt7RKCJYK-WLS_r1aKzxE0_5kbLZaxg3e4PaIHnhgVmwIo6OWM-AUX3CwFNWLYYDKd1R0kpn3_tucxK1TMdtOzEa1PVx-Iuu1-inTooJJQMd17U5KkiXmkqB3BJyeeatV9qUbWJMXQJDhFLvpFx-hGF-OmFP8Sf_mNChqp-noQQj1vRt5mLBJlCNREyI5WbwlOuwMy2zdZC2SP9R6EvtOGN-36Jwn8xH0LhB6wdh63Oj8s69k1Kg2Rl2ZJHfrtrYY4NKHhOoTJihLj8FExEy8JXqqKUYqqGj27a0xRJTD3RmnFkFlFaw0cELrHVQdYPf9np0DWOQ"
}.
2022-06-20 09:53:33,748 DEBUG    requests_oauthlib.oauth2_session Invoking 0 token response hooks.
2022-06-20 09:53:33,748 DEBUG    requests_oauthlib.oauth2_session Obtained token {'access_token': 'ya29.a0ARrdaM8Pk4C9hRChWKDJYmzx2UvfJGKoSDH7xPY0luxAepBYZ6ttu6ezJER0J4HVvRsz0WIdhxr1ho0Yoenv_zFwsaitd1mkpv6O5S3ueP54aQCYAV1WC7OKEiaHhIlRLgq86YxMiLeYOUpLjviGKn8KlvlyOTHZG7CK', 'expires_in': 3599, 'refresh_token': '1//06YTSZrf3HyVECgYIARAAGAYSNwF-L9IrmhnCV2D5kUn_LA-BYYAaU2co3rmKmc_cIRAvBN57yuIpC8ufPiPZO_sNJ-EFgJiyj7E', 'scope': ['https://www.googleapis.com/auth/appengine.admin', 'https://www.googleapis.com/auth/userinfo.email', 'https://www.googleapis.com/auth/cloud-platform', 'https://www.googleapis.com/auth/sqlservice.login', 'openid', 'https://www.googleapis.com/auth/compute', 'https://www.googleapis.com/auth/accounts.reauth'], 'token_type': 'Bearer', 'id_token': 'eyJhbGciOiJSUzI1NiIsImtpZCI6IjU4MGFkYjBjMzJhMTc1ZDk1MGExYzE5MDFjMTgyZmMxNzM0MWRkYzQiLCJ0eXAiOiJKV1QifQ.eyJpc3MiOiJodHRwczovL2FjY291bnRzLmdvb2dsZS5jb20iLCJhenAiOiIzMjU1NTk0MDU1OS5hcHBzLmdvb2dsZXVzZXJjb250ZW50LmNvbSIsImF1ZCI6IjMyNTU1OTQwNTU5LmFwcHMuZ29vZ2xldXNlcmNvbnRlbnQuY29tIiwic3ViIjoiMTE2MjkyNTA3MTI2MTE3NTk2NjM1IiwiaGQiOiJ0d2luZ2F0ZS5jb20iLCJlbWFpbCI6InJvYmVydEB0d2luZ2F0ZS5jb20iLCJlbWFpbF92ZXJpZmllZCI6dHJ1ZSwiYXRfaGFzaCI6Il8zUzBMZWQzUkRabENIVmVzMnJvRnciLCJpYXQiOjE2NTU3NDQwMTMsImV4cCI6MTY1NTc0NzYxM30.mTkhetgGAcEb7cXt7RKCJYK-WLS_r1aKzxE0_5kbLZaxg3e4PaIHnhgVmwIo6OWM-AUX3CwFNWLYYDKd1R0kpn3_tucxK1TMdtOzEa1PVx-Iuu1-inTooJJQMd17U5KkiXmkqB3BJyeeatV9qUbWJMXQJDhFLvpFx-hGF-OmFP8Sf_mNChqp-noQQj1vRt5mLBJlCNREyI5WbwlOuwMy2zdZC2SP9R6EvtOGN-36Jwn8xH0LhB6wdh63Oj8s69k1Kg2Rl2ZJHfrtrYY4NKHhOoTJihLj8FExEy8JXqqKUYqqGj27a0xRJTD3RmnFkFlFaw0cELrHVQdYPf9np0DWOQ', 'expires_at': 1655747612.748181}.
2022-06-20 09:53:33,767 INFO     ___FILE_ONLY___ 
You are now logged in as [robert@twingate.com].
Your current project is [None].  You can change this setting by running:
  $ gcloud config set project PROJECT_ID

2022-06-20 09:53:33,768 INFO     root            Display format: "none"
