2022-06-20 10:53:24,755 DEBUG    root            Loaded Command Group: ['gcloud', 'config']
2022-06-20 10:53:24,756 DEBUG    root            Loaded Command Group: ['gcloud', 'config', 'config_helper']
2022-06-20 10:53:24,757 DEBUG    root            Running [gcloud.config.config-helper] with arguments: [--format: "json"]
2022-06-20 10:53:24,764 DEBUG    google.auth.transport.requests Making request: POST https://oauth2.googleapis.com/token
2022-06-20 10:53:24,794 DEBUG    urllib3.connectionpool Starting new HTTPS connection (1): oauth2.googleapis.com:443
2022-06-20 10:53:25,051 DEBUG    urllib3.connectionpool https://oauth2.googleapis.com:443 "POST /token HTTP/1.1" 200 None
2022-06-20 10:53:25,066 INFO     root            Display format: "default json"
2022-06-20 10:53:25,068 INFO     ___FILE_ONLY___ {
  "configuration": {
    "active_configuration": "default",
    "properties": {
      "core": {
        "account": "robert@twingate.com",
        "disable_usage_reporting": "True"
      }
    }
  },
  "credential": {
    "access_token": "ya29.a0ARrdaM9U_9n1ijhmeRAmQ42Ax_TkOIaiPWLH4Ax90h-_7QspjlD47u2PetcW3-DihdrIjqFUQjQDq3aoH1paLL-5e9gkjfRcE2IdJJcuR0V8Lp_4E8SuZaZsvXc2M3Qe1AabKwv9qYxZySGjZvET_MFe8VgaUcGcQdwq",
    "id_token": "eyJhbGciOiJSUzI1NiIsImtpZCI6IjU4MGFkYjBjMzJhMTc1ZDk1MGExYzE5MDFjMTgyZmMxNzM0MWRkYzQiLCJ0eXAiOiJKV1QifQ.eyJpc3MiOiJodHRwczovL2FjY291bnRzLmdvb2dsZS5jb20iLCJhenAiOiIzMjU1NTk0MDU1OS5hcHBzLmdvb2dsZXVzZXJjb250ZW50LmNvbSIsImF1ZCI6IjMyNTU1OTQwNTU5LmFwcHMuZ29vZ2xldXNlcmNvbnRlbnQuY29tIiwic3ViIjoiMTE2MjkyNTA3MTI2MTE3NTk2NjM1IiwiaGQiOiJ0d2luZ2F0ZS5jb20iLCJlbWFpbCI6InJvYmVydEB0d2luZ2F0ZS5jb20iLCJlbWFpbF92ZXJpZmllZCI6dHJ1ZSwiYXRfaGFzaCI6IkhycWlIbFY5ZTZRSnh5SkFBTzhqQnciLCJpYXQiOjE2NTU3NDc2MDUsImV4cCI6MTY1NTc1MTIwNX0.nG1ZzkGZoSFqdJZXMYK7W-U7TYNv4H-2N0wS2cVHzeeieT8-Zh81yBfYvhh01j3B20e1HGNhSW3Vk9NR4gCfTS93nxGIRAjLcgWFyRBcZDybws_lFkEm8UsjJwWZdulKeUcJPH-R2TCTjJXMrC1J06BKsWprZDxdo0Ap2d37ma_G27w6UFdHJ_GQisJxna9hshbJu2gB5b6vWwKUQN7CmPeJz6JyHsZz6dHA92am29xBA40liREVu33CvESjs0OCzNMiJLS9fBaBBwnYBXqZ-aFT22fMXWJJsu0jS0HMbI_IKX152q7SlaKdW0Rjv_Nbt5Yqp_dp5ed9xV9OBzPzHQ",
    "token_expiry": "2022-06-20T18:53:24Z"
  },
  "sentinels": {
    "config_sentinel": "/Users/rojo/.config/gcloud/config_sentinel"
  }
}
2022-06-20 10:53:25,076 INFO     ___FILE_ONLY___ 

