2022-06-20 11:14:53,829 DEBUG    root            Loaded Command Group: ['gcloud', 'composer']
2022-06-20 11:14:53,845 DEBUG    root            No implementation for release track [GA] for element: [/opt/homebrew/Caskroom/google-cloud-sdk/latest/google-cloud-sdk/lib/surface/interactive]
2022-06-20 11:14:53,846 DEBUG    root            Loaded Command Group: ['gcloud', 'data_catalog']
2022-06-20 11:14:53,846 DEBUG    root            Loaded Command Group: ['gcloud', 'anthos']
2022-06-20 11:14:53,847 DEBUG    root            Loaded Command Group: ['gcloud', 'assured']
2022-06-20 11:14:53,847 DEBUG    root            No implementation for release track [GA] for element: [/opt/homebrew/Caskroom/google-cloud-sdk/latest/google-cloud-sdk/lib/surface/trace]
2022-06-20 11:14:53,848 DEBUG    root            Loaded Command Group: ['gcloud', 'recaptcha']
2022-06-20 11:14:53,848 DEBUG    root            No implementation for release track [GA] for element: [/opt/homebrew/Caskroom/google-cloud-sdk/latest/google-cloud-sdk/lib/surface/web_security_scanner]
2022-06-20 11:14:53,848 DEBUG    root            Loaded Command Group: ['gcloud', 'builds']
2022-06-20 11:14:53,849 DEBUG    root            Loaded Command Group: ['gcloud', 'dns']
2022-06-20 11:14:53,850 DEBUG    root            Loaded Command Group: ['gcloud', 'feedback']
2022-06-20 11:14:53,851 DEBUG    root            Loaded Command Group: ['gcloud', 'info']
2022-06-20 11:14:53,852 DEBUG    root            No implementation for release track [GA] for element: [/opt/homebrew/Caskroom/google-cloud-sdk/latest/google-cloud-sdk/lib/surface/bq]
2022-06-20 11:14:53,852 DEBUG    root            No implementation for release track [GA] for element: [/opt/homebrew/Caskroom/google-cloud-sdk/latest/google-cloud-sdk/lib/surface/error_reporting]
2022-06-20 11:14:53,852 DEBUG    root            Loaded Command Group: ['gcloud', 'recommender']
2022-06-20 11:14:53,852 DEBUG    root            Loaded Command Group: ['gcloud', 'projects']
2022-06-20 11:14:53,853 DEBUG    root            Loaded Command Group: ['gcloud', 'meta']
2022-06-20 11:14:53,853 DEBUG    root            Loaded Command Group: ['gcloud', 'healthcare']
2022-06-20 11:14:53,854 DEBUG    root            Loaded Command Group: ['gcloud', 'dataflow']
2022-06-20 11:14:53,854 DEBUG    root            Loaded Command Group: ['gcloud', 'datastore']
2022-06-20 11:14:53,854 DEBUG    root            Loaded Command Group: ['gcloud', 'game']
2022-06-20 11:14:53,855 DEBUG    root            No implementation for release track [GA] for element: [/opt/homebrew/Caskroom/google-cloud-sdk/latest/google-cloud-sdk/lib/surface/lifesciences]
2022-06-20 11:14:53,855 DEBUG    root            No implementation for release track [GA] for element: [/opt/homebrew/Caskroom/google-cloud-sdk/latest/google-cloud-sdk/lib/surface/commerce_procurement]
2022-06-20 11:14:53,855 DEBUG    root            Loaded Command Group: ['gcloud', 'topic']
2022-06-20 11:14:53,855 DEBUG    root            Loaded Command Group: ['gcloud', 'network_connectivity']
2022-06-20 11:14:53,856 DEBUG    root            No implementation for release track [GA] for element: [/opt/homebrew/Caskroom/google-cloud-sdk/latest/google-cloud-sdk/lib/surface/dlp]
2022-06-20 11:14:53,856 DEBUG    root            Loaded Command Group: ['gcloud', 'edge_cache']
2022-06-20 11:14:53,857 DEBUG    root            Loaded Command Group: ['gcloud', 'identity']
2022-06-20 11:14:53,857 DEBUG    root            No implementation for release track [GA] for element: [/opt/homebrew/Caskroom/google-cloud-sdk/latest/google-cloud-sdk/lib/surface/genomics]
2022-06-20 11:14:53,857 DEBUG    root            No implementation for release track [GA] for element: [/opt/homebrew/Caskroom/google-cloud-sdk/latest/google-cloud-sdk/lib/surface/blueprints]
2022-06-20 11:14:53,858 DEBUG    root            No implementation for release track [GA] for element: [/opt/homebrew/Caskroom/google-cloud-sdk/latest/google-cloud-sdk/lib/surface/datapipelines]
2022-06-20 11:14:53,858 DEBUG    root            Loaded Command Group: ['gcloud', 'pubsub']
2022-06-20 11:14:53,860 DEBUG    root            Loaded Command Group: ['gcloud', 'survey']
2022-06-20 11:14:53,860 DEBUG    root            Loaded Command Group: ['gcloud', 'domains']
2022-06-20 11:14:53,861 DEBUG    root            Loaded Command Group: ['gcloud', 'firestore']
2022-06-20 11:14:53,861 DEBUG    root            Loaded Command Group: ['gcloud', 'app']
2022-06-20 11:14:53,862 DEBUG    root            No implementation for release track [GA] for element: [/opt/homebrew/Caskroom/google-cloud-sdk/latest/google-cloud-sdk/lib/surface/workstations]
2022-06-20 11:14:53,862 DEBUG    root            No implementation for release track [GA] for element: [/opt/homebrew/Caskroom/google-cloud-sdk/latest/google-cloud-sdk/lib/surface/code]
2022-06-20 11:14:53,862 DEBUG    root            Loaded Command Group: ['gcloud', 'iap']
2022-06-20 11:14:53,868 DEBUG    root            No implementation for release track [GA] for element: [/opt/homebrew/Caskroom/google-cloud-sdk/latest/google-cloud-sdk/lib/surface/events]
2022-06-20 11:14:53,868 DEBUG    root            Loaded Command Group: ['gcloud', 'essential_contacts']
2022-06-20 11:14:53,869 DEBUG    root            Loaded Command Group: ['gcloud', 'access_context_manager']
2022-06-20 11:14:53,869 DEBUG    root            No implementation for release track [GA] for element: [/opt/homebrew/Caskroom/google-cloud-sdk/latest/google-cloud-sdk/lib/surface/vmware]
2022-06-20 11:14:53,869 DEBUG    root            Loaded Command Group: ['gcloud', 'billing']
2022-06-20 11:14:53,870 DEBUG    root            No implementation for release track [GA] for element: [/opt/homebrew/Caskroom/google-cloud-sdk/latest/google-cloud-sdk/lib/surface/dialogflow]
2022-06-20 11:14:53,870 DEBUG    root            No implementation for release track [GA] for element: [/opt/homebrew/Caskroom/google-cloud-sdk/latest/google-cloud-sdk/lib/surface/kuberun]
2022-06-20 11:14:53,870 DEBUG    root            Loaded Command Group: ['gcloud', 'workflows']
2022-06-20 11:14:53,871 DEBUG    root            No implementation for release track [GA] for element: [/opt/homebrew/Caskroom/google-cloud-sdk/latest/google-cloud-sdk/lib/surface/immersive_stream]
2022-06-20 11:14:53,871 DEBUG    root            Loaded Command Group: ['gcloud', 'emulators']
2022-06-20 11:14:53,871 DEBUG    root            Loaded Command Group: ['gcloud', 'access_approval']
2022-06-20 11:14:53,872 DEBUG    root            Loaded Command Group: ['gcloud', 'auth']
2022-06-20 11:14:53,872 DEBUG    root            Loaded Command Group: ['gcloud', 'scheduler']
2022-06-20 11:14:53,873 DEBUG    root            Loaded Command Group: ['gcloud', 'database_migration']
2022-06-20 11:14:53,873 DEBUG    root            Loaded Command Group: ['gcloud', 'active_directory']
2022-06-20 11:14:53,880 DEBUG    root            Loaded Command Group: ['gcloud', 'ml_engine']
2022-06-20 11:14:53,881 DEBUG    root            No implementation for release track [GA] for element: [/opt/homebrew/Caskroom/google-cloud-sdk/latest/google-cloud-sdk/lib/surface/remote_build_execution]
2022-06-20 11:14:53,881 DEBUG    root            Loaded Command Group: ['gcloud', 'functions']
2022-06-20 11:14:53,882 DEBUG    root            Loaded Command Group: ['gcloud', 'scc']
2022-06-20 11:14:53,882 DEBUG    root            Loaded Command Group: ['gcloud', 'firebase']
2022-06-20 11:14:53,883 DEBUG    root            Loaded Command Group: ['gcloud', 'ai']
2022-06-20 11:14:53,883 DEBUG    root            Loaded Command Group: ['gcloud', 'org_policies']
2022-06-20 11:14:53,884 DEBUG    root            Loaded Command Group: ['gcloud', 'help']
2022-06-20 11:14:53,885 DEBUG    root            Loaded Command Group: ['gcloud', 'asset']
2022-06-20 11:14:53,886 DEBUG    root            Loaded Command Group: ['gcloud', 'ai_platform']
2022-06-20 11:14:53,886 DEBUG    root            Loaded Command Group: ['gcloud', 'notebooks']
2022-06-20 11:14:53,887 DEBUG    root            Loaded Command Group: ['gcloud', 'source']
2022-06-20 11:14:53,887 DEBUG    root            Loaded Command Group: ['gcloud', 'logging']
2022-06-20 11:14:53,887 DEBUG    root            Loaded Command Group: ['gcloud', 'deployment_manager']
2022-06-20 11:14:53,888 DEBUG    root            No implementation for release track [GA] for element: [/opt/homebrew/Caskroom/google-cloud-sdk/latest/google-cloud-sdk/lib/surface/batch]
2022-06-20 11:14:53,888 DEBUG    root            Loaded Command Group: ['gcloud', 'debug']
2022-06-20 11:14:53,889 DEBUG    root            Loaded Command Group: ['gcloud', 'api_gateway']
2022-06-20 11:14:53,889 DEBUG    root            No implementation for release track [GA] for element: [/opt/homebrew/Caskroom/google-cloud-sdk/latest/google-cloud-sdk/lib/surface/certificate_manager]
2022-06-20 11:14:53,889 DEBUG    root            Loaded Command Group: ['gcloud', 'sql']
2022-06-20 11:14:53,890 DEBUG    root            Loaded Command Group: ['gcloud', 'config']
2022-06-20 11:14:53,890 DEBUG    root            Loaded Command Group: ['gcloud', 'cheat_sheet']
2022-06-20 11:14:53,891 DEBUG    root            Loaded Command Group: ['gcloud', 'privateca']
2022-06-20 11:14:53,891 DEBUG    root            Loaded Command Group: ['gcloud', 'spanner']
2022-06-20 11:14:53,892 DEBUG    root            Loaded Command Group: ['gcloud', 'docker']
2022-06-20 11:14:53,893 DEBUG    root            Loaded Command Group: ['gcloud', 'datastream']
2022-06-20 11:14:53,893 DEBUG    root            Loaded Command Group: ['gcloud', 'iam']
2022-06-20 11:14:53,893 DEBUG    root            No implementation for release track [GA] for element: [/opt/homebrew/Caskroom/google-cloud-sdk/latest/google-cloud-sdk/lib/surface/terraform]
2022-06-20 11:14:53,894 DEBUG    root            Loaded Command Group: ['gcloud', 'deploy']
2022-06-20 11:14:53,894 DEBUG    root            Loaded Command Group: ['gcloud', 'policy_intelligence']
2022-06-20 11:14:53,894 DEBUG    root            Loaded Command Group: ['gcloud', 'dataplex']
2022-06-20 11:14:53,895 DEBUG    root            Loaded Command Group: ['gcloud', 'memcache']
2022-06-20 11:14:53,895 DEBUG    root            No implementation for release track [GA] for element: [/opt/homebrew/Caskroom/google-cloud-sdk/latest/google-cloud-sdk/lib/surface/alloydb]
2022-06-20 11:14:53,895 DEBUG    root            Loaded Command Group: ['gcloud', 'version']
2022-06-20 11:14:53,896 DEBUG    root            Loaded Command Group: ['gcloud', 'artifacts']
2022-06-20 11:14:53,897 DEBUG    root            Loaded Command Group: ['gcloud', 'dataproc']
2022-06-20 11:14:53,897 DEBUG    root            Loaded Command Group: ['gcloud', 'transfer']
2022-06-20 11:14:53,897 DEBUG    root            No implementation for release track [GA] for element: [/opt/homebrew/Caskroom/google-cloud-sdk/latest/google-cloud-sdk/lib/surface/data_fusion]
2022-06-20 11:14:53,897 DEBUG    root            Loaded Command Group: ['gcloud', 'eventarc']
2022-06-20 11:14:53,898 DEBUG    root            Loaded Command Group: ['gcloud', 'monitoring']
2022-06-20 11:14:53,898 DEBUG    root            Loaded Command Group: ['gcloud', 'service_directory']
2022-06-20 11:14:53,899 DEBUG    root            Loaded Command Group: ['gcloud', 'metastore']
2022-06-20 11:14:53,899 DEBUG    root            Loaded Command Group: ['gcloud', 'resource_manager']
2022-06-20 11:14:53,900 DEBUG    root            Loaded Command Group: ['gcloud', 'network_management']
2022-06-20 11:14:53,900 DEBUG    root            Loaded Command Group: ['gcloud', 'endpoints']
2022-06-20 11:14:53,901 DEBUG    root            Loaded Command Group: ['gcloud', 'secrets']
2022-06-20 11:14:53,909 DEBUG    root            Loaded Command Group: ['gcloud', 'compute']
2022-06-20 11:14:53,910 DEBUG    root            No implementation for release track [GA] for element: [/opt/homebrew/Caskroom/google-cloud-sdk/latest/google-cloud-sdk/lib/surface/publicca]
2022-06-20 11:14:53,910 DEBUG    root            Loaded Command Group: ['gcloud', 'cloud_shell']
2022-06-20 11:14:53,911 DEBUG    root            Loaded Command Group: ['gcloud', 'kms']
2022-06-20 11:14:53,911 DEBUG    root            No implementation for release track [GA] for element: [/opt/homebrew/Caskroom/google-cloud-sdk/latest/google-cloud-sdk/lib/surface/media]
2022-06-20 11:14:53,911 DEBUG    root            Loaded Command Group: ['gcloud', 'ml']
2022-06-20 11:14:53,912 DEBUG    root            Loaded Command Group: ['gcloud', 'network_services']
2022-06-20 11:14:53,913 DEBUG    root            Loaded Command Group: ['gcloud', 'components']
2022-06-20 11:14:53,913 DEBUG    root            No implementation for release track [GA] for element: [/opt/homebrew/Caskroom/google-cloud-sdk/latest/google-cloud-sdk/lib/surface/runtime_config]
2022-06-20 11:14:53,913 DEBUG    root            Loaded Command Group: ['gcloud', 'edge_cloud']
2022-06-20 11:14:53,914 DEBUG    root            Loaded Command Group: ['gcloud', 'ids']
2022-06-20 11:14:53,914 DEBUG    root            Loaded Command Group: ['gcloud', 'workspace_add_ons']
2022-06-20 11:14:53,930 DEBUG    root            Loaded Command Group: ['gcloud', 'organizations']
2022-06-20 11:14:53,931 DEBUG    root            Loaded Command Group: ['gcloud', 'tasks']
2022-06-20 11:14:53,931 DEBUG    root            No implementation for release track [GA] for element: [/opt/homebrew/Caskroom/google-cloud-sdk/latest/google-cloud-sdk/lib/surface/storage]
2022-06-20 11:14:53,931 DEBUG    root            Loaded Command Group: ['gcloud', 'bms']
2022-06-20 11:14:53,932 DEBUG    root            Loaded Command Group: ['gcloud', 'apigee']
2022-06-20 11:14:53,932 DEBUG    root            No implementation for release track [GA] for element: [/opt/homebrew/Caskroom/google-cloud-sdk/latest/google-cloud-sdk/lib/surface/resource_config]
2022-06-20 11:14:53,932 DEBUG    root            Loaded Command Group: ['gcloud', 'redis']
2022-06-20 11:14:53,933 DEBUG    root            Loaded Command Group: ['gcloud', 'init']
2022-06-20 11:14:53,934 DEBUG    root            Loaded Command Group: ['gcloud', 'filestore']
2022-06-20 11:14:53,934 DEBUG    root            Loaded Command Group: ['gcloud', 'transcoder']
2022-06-20 11:14:53,935 DEBUG    root            Loaded Command Group: ['gcloud', 'resource_settings']
2022-06-20 11:14:53,935 DEBUG    root            Loaded Command Group: ['gcloud', 'services']
2022-06-20 11:14:53,935 DEBUG    root            Loaded Command Group: ['gcloud', 'policy_troubleshoot']
2022-06-20 11:14:53,936 DEBUG    root            No implementation for release track [GA] for element: [/opt/homebrew/Caskroom/google-cloud-sdk/latest/google-cloud-sdk/lib/surface/beyondcorp]
2022-06-20 11:14:53,936 DEBUG    root            Loaded Command Group: ['gcloud', 'iot']
2022-06-20 11:14:53,936 DEBUG    root            Loaded Command Group: ['gcloud', 'bigtable']
2022-06-20 11:14:53,937 DEBUG    root            Loaded Command Group: ['gcloud', 'network_security']
2022-06-20 11:14:53,937 DEBUG    root            Loaded Command Group: ['gcloud', 'run']
2022-06-20 11:14:53,938 ERROR    root            (gcloud) Invalid choice: 'project'.
