2022-06-20 11:58:56,125 DEBUG    root            Loaded Command Group: ['gcloud', 'container', 'clusters']
2022-06-20 11:58:56,127 DEBUG    root            Loaded Command Group: ['gcloud', 'container', 'clusters', 'list']
2022-06-20 11:58:56,127 DEBUG    root            (gcloud) The project property must be set to a valid project ID, [twingate-playground
twingate-qa
twingate-dev] is not a valid project ID.
To set your project, run:

  $ gcloud config set project PROJECT_ID

or to unset it, run:

  $ gcloud config unset project
Traceback (most recent call last):
  File "/opt/homebrew/Caskroom/google-cloud-sdk/latest/google-cloud-sdk/lib/googlecloudsdk/calliope/cli.py", line 956, in Execute
    args = self.__parser.parse_args(_ApplyFlagsFile(argv))
  File "/opt/homebrew/Caskroom/google-cloud-sdk/latest/google-cloud-sdk/lib/googlecloudsdk/calliope/parser_extensions.py", line 728, in parse_args
    namespace, unknown_args, _ = self._ParseKnownArgs(args, namespace)
  File "/opt/homebrew/Caskroom/google-cloud-sdk/latest/google-cloud-sdk/lib/googlecloudsdk/calliope/parser_extensions.py", line 508, in _ParseKnownArgs
    parser.parse_known_args(args, namespace) or (namespace, []))
  File "/opt/homebrew/Caskroom/google-cloud-sdk/latest/google-cloud-sdk/lib/googlecloudsdk/calliope/parser_extensions.py", line 691, in parse_known_args
    namespace, unknown_args, error_context = self._ParseKnownArgs(
  File "/opt/homebrew/Caskroom/google-cloud-sdk/latest/google-cloud-sdk/lib/googlecloudsdk/calliope/parser_extensions.py", line 508, in _ParseKnownArgs
    parser.parse_known_args(args, namespace) or (namespace, []))
  File "/opt/homebrew/Caskroom/google-cloud-sdk/latest/google-cloud-sdk/lib/third_party/argparse/__init__.py", line 1735, in parse_known_args
    namespace, args = self._parse_known_args(args, namespace)
  File "/opt/homebrew/Caskroom/google-cloud-sdk/latest/google-cloud-sdk/lib/third_party/argparse/__init__.py", line 1923, in _parse_known_args
    positionals_end_index = consume_positionals(start_index)
  File "/opt/homebrew/Caskroom/google-cloud-sdk/latest/google-cloud-sdk/lib/third_party/argparse/__init__.py", line 1900, in consume_positionals
    take_action(action, args)
  File "/opt/homebrew/Caskroom/google-cloud-sdk/latest/google-cloud-sdk/lib/third_party/argparse/__init__.py", line 1809, in take_action
    action(self, namespace, argument_values, option_string)
  File "/opt/homebrew/Caskroom/google-cloud-sdk/latest/google-cloud-sdk/lib/googlecloudsdk/calliope/parser_extensions.py", line 1261, in __call__
    super(CommandGroupAction, self).__call__(
  File "/opt/homebrew/Caskroom/google-cloud-sdk/latest/google-cloud-sdk/lib/third_party/argparse/__init__.py", line 1111, in __call__
    namespace, arg_strings = parser.parse_known_args(arg_strings, namespace)
  File "/opt/homebrew/Caskroom/google-cloud-sdk/latest/google-cloud-sdk/lib/googlecloudsdk/calliope/parser_extensions.py", line 691, in parse_known_args
    namespace, unknown_args, error_context = self._ParseKnownArgs(
  File "/opt/homebrew/Caskroom/google-cloud-sdk/latest/google-cloud-sdk/lib/googlecloudsdk/calliope/parser_extensions.py", line 508, in _ParseKnownArgs
    parser.parse_known_args(args, namespace) or (namespace, []))
  File "/opt/homebrew/Caskroom/google-cloud-sdk/latest/google-cloud-sdk/lib/third_party/argparse/__init__.py", line 1735, in parse_known_args
    namespace, args = self._parse_known_args(args, namespace)
  File "/opt/homebrew/Caskroom/google-cloud-sdk/latest/google-cloud-sdk/lib/third_party/argparse/__init__.py", line 1923, in _parse_known_args
    positionals_end_index = consume_positionals(start_index)
  File "/opt/homebrew/Caskroom/google-cloud-sdk/latest/google-cloud-sdk/lib/third_party/argparse/__init__.py", line 1900, in consume_positionals
    take_action(action, args)
  File "/opt/homebrew/Caskroom/google-cloud-sdk/latest/google-cloud-sdk/lib/third_party/argparse/__init__.py", line 1809, in take_action
    action(self, namespace, argument_values, option_string)
  File "/opt/homebrew/Caskroom/google-cloud-sdk/latest/google-cloud-sdk/lib/googlecloudsdk/calliope/parser_extensions.py", line 1261, in __call__
    super(CommandGroupAction, self).__call__(
  File "/opt/homebrew/Caskroom/google-cloud-sdk/latest/google-cloud-sdk/lib/third_party/argparse/__init__.py", line 1111, in __call__
    namespace, arg_strings = parser.parse_known_args(arg_strings, namespace)
  File "/opt/homebrew/Caskroom/google-cloud-sdk/latest/google-cloud-sdk/lib/googlecloudsdk/calliope/parser_extensions.py", line 691, in parse_known_args
    namespace, unknown_args, error_context = self._ParseKnownArgs(
  File "/opt/homebrew/Caskroom/google-cloud-sdk/latest/google-cloud-sdk/lib/googlecloudsdk/calliope/parser_extensions.py", line 508, in _ParseKnownArgs
    parser.parse_known_args(args, namespace) or (namespace, []))
  File "/opt/homebrew/Caskroom/google-cloud-sdk/latest/google-cloud-sdk/lib/third_party/argparse/__init__.py", line 1735, in parse_known_args
    namespace, args = self._parse_known_args(args, namespace)
  File "/opt/homebrew/Caskroom/google-cloud-sdk/latest/google-cloud-sdk/lib/third_party/argparse/__init__.py", line 1923, in _parse_known_args
    positionals_end_index = consume_positionals(start_index)
  File "/opt/homebrew/Caskroom/google-cloud-sdk/latest/google-cloud-sdk/lib/third_party/argparse/__init__.py", line 1900, in consume_positionals
    take_action(action, args)
  File "/opt/homebrew/Caskroom/google-cloud-sdk/latest/google-cloud-sdk/lib/third_party/argparse/__init__.py", line 1809, in take_action
    action(self, namespace, argument_values, option_string)
  File "/opt/homebrew/Caskroom/google-cloud-sdk/latest/google-cloud-sdk/lib/googlecloudsdk/calliope/parser_extensions.py", line 1261, in __call__
    super(CommandGroupAction, self).__call__(
  File "/opt/homebrew/Caskroom/google-cloud-sdk/latest/google-cloud-sdk/lib/third_party/argparse/__init__.py", line 1111, in __call__
    namespace, arg_strings = parser.parse_known_args(arg_strings, namespace)
  File "/opt/homebrew/Caskroom/google-cloud-sdk/latest/google-cloud-sdk/lib/googlecloudsdk/calliope/parser_extensions.py", line 691, in parse_known_args
    namespace, unknown_args, error_context = self._ParseKnownArgs(
  File "/opt/homebrew/Caskroom/google-cloud-sdk/latest/google-cloud-sdk/lib/googlecloudsdk/calliope/parser_extensions.py", line 508, in _ParseKnownArgs
    parser.parse_known_args(args, namespace) or (namespace, []))
  File "/opt/homebrew/Caskroom/google-cloud-sdk/latest/google-cloud-sdk/lib/third_party/argparse/__init__.py", line 1735, in parse_known_args
    namespace, args = self._parse_known_args(args, namespace)
  File "/opt/homebrew/Caskroom/google-cloud-sdk/latest/google-cloud-sdk/lib/third_party/argparse/__init__.py", line 1941, in _parse_known_args
    start_index = consume_optional(start_index)
  File "/opt/homebrew/Caskroom/google-cloud-sdk/latest/google-cloud-sdk/lib/third_party/argparse/__init__.py", line 1881, in consume_optional
    take_action(action, args, option_string)
  File "/opt/homebrew/Caskroom/google-cloud-sdk/latest/google-cloud-sdk/lib/third_party/argparse/__init__.py", line 1809, in take_action
    action(self, namespace, argument_values, option_string)
  File "/opt/homebrew/Caskroom/google-cloud-sdk/latest/google-cloud-sdk/lib/googlecloudsdk/calliope/actions.py", line 143, in __call__
    properties.VALUES.SetInvocationValue(prop, values, option_string)
  File "/opt/homebrew/Caskroom/google-cloud-sdk/latest/google-cloud-sdk/lib/googlecloudsdk/core/properties.py", line 584, in SetInvocationValue
    prop.Validate(value)
  File "/opt/homebrew/Caskroom/google-cloud-sdk/latest/google-cloud-sdk/lib/googlecloudsdk/core/properties.py", line 3424, in Validate
    self.__validator(value)
  File "/opt/homebrew/Caskroom/google-cloud-sdk/latest/google-cloud-sdk/lib/googlecloudsdk/core/properties.py", line 2037, in ProjectValidator
    raise InvalidProjectError(
googlecloudsdk.core.properties.InvalidProjectError: The project property must be set to a valid project ID, [twingate-playground
twingate-qa
twingate-dev] is not a valid project ID.
To set your project, run:

  $ gcloud config set project PROJECT_ID

or to unset it, run:

  $ gcloud config unset project
2022-06-20 11:58:56,128 ERROR    root            (gcloud) The project property must be set to a valid project ID, [twingate-playground
twingate-qa
twingate-dev] is not a valid project ID.
To set your project, run:

  $ gcloud config set project PROJECT_ID

or to unset it, run:

  $ gcloud config unset project
