2022-06-20 14:14:26,895 DEBUG    root            Loaded Command Group: ['gcloud', 'config']
2022-06-20 14:14:26,896 DEBUG    root            Loaded Command Group: ['gcloud', 'config', 'config_helper']
2022-06-20 14:14:26,897 DEBUG    root            Running [gcloud.config.config-helper] with arguments: [--format: "json"]
2022-06-20 14:14:26,901 INFO     root            Display format: "default json"
2022-06-20 14:14:26,901 INFO     ___FILE_ONLY___ {
  "configuration": {
    "active_configuration": "default",
    "properties": {
      "core": {
        "account": "robert@twingate.com",
        "disable_usage_reporting": "True"
      }
    }
  },
  "credential": {
    "access_token": "ya29.A0ARrdaM8DluyJS0p7b7JLiGfBbDS8Vp0q2EOcu0NpZUrBvbph5t4y5uvdiMlKO5eHXaIDBwafy4YLgeLpCrhM_0ip_wH4YJYkzfGD38wfVD_DwPDMz9Z2gmH59xaTYn_LVULU8w_qcRvE0iTdmdBbeFjalx5Zf42XWvqrqAYUNnWUtBVEFTQVRBU0ZRRl91NjFWekkzS0tiM0MtY0IwOWdlSGZKTG9LQQ0173",
    "id_token": "eyJhbGciOiJSUzI1NiIsImtpZCI6IjJiMDllNzQ0ZDU4Yzk5NTVkNGYyNDBiNmE5MmY3YjM3ZmVhZDJmZjgiLCJ0eXAiOiJKV1QifQ.eyJpc3MiOiJodHRwczovL2FjY291bnRzLmdvb2dsZS5jb20iLCJhenAiOiIzMjU1NTk0MDU1OS5hcHBzLmdvb2dsZXVzZXJjb250ZW50LmNvbSIsImF1ZCI6IjMyNTU1OTQwNTU5LmFwcHMuZ29vZ2xldXNlcmNvbnRlbnQuY29tIiwic3ViIjoiMTE2MjkyNTA3MTI2MTE3NTk2NjM1IiwiaGQiOiJ0d2luZ2F0ZS5jb20iLCJlbWFpbCI6InJvYmVydEB0d2luZ2F0ZS5jb20iLCJlbWFpbF92ZXJpZmllZCI6dHJ1ZSwiYXRfaGFzaCI6IlFPTkZwTkRwZU44OGl4eTJYclhmQWciLCJpYXQiOjE2NTU3NTc1MzAsImV4cCI6MTY1NTc2MTEzMH0.leX8s11Ah_XQDqLiK4pzo5p4CjovXywdxka3C0woSCn-VVfFCzexi05vQSapqTZ2gwliJtYpdE-dSYFjEK67hiSltCvRBxlgItG_ZTDmfL7U-IZiIUoiphTRsHon9eDfYpTMxv4HVenCoSzGAWQREVh3veCKcd6Q4G1DGthJRxgqPqwvXs6PotvPz7dC6Oz5C0HjjS3VtOKBKIN39GUGDYiwuCK0dXrWWahIAbZnEqAXaaPyTUi9IXuA83v1S-SyLCFKzBwpAnKdWWFCoC8khqjC8F-EaMbTyz2RCwwJucyRvk3Vy8cmNb7OMMM3CEcFPVkWm37KFCp0BMVK9snatg",
    "token_expiry": "2022-06-20T21:38:49Z"
  },
  "sentinels": {
    "config_sentinel": "/Users/rojo/.config/gcloud/config_sentinel"
  }
}
2022-06-20 14:14:26,901 INFO     ___FILE_ONLY___ 

