2022-06-20 16:00:30,795 DEBUG    root            Loaded Command Group: ['gcloud', 'config']
2022-06-20 16:00:30,796 DEBUG    root            Loaded Command Group: ['gcloud', 'config', 'config_helper']
2022-06-20 16:00:30,796 DEBUG    root            Running [gcloud.config.config-helper] with arguments: [--format: "json"]
2022-06-20 16:00:30,800 INFO     root            Display format: "default json"
2022-06-20 16:00:30,800 INFO     ___FILE_ONLY___ {
  "configuration": {
    "active_configuration": "default",
    "properties": {
      "core": {
        "account": "robert@twingate.com",
        "disable_usage_reporting": "True"
      }
    }
  },
  "credential": {
    "access_token": "ya29.A0ARrdaM-W2Qbp9n8fvmogJL9FZLHlYzcJGFRsHqGLdWYLQ1P6uzZqX4Q0O5BHZ4U_ocegkMkB3-182oSebNs2FYvBUWVK2-u6C_qSlXEpwus1Sfe2Zm5CRCTo46F_2SC1rTurKLbvvFkLUCO7IEA-YUCjoA29LcGra2WqEgYUNnWUtBVEFTQVRBU0ZRRl91NjFWVVhsMjB4QnRsUF9KRS10M1gxRVlxUQ0173",
    "id_token": "eyJhbGciOiJSUzI1NiIsImtpZCI6IjJiMDllNzQ0ZDU4Yzk5NTVkNGYyNDBiNmE5MmY3YjM3ZmVhZDJmZjgiLCJ0eXAiOiJKV1QifQ.eyJpc3MiOiJodHRwczovL2FjY291bnRzLmdvb2dsZS5jb20iLCJhenAiOiIzMjU1NTk0MDU1OS5hcHBzLmdvb2dsZXVzZXJjb250ZW50LmNvbSIsImF1ZCI6IjMyNTU1OTQwNTU5LmFwcHMuZ29vZ2xldXNlcmNvbnRlbnQuY29tIiwic3ViIjoiMTE2MjkyNTA3MTI2MTE3NTk2NjM1IiwiaGQiOiJ0d2luZ2F0ZS5jb20iLCJlbWFpbCI6InJvYmVydEB0d2luZ2F0ZS5jb20iLCJlbWFpbF92ZXJpZmllZCI6dHJ1ZSwiYXRfaGFzaCI6IlJkTG5RczUyUHlFS2tvdlhFNE9ickEiLCJpYXQiOjE2NTU3NjQxNDMsImV4cCI6MTY1NTc2Nzc0M30.EszF4Uc5IdaGVQPS1fl7B5T50zY4B17aWyQktHRm2Pq8uzh2mMow63FDo-XxWqXPW2FAFPjHPnf8DDfUt6e8v410MydahgvBW_61STLkXSpdoqponZ-aAFF33XgvfjClelW8DT_9H9hXGSFFma9IL_TGGh2UBlp2Fxz47ENytSNbn3Ud9eTZrgj-Cl7W2hIeKRpjNth_1VU7pKqQKWZFofCjbP1mFiT0AHmCMJ4dHhAOmNimHS6aJ5wKywIBF4bVYXF6AMpDlWwcoY5CnX5c7wUQ-9aG6GcxZvc6jwmuGpubSnGMnQ-dGXGyy5nywbZQgZOAlZfOPAj4ti9uMFV2Ng",
    "token_expiry": "2022-06-20T23:29:02Z"
  },
  "sentinels": {
    "config_sentinel": "/Users/rojo/.config/gcloud/config_sentinel"
  }
}
2022-06-20 16:00:30,800 INFO     ___FILE_ONLY___ 

