2022-06-20 18:23:06,614 DEBUG    root            Loaded Command Group: ['gcloud', 'config']
2022-06-20 18:23:06,615 DEBUG    root            Loaded Command Group: ['gcloud', 'config', 'config_helper']
2022-06-20 18:23:06,616 DEBUG    root            Running [gcloud.config.config-helper] with arguments: [--format: "json"]
2022-06-20 18:23:06,620 INFO     root            Display format: "default json"
2022-06-20 18:23:06,620 INFO     ___FILE_ONLY___ {
  "configuration": {
    "active_configuration": "default",
    "properties": {
      "core": {
        "account": "robert@twingate.com",
        "disable_usage_reporting": "True"
      }
    }
  },
  "credential": {
    "access_token": "ya29.a0ARrdaM_nttNJpDv5zdpYZeHQIMNi3Q1J0OW3Xi5gv7SfU29rf0IBcuLVtOcnBUBVfVxpYdVapgl-u2Wp-vx-yOoESGwDUSeiAXSC0aQa-Wy3hvnyN7sdclKJy_-z31p0unQzcXlhNQpeiS3vHv9V_QaplbMWoY1eCe86jQ",
    "id_token": "eyJhbGciOiJSUzI1NiIsImtpZCI6IjJiMDllNzQ0ZDU4Yzk5NTVkNGYyNDBiNmE5MmY3YjM3ZmVhZDJmZjgiLCJ0eXAiOiJKV1QifQ.eyJpc3MiOiJodHRwczovL2FjY291bnRzLmdvb2dsZS5jb20iLCJhenAiOiIzMjU1NTk0MDU1OS5hcHBzLmdvb2dsZXVzZXJjb250ZW50LmNvbSIsImF1ZCI6IjMyNTU1OTQwNTU5LmFwcHMuZ29vZ2xldXNlcmNvbnRlbnQuY29tIiwic3ViIjoiMTE2MjkyNTA3MTI2MTE3NTk2NjM1IiwiaGQiOiJ0d2luZ2F0ZS5jb20iLCJlbWFpbCI6InJvYmVydEB0d2luZ2F0ZS5jb20iLCJlbWFpbF92ZXJpZmllZCI6dHJ1ZSwiYXRfaGFzaCI6ImRPMW1vaEdVQnB0MTNLWUNrWFI2UEEiLCJpYXQiOjE2NTU3NzQwNzMsImV4cCI6MTY1NTc3NzY3M30.Cer7_vzIb2-FfdkkpXSZdsxg2Q00UXbOo-ovquhbm375s-ndU6fzxv3X3w3QAsmrE923xfWnLQgeRSieGaODUfEXkxTRGqJp0SclFSxRCjqjLnd9JlZD5KwRkTgIdErIayOjrA3RXPuaSdzgbhMc2uyjajhq2K2G4zl3nVcvJd1OIHegdeIIfRKLPjwrPzpFJuYieT6r1Rn0Y1q-2pkFj99pwCzL-j2ErpRP4uCH8_U-iYVp9GjO3bk5UkkKY_v7Dve6gOBQe0XkZdex8Y-ufOdwkIM-jpQHnzcY47UWsnQG1ixnzYs5CqQmKh5ntrQTi_E5o0UFgNWMotq3NWm6kA",
    "token_expiry": "2022-06-21T02:14:32Z"
  },
  "sentinels": {
    "config_sentinel": "/Users/rojo/.config/gcloud/config_sentinel"
  }
}
2022-06-20 18:23:06,620 INFO     ___FILE_ONLY___ 

