2022-06-20 20:51:56,702 DEBUG    root            Loaded Command Group: ['gcloud', 'config']
2022-06-20 20:51:56,703 DEBUG    root            Loaded Command Group: ['gcloud', 'config', 'config_helper']
2022-06-20 20:51:56,704 DEBUG    root            Running [gcloud.config.config-helper] with arguments: [--format: "json"]
2022-06-20 20:51:56,707 INFO     root            Display format: "default json"
2022-06-20 20:51:56,708 INFO     ___FILE_ONLY___ {
  "configuration": {
    "active_configuration": "default",
    "properties": {
      "core": {
        "account": "robert@twingate.com",
        "disable_usage_reporting": "True"
      }
    }
  },
  "credential": {
    "access_token": "ya29.a0ARrdaM_WiaoJW8or4xYICSLVwS1g5V4FuP8IZAdYshY2f0Wk-nD0LOqe0b2ikn-NAoJ9VO-ND550WqOIouXV7sDwWxfwAIb8N8ClOoRUVRHO5--gi3ASHQtMeGZCNM-SeGsUghaqfL-fBGKP2RVP_zTW2VsiKbLt2rvv9A",
    "id_token": "eyJhbGciOiJSUzI1NiIsImtpZCI6IjJiMDllNzQ0ZDU4Yzk5NTVkNGYyNDBiNmE5MmY3YjM3ZmVhZDJmZjgiLCJ0eXAiOiJKV1QifQ.eyJpc3MiOiJodHRwczovL2FjY291bnRzLmdvb2dsZS5jb20iLCJhenAiOiIzMjU1NTk0MDU1OS5hcHBzLmdvb2dsZXVzZXJjb250ZW50LmNvbSIsImF1ZCI6IjMyNTU1OTQwNTU5LmFwcHMuZ29vZ2xldXNlcmNvbnRlbnQuY29tIiwic3ViIjoiMTE2MjkyNTA3MTI2MTE3NTk2NjM1IiwiaGQiOiJ0d2luZ2F0ZS5jb20iLCJlbWFpbCI6InJvYmVydEB0d2luZ2F0ZS5jb20iLCJlbWFpbF92ZXJpZmllZCI6dHJ1ZSwiYXRfaGFzaCI6IjJ6cE9pbHJfTzVTV21EX1dvempGeUEiLCJpYXQiOjE2NTU3ODA2OTksImV4cCI6MTY1NTc4NDI5OX0.nT-1VCHAu4g9fsLhmUfxyiRMB8gGZ8lUCVaUchMn1j1DwqGK4K3PQn7XgygURIH8pUX8m63BkCL5n7J0ASKAfjIcYX_1VgAL1vMnVH6KFiEgWNEU_9cVUmCnoQyuesgY5kmF6u4UNn4zqdYZ2Q025Dw1sw8mln6bUutwOLr6bVExIH3t81oSPiQ70-OE0QDFzwTYP7qnuoplxl713jXITPW_mNqUi-Vl7OIh90eVZE0BHiiIcEuMBY8fjBRXU-CvnG5pxofPAHv5cfGTWPRsvrZRdtsGwtReIkOU73PisXx_80GZ12PIRPgBfFUYgO4ema9a8sVOAYHpSH9HS6Pxng",
    "token_expiry": "2022-06-21T04:04:58Z"
  },
  "sentinels": {
    "config_sentinel": "/Users/rojo/.config/gcloud/config_sentinel"
  }
}
2022-06-20 20:51:56,708 INFO     ___FILE_ONLY___ 

