2022-06-20 21:20:06,501 DEBUG    root            Loaded Command Group: ['gcloud', 'config']
2022-06-20 21:20:06,502 DEBUG    root            Loaded Command Group: ['gcloud', 'config', 'config_helper']
2022-06-20 21:20:06,503 DEBUG    root            Running [gcloud.config.config-helper] with arguments: [--format: "json"]
2022-06-20 21:20:06,506 INFO     root            Display format: "default json"
2022-06-20 21:20:06,507 INFO     ___FILE_ONLY___ {
  "configuration": {
    "active_configuration": "default",
    "properties": {
      "core": {
        "account": "robert@twingate.com",
        "disable_usage_reporting": "True"
      }
    }
  },
  "credential": {
    "access_token": "ya29.a0ARrdaM_55KSLej6pXhixf8i6h-GLWfq3LfwG_2Q28N_lDL38AniSJnLlpjcf-H4_0sI4JT-Jmdf2xy-DITYgUHPisP9MHto3Y3RzyDPpt3Z-dgMnJqOo8VvnKZZj8GIf9iG_WpGVDvOIUUlNIckYDWCqDlvH7zCMjeaaOw",
    "id_token": "eyJhbGciOiJSUzI1NiIsImtpZCI6IjJiMDllNzQ0ZDU4Yzk5NTVkNGYyNDBiNmE5MmY3YjM3ZmVhZDJmZjgiLCJ0eXAiOiJKV1QifQ.eyJpc3MiOiJodHRwczovL2FjY291bnRzLmdvb2dsZS5jb20iLCJhenAiOiIzMjU1NTk0MDU1OS5hcHBzLmdvb2dsZXVzZXJjb250ZW50LmNvbSIsImF1ZCI6IjMyNTU1OTQwNTU5LmFwcHMuZ29vZ2xldXNlcmNvbnRlbnQuY29tIiwic3ViIjoiMTE2MjkyNTA3MTI2MTE3NTk2NjM1IiwiaGQiOiJ0d2luZ2F0ZS5jb20iLCJlbWFpbCI6InJvYmVydEB0d2luZ2F0ZS5jb20iLCJlbWFpbF92ZXJpZmllZCI6dHJ1ZSwiYXRfaGFzaCI6Ik1wa1JVVU5BVWprOWhMXzVCQWMxcGciLCJpYXQiOjE2NTU3ODQwMTIsImV4cCI6MTY1NTc4NzYxMn0.YciGwvUalXVHW8dVhLT4pkWI7oO6_bYcCM10rojmb102gr7W8p8uyjR9_-vENkL1W-EGViDN0ZiBKfSwrCIear35GyQesAdrwo-mCIX6HXvpeSqPBwmXWJ6Wl2x1dTm789tO5Z8yMYUqpdPL7gWtr3QT0tAtpzxKeq9i4R3DdVRIZoYABUU5VRHChngsunt38tJyxnilsSGS1meSrKSdmg1bscTd2GWYGPccmBc69m4_FGS8bK5luf9KqmOsrkoB9WERcqPFXiBxLVTN7Bst8jj428Amgh70-jSpxdmIvSHd030-DmSCH2tOOmuhaZDm33wBV4OaxtEHtF4kWI2Usw",
    "token_expiry": "2022-06-21T05:00:11Z"
  },
  "sentinels": {
    "config_sentinel": "/Users/rojo/.config/gcloud/config_sentinel"
  }
}
2022-06-20 21:20:06,507 INFO     ___FILE_ONLY___ 

