2022-06-20 22:16:04,988 DEBUG    root            Loaded Command Group: ['gcloud', 'config']
2022-06-20 22:16:04,989 DEBUG    root            Loaded Command Group: ['gcloud', 'config', 'config_helper']
2022-06-20 22:16:04,989 DEBUG    root            Running [gcloud.config.config-helper] with arguments: [--format: "json"]
2022-06-20 22:16:04,993 INFO     root            Display format: "default json"
2022-06-20 22:16:04,993 INFO     ___FILE_ONLY___ {
  "configuration": {
    "active_configuration": "default",
    "properties": {
      "core": {
        "account": "robert@twingate.com",
        "disable_usage_reporting": "True"
      }
    }
  },
  "credential": {
    "access_token": "ya29.a0ARrdaM_dfWaWzGSjaMc3OJw32oAW5D1r_LGbDnUkKQgcL7_7XZYekG6RiTjFVXUJkq-TKSuYk4-M9PxoqVbr3lkUGQnhydiYw8ll7eughs33FUmeuzYwQdCYQB-E-JJfCc6mzQfrDq5Jex5mG4cs9KvgtwQB1hPozYJRDg",
    "id_token": "eyJhbGciOiJSUzI1NiIsImtpZCI6IjJiMDllNzQ0ZDU4Yzk5NTVkNGYyNDBiNmE5MmY3YjM3ZmVhZDJmZjgiLCJ0eXAiOiJKV1QifQ.eyJpc3MiOiJodHRwczovL2FjY291bnRzLmdvb2dsZS5jb20iLCJhenAiOiIzMjU1NTk0MDU1OS5hcHBzLmdvb2dsZXVzZXJjb250ZW50LmNvbSIsImF1ZCI6IjMyNTU1OTQwNTU5LmFwcHMuZ29vZ2xldXNlcmNvbnRlbnQuY29tIiwic3ViIjoiMTE2MjkyNTA3MTI2MTE3NTk2NjM1IiwiaGQiOiJ0d2luZ2F0ZS5jb20iLCJlbWFpbCI6InJvYmVydEB0d2luZ2F0ZS5jb20iLCJlbWFpbF92ZXJpZmllZCI6dHJ1ZSwiYXRfaGFzaCI6IjlpVGVWem5oVHBGUFpYeHVTLVp6c2ciLCJpYXQiOjE2NTU3ODczMjUsImV4cCI6MTY1NTc5MDkyNX0.FHiSZIFKVNk-alj1zDp6owQUHqNbm2DQehjA7BHpXTZEN-Coy8_cBy3TAL7Qvk6I7ms6uIh0KO8pUvammtVeMsI0lYjrkPj8YWCcOY2t8WshV3TkwfFjCPhMqhHhr8zaz1qV8LXTTc3wz0GdyqNQ0AAAoJY4HmoFoCdk_DVhu3voBY25yYbM9nxGBvunrlpwFLCfpHi5yZKzF5wifGXCcBYEoDwS5SYvph2AKe0L6tRciYS47Ojl7oLHD2GXxsKswiR-t-dkgjBgIWxa3jgGg4b7fA2YL4US-NhVUzl5_yGw0pYEuYTAVQVe-XZ7OLgZ1kdMy0YdMfctTiIe3OwKKQ",
    "token_expiry": "2022-06-21T05:55:24Z"
  },
  "sentinels": {
    "config_sentinel": "/Users/rojo/.config/gcloud/config_sentinel"
  }
}
2022-06-20 22:16:04,993 INFO     ___FILE_ONLY___ 

