2022-06-22 00:22:47,433 DEBUG    root            Loaded Command Group: ['gcloud', 'config']
2022-06-22 00:22:47,434 DEBUG    root            Loaded Command Group: ['gcloud', 'config', 'config_helper']
2022-06-22 00:22:47,434 DEBUG    root            Running [gcloud.config.config-helper] with arguments: [--format: "json"]
2022-06-22 00:22:47,437 INFO     root            Display format: "default json"
2022-06-22 00:22:47,438 INFO     ___FILE_ONLY___ {
  "configuration": {
    "active_configuration": "default",
    "properties": {
      "core": {
        "account": "robert@twingate.com",
        "disable_usage_reporting": "True"
      }
    }
  },
  "credential": {
    "access_token": "ya29.A0ARrdaM_JDNNQscCLqIuyZnO838P5KobaXNYL4POR49grKKlmzLuQRor_FF6J3_PsftRU48wqbNlJ5DL_cb0rdaCL1xKde6_-lTWOypF1xbHAInoE5Xw4lfisdTMaasmEmNnSSSKDSOKM8EytcsJZuZhfeumouuTEOy3mUAYUNnWUtBVEFTQVRBU0ZRRl91NjFWbVJjOEMxY3VBSUhfb281Y0pHYzN3Zw0173",
    "id_token": "eyJhbGciOiJSUzI1NiIsImtpZCI6IjJiMDllNzQ0ZDU4Yzk5NTVkNGYyNDBiNmE5MmY3YjM3ZmVhZDJmZjgiLCJ0eXAiOiJKV1QifQ.eyJpc3MiOiJodHRwczovL2FjY291bnRzLmdvb2dsZS5jb20iLCJhenAiOiIzMjU1NTk0MDU1OS5hcHBzLmdvb2dsZXVzZXJjb250ZW50LmNvbSIsImF1ZCI6IjMyNTU1OTQwNTU5LmFwcHMuZ29vZ2xldXNlcmNvbnRlbnQuY29tIiwic3ViIjoiMTE2MjkyNTA3MTI2MTE3NTk2NjM1IiwiaGQiOiJ0d2luZ2F0ZS5jb20iLCJlbWFpbCI6InJvYmVydEB0d2luZ2F0ZS5jb20iLCJlbWFpbF92ZXJpZmllZCI6dHJ1ZSwiYXRfaGFzaCI6ImJTeUc1VmJZSnFockZiM3BFTjRjUWciLCJpYXQiOjE2NTU4Nzk5MjIsImV4cCI6MTY1NTg4MzUyMn0.c6pIIqx0JCjnt0_b4PQWD2iq2MQPTGXwlYtxhHKlZfRh04RG_fBLc8npTCMFnrL4hhtuwlFdym8OvUIC_nUdI4IeRqWCl4oOJWvYmsoiHEHVit3JRoMZkZhVsmxnvTFuVKcVbbcvFkL-DCmtpm6iWGGRK5TGyogJj0t3BCF8fXP9Q5vBvABmD_9LH0NO9sAIiqG25kdXf4YXjkxOEkl0ef6cnM8L8SOqiJHYwULhNbZZFR6tGtq1AtS8N58Nb7Y9yV7M161fk1DozfmqLGNhLmc05cFtsxLPnOtP5b98zeDFYmHCXASDgk9qfc-BAgvozeyvpVT96WlHoEaIcK22DQ",
    "token_expiry": "2022-06-22T07:38:41Z"
  },
  "sentinels": {
    "config_sentinel": "/Users/rojo/.config/gcloud/config_sentinel"
  }
}
2022-06-22 00:22:47,438 INFO     ___FILE_ONLY___ 

