2022-06-22 03:02:24,931 DEBUG    root            Loaded Command Group: ['gcloud', 'config']
2022-06-22 03:02:24,932 DEBUG    root            Loaded Command Group: ['gcloud', 'config', 'config_helper']
2022-06-22 03:02:24,933 DEBUG    root            Running [gcloud.config.config-helper] with arguments: [--format: "json"]
2022-06-22 03:02:24,936 INFO     root            Display format: "default json"
2022-06-22 03:02:24,936 INFO     ___FILE_ONLY___ {
  "configuration": {
    "active_configuration": "default",
    "properties": {
      "core": {
        "account": "robert@twingate.com",
        "disable_usage_reporting": "True"
      }
    }
  },
  "credential": {
    "access_token": "ya29.a0ARrdaM9hBNX3Ju7T0oo-0ONtIor9Y_zvkRK2FUX1sfVxd4xWEgECVpziYzm4iw5uoheUMNiOQAxro4og8z6lMdqVicVRS7Nuc2rwDLzWK7fvfBfSoO0JY4N4wWBOu0nt9hnGja-QGcGX6Lwo3BwjVqA4HMY8M1CIgmNulA",
    "id_token": "eyJhbGciOiJSUzI1NiIsImtpZCI6IjJiMDllNzQ0ZDU4Yzk5NTVkNGYyNDBiNmE5MmY3YjM3ZmVhZDJmZjgiLCJ0eXAiOiJKV1QifQ.eyJpc3MiOiJodHRwczovL2FjY291bnRzLmdvb2dsZS5jb20iLCJhenAiOiIzMjU1NTk0MDU1OS5hcHBzLmdvb2dsZXVzZXJjb250ZW50LmNvbSIsImF1ZCI6IjMyNTU1OTQwNTU5LmFwcHMuZ29vZ2xldXNlcmNvbnRlbnQuY29tIiwic3ViIjoiMTE2MjkyNTA3MTI2MTE3NTk2NjM1IiwiaGQiOiJ0d2luZ2F0ZS5jb20iLCJlbWFpbCI6InJvYmVydEB0d2luZ2F0ZS5jb20iLCJlbWFpbF92ZXJpZmllZCI6dHJ1ZSwiYXRfaGFzaCI6ImRkOFV6WlRlTENFNmcwRW12MTExeVEiLCJpYXQiOjE2NTU4ODk4NTUsImV4cCI6MTY1NTg5MzQ1NX0.OR6Awp337Rfj9Ni6golxfmeIMG_shpNtEySV9M_nf7jEg1gHZ_7J9EzR5xVpPcfGmN0LF6txy6zr7mKDC_zezEX_Fr1ZMlCkxFiqapcikAs3M1_BO4nGYPHIsFXoAsNsfFXw7Rc6KuEQE_crlQJ5cVADP9h6SGZ86PAVJLKdowiQFGgn9G_Ar_ObpW3VGa--XcNBZerTYbETnsNHs-TP3v3jtTHstQcxzJVutiXwn84k3R3cmbP8HWKv3QL05xP_lSoMEhjA513bms2lrPmE3qpV1u4kX_hJaXSTTDWYAPvKM2_eaa0kOLTwBiKLrb_8bcueu0-HQSKSGPSwJcQ4zg",
    "token_expiry": "2022-06-22T10:24:14Z"
  },
  "sentinels": {
    "config_sentinel": "/Users/rojo/.config/gcloud/config_sentinel"
  }
}
2022-06-22 03:02:24,936 INFO     ___FILE_ONLY___ 

