2022-06-22 03:45:28,385 DEBUG    root            Loaded Command Group: ['gcloud', 'config']
2022-06-22 03:45:28,386 DEBUG    root            Loaded Command Group: ['gcloud', 'config', 'config_helper']
2022-06-22 03:45:28,387 DEBUG    root            Running [gcloud.config.config-helper] with arguments: [--format: "json"]
2022-06-22 03:45:28,390 INFO     root            Display format: "default json"
2022-06-22 03:45:28,390 INFO     ___FILE_ONLY___ {
  "configuration": {
    "active_configuration": "default",
    "properties": {
      "core": {
        "account": "robert@twingate.com",
        "disable_usage_reporting": "True"
      }
    }
  },
  "credential": {
    "access_token": "ya29.a0ARrdaM8gyDfVnlQKmbBXoJxZUdGo30PEZVVLI00QnkzYYFWhwQzDDl16wuTmST4EOKjFEQMsgGg92sEP56LmIX7KaEiVYZz4qCv-3cjdfTBcBa6EBr3jGFfCynQF__lLCBBpjQ3rb-PqDs8Xp5M_sxT7sxnYdu5DQJylyQ",
    "id_token": "eyJhbGciOiJSUzI1NiIsImtpZCI6IjJiMDllNzQ0ZDU4Yzk5NTVkNGYyNDBiNmE5MmY3YjM3ZmVhZDJmZjgiLCJ0eXAiOiJKV1QifQ.eyJpc3MiOiJodHRwczovL2FjY291bnRzLmdvb2dsZS5jb20iLCJhenAiOiIzMjU1NTk0MDU1OS5hcHBzLmdvb2dsZXVzZXJjb250ZW50LmNvbSIsImF1ZCI6IjMyNTU1OTQwNTU5LmFwcHMuZ29vZ2xldXNlcmNvbnRlbnQuY29tIiwic3ViIjoiMTE2MjkyNTA3MTI2MTE3NTk2NjM1IiwiaGQiOiJ0d2luZ2F0ZS5jb20iLCJlbWFpbCI6InJvYmVydEB0d2luZ2F0ZS5jb20iLCJlbWFpbF92ZXJpZmllZCI6dHJ1ZSwiYXRfaGFzaCI6InkzV2NQWkZ2ZktFZHVLYXNqamhwVWciLCJpYXQiOjE2NTU4OTMxNjYsImV4cCI6MTY1NTg5Njc2Nn0.PGnUdmUPH3q55wd8L_iGvhADEvguVGUZewgMgG10Lm6gX99IfmIQZsMg8iF3qsglYMXdYD-HUHm3L_mJwFvK4LkLI33IXlJviWdBS5fSVgaE9a3AEevbfIQhx_TC8YndvJsal_Xl0UGfRsqHrmXWqG9IqrWnv7efhi_-rI1q1EBqQU64JezZKPkz62Aeh6CB8AZsdgXEov8NUR5SPj64vXbUYqmJY218OJrueP3UPd5XL8ziMwih74Q2U5uM8YrWwKYe_DvlFbipJDGfiyh_g0v0rhnoGuMkC0alZwYAkrOjNZWAuODOxcSxKfzZsCugSL159l0-KuU1Jnn3kglB4Q",
    "token_expiry": "2022-06-22T11:19:25Z"
  },
  "sentinels": {
    "config_sentinel": "/Users/rojo/.config/gcloud/config_sentinel"
  }
}
2022-06-22 03:45:28,390 INFO     ___FILE_ONLY___ 

