2022-06-22 04:36:16,582 DEBUG    root            Loaded Command Group: ['gcloud', 'config']
2022-06-22 04:36:16,583 DEBUG    root            Loaded Command Group: ['gcloud', 'config', 'config_helper']
2022-06-22 04:36:16,584 DEBUG    root            Running [gcloud.config.config-helper] with arguments: [--format: "json"]
2022-06-22 04:36:16,587 INFO     root            Display format: "default json"
2022-06-22 04:36:16,587 INFO     ___FILE_ONLY___ {
  "configuration": {
    "active_configuration": "default",
    "properties": {
      "core": {
        "account": "robert@twingate.com",
        "disable_usage_reporting": "True"
      }
    }
  },
  "credential": {
    "access_token": "ya29.a0ARrdaM_CfCUPHYxQKIus1R0IKZKi0QGVzuQfx1gv1qU3FpGgk4Z7a4OKU62iltWIV8__0qyLBtkmINlOlFftckwfBsqplUkqtj6VXWuJNRL6KxDbI0fGWbKK8ESWngIHepepeEyGeAW6sKmVFepyIvvLVfe3l3vp9IA97g",
    "id_token": "eyJhbGciOiJSUzI1NiIsImtpZCI6IjJiMDllNzQ0ZDU4Yzk5NTVkNGYyNDBiNmE5MmY3YjM3ZmVhZDJmZjgiLCJ0eXAiOiJKV1QifQ.eyJpc3MiOiJodHRwczovL2FjY291bnRzLmdvb2dsZS5jb20iLCJhenAiOiIzMjU1NTk0MDU1OS5hcHBzLmdvb2dsZXVzZXJjb250ZW50LmNvbSIsImF1ZCI6IjMyNTU1OTQwNTU5LmFwcHMuZ29vZ2xldXNlcmNvbnRlbnQuY29tIiwic3ViIjoiMTE2MjkyNTA3MTI2MTE3NTk2NjM1IiwiaGQiOiJ0d2luZ2F0ZS5jb20iLCJlbWFpbCI6InJvYmVydEB0d2luZ2F0ZS5jb20iLCJlbWFpbF92ZXJpZmllZCI6dHJ1ZSwiYXRfaGFzaCI6IjRYNlFfWERIX3k0MWx0cXdGcFV6cFEiLCJpYXQiOjE2NTU4OTY0NzQsImV4cCI6MTY1NTkwMDA3NH0.lujuyEf6GTjdrb7INLN5SsHzviMo1422kTRjO4nfppsAQtkX-sL9zuZ_eKRzo3pVXfN5-7X2dyBcJubVjM6i2t1GO2wE2bS8zdTCtUwR2_QLbp4u4qzlfdf5QjDbXs2ADWWU2924c9HSfXQ2ai6LGcjIqxq5EeInQmBLyVm6vZjH0XtwO6JWUnqP0xCIdvoLCi0QtTxQHMeh9SZfKwyUBMPM7SFnipyczr7HUyMOsieTUnwuvxI48u9rPgQ9tn11pxZaPcPuFqJPXUt9jd0y1W9-MeVSvLaqF6b9vxS7-Zw2VXlBua214da9iqiKoLoV-IlDt8WtE2ckPyIbZYPxgA",
    "token_expiry": "2022-06-22T12:14:33Z"
  },
  "sentinels": {
    "config_sentinel": "/Users/rojo/.config/gcloud/config_sentinel"
  }
}
2022-06-22 04:36:16,587 INFO     ___FILE_ONLY___ 

