2022-06-22 05:42:15,984 DEBUG    root            Loaded Command Group: ['gcloud', 'config']
2022-06-22 05:42:15,984 DEBUG    root            Loaded Command Group: ['gcloud', 'config', 'config_helper']
2022-06-22 05:42:15,985 DEBUG    root            Running [gcloud.config.config-helper] with arguments: [--format: "json"]
2022-06-22 05:42:15,989 INFO     root            Display format: "default json"
2022-06-22 05:42:15,989 INFO     ___FILE_ONLY___ {
  "configuration": {
    "active_configuration": "default",
    "properties": {
      "core": {
        "account": "robert@twingate.com",
        "disable_usage_reporting": "True"
      }
    }
  },
  "credential": {
    "access_token": "ya29.A0ARrdaM9NYCyvWhshLHydOMOIq0CEo5wJtqUC5u_pGdR4Eqez92SeiH1iMxygyvnk3vfhte8c3a0OHgxMQ9ondMT8yjmpIHTiXyq9mVszHOvY2zpj2x_I8Q8OJKUGCufrpXabnjYFV7YdSZS0DyPWVUGxXGJXeCs8HGNwdwYUNnWUtBVEFTQVRBU0ZRRl91NjFWNF8xbjhZTGYyazBQSktQTXBydkI2QQ0173",
    "id_token": "eyJhbGciOiJSUzI1NiIsImtpZCI6IjJiMDllNzQ0ZDU4Yzk5NTVkNGYyNDBiNmE5MmY3YjM3ZmVhZDJmZjgiLCJ0eXAiOiJKV1QifQ.eyJpc3MiOiJodHRwczovL2FjY291bnRzLmdvb2dsZS5jb20iLCJhenAiOiIzMjU1NTk0MDU1OS5hcHBzLmdvb2dsZXVzZXJjb250ZW50LmNvbSIsImF1ZCI6IjMyNTU1OTQwNTU5LmFwcHMuZ29vZ2xldXNlcmNvbnRlbnQuY29tIiwic3ViIjoiMTE2MjkyNTA3MTI2MTE3NTk2NjM1IiwiaGQiOiJ0d2luZ2F0ZS5jb20iLCJlbWFpbCI6InJvYmVydEB0d2luZ2F0ZS5jb20iLCJlbWFpbF92ZXJpZmllZCI6dHJ1ZSwiYXRfaGFzaCI6IndaQU4yMUVtcS1QV0hzZG1tb3FqVmciLCJpYXQiOjE2NTU4OTk3ODYsImV4cCI6MTY1NTkwMzM4Nn0.jDye_oRdA9QDhjXoRtXr5DvrzJD-W6wGpPuh77AnXkXdYmzwGN6qqhdDTGrw6eGXB9k3EeF7zudcG4rrqrdNVXCOKYSck8OOGZ41exjXKbhe8YaCEQsJ1HVTxOXImes7D4Eow4BPnhcuuADAzNuOXHUyvbZNtr3oax1I5-cd_YxM1QP1kyT50GV6Rj3hKhpNDB7bA5t8mUIH-QYNHf6MMWWWVq29Udhy079Fs11P1p-snm6S3L5-QBIKFlqfeSe1kkbNbxxjcANnncBjYrx6exVfI6Gn88Jv_dQmRx13YJQDWLOAo3UNTdMjEkVUOZZ_gr4XhVqHoe_oyCGOFOeBnQ",
    "token_expiry": "2022-06-22T13:09:45Z"
  },
  "sentinels": {
    "config_sentinel": "/Users/rojo/.config/gcloud/config_sentinel"
  }
}
2022-06-22 05:42:15,989 INFO     ___FILE_ONLY___ 

