2022-06-22 06:28:23,462 DEBUG    root            Loaded Command Group: ['gcloud', 'config']
2022-06-22 06:28:23,463 DEBUG    root            Loaded Command Group: ['gcloud', 'config', 'config_helper']
2022-06-22 06:28:23,464 DEBUG    root            Running [gcloud.config.config-helper] with arguments: [--format: "json"]
2022-06-22 06:28:23,485 INFO     root            Display format: "default json"
2022-06-22 06:28:23,486 INFO     ___FILE_ONLY___ {
  "configuration": {
    "active_configuration": "default",
    "properties": {
      "core": {
        "account": "robert@twingate.com",
        "disable_usage_reporting": "True"
      }
    }
  },
  "credential": {
    "access_token": "ya29.a0ARrdaM_6P7MpCXvRkNh_RSLc_K5u34kxvQZ52eXvLH4ZjCwLpyyci_2oAki9BHjjm2nCx4JWVwv5tLvab2Ng5-QJYWu4H4hZbH4OyuCNPOXa-xHob5VeGWzF0-hM0ltRItroHVepNxtQ5LXja8N9bxM2ZcO1fAaRwcwFOQ",
    "id_token": "eyJhbGciOiJSUzI1NiIsImtpZCI6IjJiMDllNzQ0ZDU4Yzk5NTVkNGYyNDBiNmE5MmY3YjM3ZmVhZDJmZjgiLCJ0eXAiOiJKV1QifQ.eyJpc3MiOiJodHRwczovL2FjY291bnRzLmdvb2dsZS5jb20iLCJhenAiOiIzMjU1NTk0MDU1OS5hcHBzLmdvb2dsZXVzZXJjb250ZW50LmNvbSIsImF1ZCI6IjMyNTU1OTQwNTU5LmFwcHMuZ29vZ2xldXNlcmNvbnRlbnQuY29tIiwic3ViIjoiMTE2MjkyNTA3MTI2MTE3NTk2NjM1IiwiaGQiOiJ0d2luZ2F0ZS5jb20iLCJlbWFpbCI6InJvYmVydEB0d2luZ2F0ZS5jb20iLCJlbWFpbF92ZXJpZmllZCI6dHJ1ZSwiYXRfaGFzaCI6IjVMLVk0OUQ4TWRoOWFaRmlnMk1tc0EiLCJpYXQiOjE2NTU5MDMwOTYsImV4cCI6MTY1NTkwNjY5Nn0.Q3fMcpHeg4txuW62xi4Dc-iiZ1R686QZALFtM9UmKYd9AsSRT0ai7Glu_SQsjIuWS4ZOYMpiXZariSl70V1RapcRk9nTVOI_sgMO4J1QIgUmJV9P5qrE4Ph6WiSDVcYCdZjCqtKusU7QzXv8S7MTmwmxg-umSV0zYjDYH_yDvgJFKkAod-7ubLZbOMjzoKcfMS9jmtkXqi49iZ1XMIH-omCgb9EYioCFPBhGOsrHvSMYthXGY3iO0rFerz4JmCbG5ImAkKvz5auSpHTWuVRb4F4FjNEPbaxurU0XyHPUWQapArliju-BU3ea75BDIL4LesEm89lMkcWIRt3TEbFTZQ",
    "token_expiry": "2022-06-22T14:04:55Z"
  },
  "sentinels": {
    "config_sentinel": "/Users/rojo/.config/gcloud/config_sentinel"
  }
}
2022-06-22 06:28:23,486 INFO     ___FILE_ONLY___ 

