2022-06-22 09:22:54,916 DEBUG    root            Loaded Command Group: ['gcloud', 'config']
2022-06-22 09:22:54,917 DEBUG    root            Loaded Command Group: ['gcloud', 'config', 'config_helper']
2022-06-22 09:22:54,918 DEBUG    root            Running [gcloud.config.config-helper] with arguments: [--format: "json"]
2022-06-22 09:22:54,921 INFO     root            Display format: "default json"
2022-06-22 09:22:54,921 INFO     ___FILE_ONLY___ {
  "configuration": {
    "active_configuration": "default",
    "properties": {
      "core": {
        "account": "robert@twingate.com",
        "disable_usage_reporting": "True"
      }
    }
  },
  "credential": {
    "access_token": "ya29.a0ARrdaM9G_k4eFYrZHOV0Cf_o7h3B0xuOR89XVb0BCJki-MgsRlhzrRQr0D0LhyIl4VQnmzm4TQtYn_Walwt3sz9AbGP7Go7ZsFjKV1w0a3tkizj_lD_FOWE8WCEbhYQhIFZrmiGQsI-kVFpFeQX3Hk8Nt7GmA374ou10iA",
    "id_token": "eyJhbGciOiJSUzI1NiIsImtpZCI6IjJiMDllNzQ0ZDU4Yzk5NTVkNGYyNDBiNmE5MmY3YjM3ZmVhZDJmZjgiLCJ0eXAiOiJKV1QifQ.eyJpc3MiOiJodHRwczovL2FjY291bnRzLmdvb2dsZS5jb20iLCJhenAiOiIzMjU1NTk0MDU1OS5hcHBzLmdvb2dsZXVzZXJjb250ZW50LmNvbSIsImF1ZCI6IjMyNTU1OTQwNTU5LmFwcHMuZ29vZ2xldXNlcmNvbnRlbnQuY29tIiwic3ViIjoiMTE2MjkyNTA3MTI2MTE3NTk2NjM1IiwiaGQiOiJ0d2luZ2F0ZS5jb20iLCJlbWFpbCI6InJvYmVydEB0d2luZ2F0ZS5jb20iLCJlbWFpbF92ZXJpZmllZCI6dHJ1ZSwiYXRfaGFzaCI6IkpRRFF2OWlwWGdKTy1abE5zUXlRdVEiLCJpYXQiOjE2NTU5MTMwMjYsImV4cCI6MTY1NTkxNjYyNn0.iMD9s1-j8zHuWda54gfhAeJsNCRQc7lKIut4S96kqfGnY3005eRw9_IfeAE0dny8a8AHsfk3K1Rpqapxl5jWD3pIhqspw03pIX-xn4BP2-DaNM-Xvx7XXwgbdkaNZ50ZBl2aqmrBjknANiG1wW-pYpx5RrgtX7c54tbwx8MrBjI_4H4l1Bu-snLNGbRZGD52hC2xL2Qxu8VHxe1nmY2-Lph9lDuK66O3PGPLRjksP6oIo-RCSpXZQcv6CbwL-duZSZ2ebJX1WdVx6lCWHol5Esw_uGLLvURZFiCLcEkK548V87wCZhRGo9W2HcQbWBJm3FDCy0BWNmj7oxa69g4f9g",
    "token_expiry": "2022-06-22T16:50:25Z"
  },
  "sentinels": {
    "config_sentinel": "/Users/rojo/.config/gcloud/config_sentinel"
  }
}
2022-06-22 09:22:54,921 INFO     ___FILE_ONLY___ 

