2022-06-22 10:12:28,208 DEBUG    root            Loaded Command Group: ['gcloud', 'config']
2022-06-22 10:12:28,209 DEBUG    root            Loaded Command Group: ['gcloud', 'config', 'config_helper']
2022-06-22 10:12:28,210 DEBUG    root            Running [gcloud.config.config-helper] with arguments: [--format: "json"]
2022-06-22 10:12:28,214 INFO     root            Display format: "default json"
2022-06-22 10:12:28,214 INFO     ___FILE_ONLY___ {
  "configuration": {
    "active_configuration": "default",
    "properties": {
      "core": {
        "account": "robert@twingate.com",
        "disable_usage_reporting": "True"
      }
    }
  },
  "credential": {
    "access_token": "ya29.a0ARrdaM9OvPJsfK-ba1ILzUADgMn9yM7TUUeYq4GP9TKdsNbhTVvdxYvbm0E4kfBcYOS7yhp_drzonGeQ7omRx02XLpb7gCFy-2q9xzQTAGt3Q5hVCj0Jgl2cvWn-bCsJF2KjZUOROg_d0eAsWyHG7jfeGfjieiQF3lH7rA",
    "id_token": "eyJhbGciOiJSUzI1NiIsImtpZCI6IjJiMDllNzQ0ZDU4Yzk5NTVkNGYyNDBiNmE5MmY3YjM3ZmVhZDJmZjgiLCJ0eXAiOiJKV1QifQ.eyJpc3MiOiJodHRwczovL2FjY291bnRzLmdvb2dsZS5jb20iLCJhenAiOiIzMjU1NTk0MDU1OS5hcHBzLmdvb2dsZXVzZXJjb250ZW50LmNvbSIsImF1ZCI6IjMyNTU1OTQwNTU5LmFwcHMuZ29vZ2xldXNlcmNvbnRlbnQuY29tIiwic3ViIjoiMTE2MjkyNTA3MTI2MTE3NTk2NjM1IiwiaGQiOiJ0d2luZ2F0ZS5jb20iLCJlbWFpbCI6InJvYmVydEB0d2luZ2F0ZS5jb20iLCJlbWFpbF92ZXJpZmllZCI6dHJ1ZSwiYXRfaGFzaCI6IlZwVnFiaTg4T3RfQmtXVHhFc1RvZ1EiLCJpYXQiOjE2NTU5MTYzMzcsImV4cCI6MTY1NTkxOTkzN30.EJBV90LPYoXWhdxGoFb9OEkfy7U83wZXhXKNVpO9JblQM5IqjupKl4fcF5DCJ3szsm6XAyRW_-Yq7wNGG0zsLxL9MbzwjYMdkKaYOMgCJaLp2WpIDHjMO1cFFaNzDr7DxnYauMzMfMjbGemd9BvXakB-RJxgyLfHfZSBOjYtQ5n600JcobHmm3nIIAPht8h4KMwT4kCmfRmpYLxBGOXYOhSW-LDpk_779Fs_qLcwRu-Oo31an6TJdBKV2EcoKN4yFjAhK-I_Wv-twsh7ITHi0Qt56ICdN9zK3GNpuKXP21jAEhmd6BTcvASTPKJg6bzYondWt23vrNIWc5scn_taEw",
    "token_expiry": "2022-06-22T17:45:36Z"
  },
  "sentinels": {
    "config_sentinel": "/Users/rojo/.config/gcloud/config_sentinel"
  }
}
2022-06-22 10:12:28,214 INFO     ___FILE_ONLY___ 

