2022-06-22 10:48:52,382 DEBUG    root            Loaded Command Group: ['gcloud', 'config']
2022-06-22 10:48:52,383 DEBUG    root            Loaded Command Group: ['gcloud', 'config', 'config_helper']
2022-06-22 10:48:52,384 DEBUG    root            Running [gcloud.config.config-helper] with arguments: [--format: "json"]
2022-06-22 10:48:52,387 INFO     root            Display format: "default json"
2022-06-22 10:48:52,388 INFO     ___FILE_ONLY___ {
  "configuration": {
    "active_configuration": "default",
    "properties": {
      "core": {
        "account": "robert@twingate.com",
        "disable_usage_reporting": "True"
      }
    }
  },
  "credential": {
    "access_token": "ya29.a0ARrdaM_hiqi9r21HR9BJGYjV2scnAsbHqAsDZ0HeXQAqM40Prd97bOnwAslaWUYnFymxRFIUKDpkssG0sNImhCFfR4NgR6BjQ7ZGcrElW6lOU-iw6g7cRC1gEIOcugzoW_3OYcpyc-NeRSJ1OBJtumqQmlWEodDiDiEj1g",
    "id_token": "eyJhbGciOiJSUzI1NiIsImtpZCI6IjJiMDllNzQ0ZDU4Yzk5NTVkNGYyNDBiNmE5MmY3YjM3ZmVhZDJmZjgiLCJ0eXAiOiJKV1QifQ.eyJpc3MiOiJodHRwczovL2FjY291bnRzLmdvb2dsZS5jb20iLCJhenAiOiIzMjU1NTk0MDU1OS5hcHBzLmdvb2dsZXVzZXJjb250ZW50LmNvbSIsImF1ZCI6IjMyNTU1OTQwNTU5LmFwcHMuZ29vZ2xldXNlcmNvbnRlbnQuY29tIiwic3ViIjoiMTE2MjkyNTA3MTI2MTE3NTk2NjM1IiwiaGQiOiJ0d2luZ2F0ZS5jb20iLCJlbWFpbCI6InJvYmVydEB0d2luZ2F0ZS5jb20iLCJlbWFpbF92ZXJpZmllZCI6dHJ1ZSwiYXRfaGFzaCI6IlFFcjNGNmNzbVR2OGIzUmVYdXVucWciLCJpYXQiOjE2NTU5MTk2NDksImV4cCI6MTY1NTkyMzI0OX0.hg7-cyBps53cBV6-dIcr4Hix7etcOYlsBrzEoXVenihqU8vdwKxuoJTnaLfOoU9pn70yBx_y3wq9cH_oMHI721HWpNW5oZBbXqB8YnFh_TOW7xYK8eF7su_NjUsrBC-PgMUlQ9zqwYZr4Uh-Hmt45kPySXGtQr99LzTzGi4a2Y1ngnULj8fUv8KQlPf5PZ_rn5ldkps73xUCv6K03X6HkOIIDRvFsQ4Oso8fvv5am7K8YAZozo-AXc7uYLR4eiOpjX_Y9bD2AEmsqcJlumU_xUYxQFNmv4VZQO_kr_XebnSdyif3J5XEzCECUj9aFtPwzYDKtj6Yd0mODtV86i3Q-A",
    "token_expiry": "2022-06-22T18:40:48Z"
  },
  "sentinels": {
    "config_sentinel": "/Users/rojo/.config/gcloud/config_sentinel"
  }
}
2022-06-22 10:48:52,388 INFO     ___FILE_ONLY___ 

